<?xml version="1.0" encoding="UTF-8"?>
<coverage generated="1753153336371" clover="3.2.0">
  <project timestamp="1753153336371" name="All files">
    <metrics statements="1624" coveredstatements="563" conditionals="1787" coveredconditionals="388" methods="261" coveredmethods="71" elements="3672" coveredelements="1022" complexity="0" loc="1624" ncloc="1624" packages="1" files="12" classes="12"/>
    <file name="cognito-api.ts" path="/Users/amit/src/amazon-cognito-passwordless-auth/client/cognito-api.ts">
      <metrics statements="353" coveredstatements="43" conditionals="463" coveredconditionals="0" methods="82" coveredmethods="0"/>
      <line num="15" count="3" type="stmt"/>
      <line num="16" count="3" type="stmt"/>
      <line num="17" count="3" type="stmt"/>
      <line num="18" count="3" type="stmt"/>
      <line num="19" count="3" type="stmt"/>
      <line num="21" count="3" type="stmt"/>
      <line num="115" count="3" type="stmt"/>
      <line num="116" count="0" type="stmt"/>
      <line num="121" count="3" type="stmt"/>
      <line num="124" count="0" type="cond" truecount="0" falsecount="1"/>
      <line num="125" count="0" type="stmt"/>
      <line num="126" count="0" type="stmt"/>
      <line num="127" count="0" type="stmt"/>
      <line num="128" count="0" type="stmt"/>
      <line num="132" count="3" type="stmt"/>
      <line num="135" count="0" type="cond" truecount="0" falsecount="1"/>
      <line num="136" count="0" type="stmt"/>
      <line num="140" count="3" type="stmt"/>
      <line num="143" count="0" type="cond" truecount="0" falsecount="1"/>
      <line num="144" count="0" type="stmt"/>
      <line num="148" count="3" type="stmt"/>
      <line num="149" count="0" type="stmt"/>
      <line num="157" count="3" type="stmt"/>
      <line num="160" count="0" type="stmt"/>
      <line num="161" count="0" type="stmt"/>
      <line num="162" count="0" type="cond" truecount="0" falsecount="1"/>
      <line num="163" count="0" type="stmt"/>
      <line num="167" count="3" type="stmt"/>
      <line num="170" count="0" type="cond" truecount="0" falsecount="3"/>
      <line num="173" count="3" type="stmt"/>
      <line num="176" count="0" type="stmt"/>
      <line num="177" count="0" type="stmt"/>
      <line num="178" count="0" type="cond" truecount="0" falsecount="1"/>
      <line num="179" count="0" type="stmt"/>
      <line num="183" count="3" type="stmt"/>
      <line num="186" count="0" type="stmt"/>
      <line num="187" count="0" type="cond" truecount="0" falsecount="3"/>
      <line num="188" count="0" type="stmt"/>
      <line num="192" count="3" type="stmt"/>
      <line num="198" count="0" type="stmt"/>
      <line num="218" count="0" type="stmt"/>
      <line num="223" count="0" type="cond" truecount="0" falsecount="3"/>
      <line num="224" count="0" type="stmt"/>
      <line num="226" count="0" type="stmt"/>
      <line num="227" count="0" type="stmt"/>
      <line num="231" count="0" type="cond" truecount="0" falsecount="1"/>
      <line num="232" count="0" type="stmt"/>
      <line num="235" count="0" type="cond" truecount="0" falsecount="4"/>
      <line num="239" count="0" type="cond" truecount="0" falsecount="4"/>
      <line num="244" count="0" type="cond" truecount="0" falsecount="1"/>
      <line num="251" count="0" type="cond" truecount="0" falsecount="4"/>
      <line num="252" count="0" type="stmt"/>
      <line num="255" count="0" type="stmt"/>
      <line num="283" count="3" type="stmt"/>
      <line num="303" count="0" type="stmt"/>
      <line num="308" count="0" type="cond" truecount="0" falsecount="1"/>
      <line num="309" count="0" type="stmt"/>
      <line num="311" count="0" type="stmt"/>
      <line num="312" count="0" type="stmt"/>
      <line num="316" count="0" type="cond" truecount="0" falsecount="1"/>
      <line num="317" count="0" type="stmt"/>
      <line num="320" count="0" type="cond" truecount="0" falsecount="4"/>
      <line num="326" count="0" type="cond" truecount="0" falsecount="4"/>
      <line num="333" count="0" type="stmt"/>
      <line num="375" count="3" type="stmt"/>
      <line num="389" count="0" type="stmt"/>
      <line num="394" count="0" type="stmt"/>
      <line num="396" count="0" type="stmt"/>
      <line num="397" count="0" type="stmt"/>
      <line num="399" count="0" type="cond" truecount="0" falsecount="1"/>
      <line num="400" count="0" type="stmt"/>
      <line num="408" count="0" type="stmt"/>
      <line num="437" count="3" type="stmt"/>
      <line num="444" count="0" type="stmt"/>
      <line num="445" count="0" type="stmt"/>
      <line num="465" count="3" type="stmt"/>
      <line num="483" count="0" type="stmt"/>
      <line num="485" count="0" type="cond" truecount="0" falsecount="4"/>
      <line num="496" count="0" type="stmt"/>
      <line num="502" count="0" type="cond" truecount="0" falsecount="1"/>
      <line num="503" count="0" type="cond" truecount="0" falsecount="4"/>
      <line num="504" count="0" type="stmt"/>
      <line num="507" count="0" type="cond" truecount="0" falsecount="1"/>
      <line num="508" count="0" type="cond" truecount="0" falsecount="4"/>
      <line num="511" count="0" type="stmt"/>
      <line num="514" count="0" type="cond" truecount="0" falsecount="1"/>
      <line num="515" count="0" type="cond" truecount="0" falsecount="4"/>
      <line num="518" count="0" type="stmt"/>
      <line num="521" count="0" type="cond" truecount="0" falsecount="4"/>
      <line num="522" count="0" type="cond" truecount="0" falsecount="4"/>
      <line num="532" count="0" type="stmt"/>
      <line num="533" count="0" type="stmt"/>
      <line num="551" count="0" type="stmt"/>
      <line num="552" count="0" type="stmt"/>
      <line num="554" count="0" type="stmt"/>
      <line num="557" count="0" type="cond" truecount="0" falsecount="3"/>
      <line num="558" count="0" type="cond" truecount="0" falsecount="4"/>
      <line num="559" count="0" type="stmt"/>
      <line num="562" count="0" type="cond" truecount="0" falsecount="1"/>
      <line num="563" count="0" type="cond" truecount="0" falsecount="4"/>
      <line num="566" count="0" type="stmt"/>
      <line num="570" count="0" type="stmt"/>
      <line num="582" count="0" type="cond" truecount="0" falsecount="3"/>
      <line num="583" count="0" type="cond" truecount="0" falsecount="4"/>
      <line num="584" count="0" type="stmt"/>
      <line num="589" count="0" type="cond" truecount="0" falsecount="3"/>
      <line num="590" count="0" type="cond" truecount="0" falsecount="4"/>
      <line num="591" count="0" type="stmt"/>
      <line num="596" count="0" type="cond" truecount="0" falsecount="3"/>
      <line num="597" count="0" type="cond" truecount="0" falsecount="4"/>
      <line num="598" count="0" type="stmt"/>
      <line num="603" count="0" type="cond" truecount="0" falsecount="3"/>
      <line num="604" count="0" type="cond" truecount="0" falsecount="4"/>
      <line num="605" count="0" type="stmt"/>
      <line num="611" count="0" type="stmt"/>
      <line num="622" count="0" type="cond" truecount="0" falsecount="4"/>
      <line num="633" count="0" type="stmt"/>
      <line num="635" count="0" type="cond" truecount="0" falsecount="4"/>
      <line num="638" count="0" type="cond" truecount="0" falsecount="4"/>
      <line num="641" count="0" type="stmt"/>
      <line num="645" count="3" type="stmt"/>
      <line num="652" count="0" type="stmt"/>
      <line num="653" count="0" type="stmt"/>
      <line num="654" count="0" type="cond" truecount="0" falsecount="4"/>
      <line num="655" count="0" type="cond" truecount="0" falsecount="1"/>
      <line num="656" count="0" type="stmt"/>
      <line num="658" count="0" type="stmt"/>
      <line num="659" count="0" type="stmt"/>
      <line num="677" count="0" type="stmt"/>
      <line num="686" count="3" type="stmt"/>
      <line num="693" count="0" type="stmt"/>
      <line num="694" count="0" type="cond" truecount="0" falsecount="8"/>
      <line num="695" count="0" type="stmt"/>
      <line num="713" count="0" type="stmt"/>
      <line num="716" count="3" type="stmt"/>
      <line num="723" count="0" type="stmt"/>
      <line num="724" count="0" type="stmt"/>
      <line num="725" count="0" type="cond" truecount="0" falsecount="4"/>
      <line num="726" count="0" type="cond" truecount="0" falsecount="1"/>
      <line num="727" count="0" type="stmt"/>
      <line num="729" count="0" type="stmt"/>
      <line num="730" count="0" type="stmt"/>
      <line num="750" count="0" type="stmt"/>
      <line num="754" count="3" type="stmt"/>
      <line num="779" count="0" type="stmt"/>
      <line num="784" count="0" type="stmt"/>
      <line num="786" count="0" type="stmt"/>
      <line num="787" count="0" type="stmt"/>
      <line num="789" count="0" type="cond" truecount="0" falsecount="1"/>
      <line num="790" count="0" type="stmt"/>
      <line num="793" count="0" type="cond" truecount="0" falsecount="4"/>
      <line num="797" count="0" type="cond" truecount="0" falsecount="4"/>
      <line num="800" count="0" type="stmt"/>
      <line num="816" count="0" type="stmt"/>
      <line num="822" count="0" type="stmt"/>
      <line num="838" count="3" type="stmt"/>
      <line num="849" count="0" type="stmt"/>
      <line num="850" count="0" type="cond" truecount="0" falsecount="8"/>
      <line num="851" count="0" type="stmt"/>
      <line num="866" count="0" type="stmt"/>
      <line num="876" count="3" type="stmt"/>
      <line num="887" count="0" type="stmt"/>
      <line num="888" count="0" type="cond" truecount="0" falsecount="8"/>
      <line num="889" count="0" type="stmt"/>
      <line num="911" count="3" type="stmt"/>
      <line num="922" count="0" type="stmt"/>
      <line num="923" count="0" type="cond" truecount="0" falsecount="8"/>
      <line num="924" count="0" type="stmt"/>
      <line num="945" count="3" type="stmt"/>
      <line num="956" count="0" type="stmt"/>
      <line num="957" count="0" type="cond" truecount="0" falsecount="8"/>
      <line num="958" count="0" type="stmt"/>
      <line num="986" count="3" type="stmt"/>
      <line num="1021" count="0" type="stmt"/>
      <line num="1024" count="0" type="cond" truecount="0" falsecount="4"/>
      <line num="1026" count="0" type="stmt"/>
      <line num="1028" count="0" type="stmt"/>
      <line num="1029" count="0" type="cond" truecount="0" falsecount="1"/>
      <line num="1030" count="0" type="stmt"/>
      <line num="1033" count="0" type="cond" truecount="0" falsecount="6"/>
      <line num="1034" count="0" type="stmt"/>
      <line num="1036" count="0" type="cond" truecount="0" falsecount="4"/>
      <line num="1037" count="0" type="cond" truecount="0" falsecount="5"/>
      <line num="1039" count="0" type="stmt"/>
      <line num="1040" count="0" type="cond" truecount="0" falsecount="4"/>
      <line num="1043" count="0" type="stmt"/>
      <line num="1063" count="0" type="stmt"/>
      <line num="1064" count="0" type="cond" truecount="0" falsecount="2"/>
      <line num="1065" count="0" type="cond" truecount="0" falsecount="1"/>
      <line num="1066" count="0" type="stmt"/>
      <line num="1067" count="0" type="cond" truecount="0" falsecount="2"/>
      <line num="1068" count="0" type="cond" truecount="0" falsecount="1"/>
      <line num="1069" count="0" type="stmt"/>
      <line num="1070" count="0" type="cond" truecount="0" falsecount="2"/>
      <line num="1071" count="0" type="cond" truecount="0" falsecount="1"/>
      <line num="1072" count="0" type="stmt"/>
      <line num="1073" count="0" type="stmt"/>
      <line num="1074" count="0" type="cond" truecount="0" falsecount="2"/>
      <line num="1075" count="0" type="cond" truecount="0" falsecount="1"/>
      <line num="1076" count="0" type="stmt"/>
      <line num="1079" count="0" type="cond" truecount="0" falsecount="4"/>
      <line num="1082" count="0" type="cond" truecount="0" falsecount="2"/>
      <line num="1083" count="0" type="stmt"/>
      <line num="1085" count="0" type="cond" truecount="0" falsecount="4"/>
      <line num="1088" count="0" type="cond" truecount="0" falsecount="1"/>
      <line num="1089" count="0" type="stmt"/>
      <line num="1090" count="0" type="cond" truecount="0" falsecount="1"/>
      <line num="1091" count="0" type="stmt"/>
      <line num="1095" count="0" type="stmt"/>
      <line num="1098" count="0" type="stmt"/>
      <line num="1101" count="0" type="stmt"/>
      <line num="1102" count="0" type="stmt"/>
      <line num="1103" count="0" type="cond" truecount="0" falsecount="2"/>
      <line num="1105" count="0" type="stmt"/>
      <line num="1106" count="0" type="stmt"/>
      <line num="1107" count="0" type="stmt"/>
      <line num="1109" count="0" type="cond" truecount="0" falsecount="4"/>
      <line num="1110" count="0" type="cond" truecount="0" falsecount="4"/>
      <line num="1115" count="0" type="cond" truecount="0" falsecount="1"/>
      <line num="1116" count="0" type="stmt"/>
      <line num="1117" count="0" type="cond" truecount="0" falsecount="1"/>
      <line num="1118" count="0" type="stmt"/>
      <line num="1122" count="0" type="stmt"/>
      <line num="1125" count="0" type="stmt"/>
      <line num="1130" count="0" type="stmt"/>
      <line num="1131" count="0" type="stmt"/>
      <line num="1133" count="0" type="stmt"/>
      <line num="1135" count="0" type="stmt"/>
      <line num="1137" count="0" type="stmt"/>
      <line num="1139" count="0" type="cond" truecount="0" falsecount="4"/>
      <line num="1140" count="0" type="stmt"/>
      <line num="1150" count="0" type="cond" truecount="0" falsecount="4"/>
      <line num="1151" count="0" type="stmt"/>
      <line num="1162" count="0" type="stmt"/>
      <line num="1163" count="0" type="stmt"/>
      <line num="1164" count="0" type="stmt"/>
      <line num="1165" count="0" type="cond" truecount="0" falsecount="2"/>
      <line num="1166" count="0" type="stmt"/>
      <line num="1168" count="0" type="stmt"/>
      <line num="1170" count="0" type="stmt"/>
      <line num="1177" count="0" type="stmt"/>
      <line num="1178" count="0" type="stmt"/>
      <line num="1179" count="0" type="stmt"/>
      <line num="1180" count="0" type="stmt"/>
      <line num="1184" count="0" type="stmt"/>
      <line num="1185" count="0" type="cond" truecount="0" falsecount="8"/>
      <line num="1186" count="0" type="cond" truecount="0" falsecount="1"/>
      <line num="1187" count="0" type="stmt"/>
      <line num="1189" count="0" type="stmt"/>
      <line num="1196" count="0" type="stmt"/>
      <line num="1201" count="0" type="stmt"/>
      <line num="1227" count="3" type="stmt"/>
      <line num="1237" count="0" type="stmt"/>
      <line num="1242" count="0" type="stmt"/>
      <line num="1244" count="0" type="stmt"/>
      <line num="1245" count="0" type="stmt"/>
      <line num="1247" count="0" type="cond" truecount="0" falsecount="1"/>
      <line num="1248" count="0" type="stmt"/>
      <line num="1256" count="0" type="stmt"/>
      <line num="1281" count="0" type="stmt"/>
      <line num="1294" count="3" type="stmt"/>
      <line num="1304" count="0" type="stmt"/>
      <line num="1309" count="0" type="stmt"/>
      <line num="1311" count="0" type="stmt"/>
      <line num="1312" count="0" type="stmt"/>
      <line num="1314" count="0" type="cond" truecount="0" falsecount="1"/>
      <line num="1315" count="0" type="stmt"/>
      <line num="1323" count="0" type="stmt"/>
      <line num="1347" count="0" type="stmt"/>
      <line num="1362" count="3" type="stmt"/>
      <line num="1376" count="0" type="stmt"/>
      <line num="1381" count="0" type="stmt"/>
      <line num="1383" count="0" type="stmt"/>
      <line num="1384" count="0" type="stmt"/>
      <line num="1386" count="0" type="cond" truecount="0" falsecount="1"/>
      <line num="1387" count="0" type="stmt"/>
      <line num="1395" count="0" type="stmt"/>
      <line num="1434" count="3" type="stmt"/>
      <line num="1445" count="0" type="stmt"/>
      <line num="1447" count="0" type="stmt"/>
      <line num="1478" count="3" type="stmt"/>
      <line num="1487" count="0" type="stmt"/>
      <line num="1489" count="0" type="cond" truecount="0" falsecount="5"/>
      <line num="1490" count="0" type="stmt"/>
      <line num="1495" count="0" type="stmt"/>
      <line num="1513" count="3" type="stmt"/>
      <line num="1522" count="0" type="stmt"/>
      <line num="1524" count="0" type="cond" truecount="0" falsecount="3"/>
      <line num="1525" count="0" type="stmt"/>
      <line num="1528" count="0" type="stmt"/>
      <line num="1548" count="0" type="stmt"/>
      <line num="1563" count="3" type="stmt"/>
      <line num="1576" count="0" type="stmt"/>
      <line num="1578" count="0" type="cond" truecount="0" falsecount="3"/>
      <line num="1579" count="0" type="stmt"/>
      <line num="1582" count="0" type="stmt"/>
      <line num="1603" count="0" type="stmt"/>
      <line num="1613" count="3" type="cond" truecount="0" falsecount="1"/>
      <line num="1618" count="0" type="stmt"/>
      <line num="1620" count="0" type="cond" truecount="0" falsecount="5"/>
      <line num="1621" count="0" type="stmt"/>
      <line num="1626" count="0" type="stmt"/>
      <line num="1641" count="3" type="stmt"/>
      <line num="1650" count="0" type="stmt"/>
      <line num="1652" count="0" type="cond" truecount="0" falsecount="5"/>
      <line num="1653" count="0" type="stmt"/>
      <line num="1658" count="0" type="stmt"/>
      <line num="1678" count="3" type="stmt"/>
      <line num="1694" count="0" type="stmt"/>
      <line num="1696" count="0" type="cond" truecount="0" falsecount="4"/>
      <line num="1697" count="0" type="cond" truecount="0" falsecount="4"/>
      <line num="1698" count="0" type="cond" truecount="0" falsecount="6"/>
      <line num="1701" count="0" type="cond" truecount="0" falsecount="1"/>
      <line num="1702" count="0" type="cond" truecount="0" falsecount="4"/>
      <line num="1706" count="0" type="stmt"/>
      <line num="1709" count="0" type="stmt"/>
      <line num="1710" count="0" type="cond" truecount="0" falsecount="3"/>
      <line num="1711" count="0" type="cond" truecount="0" falsecount="4"/>
      <line num="1712" count="0" type="stmt"/>
      <line num="1716" count="0" type="cond" truecount="0" falsecount="1"/>
      <line num="1721" count="0" type="cond" truecount="0" falsecount="4"/>
      <line num="1725" count="0" type="stmt"/>
      <line num="1729" count="0" type="cond" truecount="0" falsecount="4"/>
      <line num="1733" count="0" type="cond" truecount="0" falsecount="4"/>
      <line num="1738" count="0" type="stmt"/>
      <line num="1739" count="0" type="cond" truecount="0" falsecount="4"/>
      <line num="1743" count="0" type="stmt"/>
      <line num="1753" count="0" type="cond" truecount="0" falsecount="4"/>
      <line num="1765" count="0" type="stmt"/>
      <line num="1782" count="0" type="stmt"/>
      <line num="1783" count="0" type="stmt"/>
      <line num="1785" count="0" type="stmt"/>
      <line num="1787" count="0" type="cond" truecount="0" falsecount="4"/>
      <line num="1788" count="0" type="cond" truecount="0" falsecount="4"/>
      <line num="1790" count="0" type="stmt"/>
      <line num="1792" count="0" type="cond" truecount="0" falsecount="4"/>
      <line num="1795" count="0" type="cond" truecount="0" falsecount="2"/>
      <line num="1796" count="0" type="cond" truecount="0" falsecount="4"/>
      <line num="1798" count="0" type="stmt"/>
      <line num="1813" count="3" type="stmt"/>
      <line num="1824" count="0" type="stmt"/>
      <line num="1826" count="0" type="stmt"/>
      <line num="1857" count="3" type="stmt"/>
      <line num="1868" count="0" type="stmt"/>
      <line num="1870" count="0" type="stmt"/>
      <line num="1890" count="0" type="stmt"/>
      <line num="1902" count="3" type="stmt"/>
      <line num="1911" count="0" type="stmt"/>
      <line num="1913" count="0" type="stmt"/>
      <line num="1932" count="0" type="stmt"/>
      <line num="1944" count="3" type="stmt"/>
      <line num="1953" count="0" type="stmt"/>
      <line num="1955" count="0" type="stmt"/>
    </file>
    <file name="cognito-security.ts" path="/Users/amit/src/amazon-cognito-passwordless-auth/client/cognito-security.ts">
      <metrics statements="71" coveredstatements="16" conditionals="57" coveredconditionals="6" methods="14" coveredmethods="5"/>
      <line num="15" count="3" type="stmt"/>
      <line num="29" count="3" type="stmt"/>
      <line num="30" count="3" type="cond" truecount="2" falsecount="0"/>
      <line num="33" count="3" type="stmt"/>
      <line num="34" count="0" type="cond" truecount="0" falsecount="2"/>
      <line num="36" count="3" type="stmt"/>
      <line num="37" count="0" type="cond" truecount="0" falsecount="2"/>
      <line num="42" count="3" type="stmt"/>
      <line num="44" count="3" type="stmt"/>
      <line num="45" count="3" type="stmt"/>
      <line num="46" count="3" type="stmt"/>
      <line num="55" count="3" type="cond" truecount="1" falsecount="0"/>
      <line num="56" count="3" type="stmt"/>
      <line num="58" count="3" type="stmt"/>
      <line num="65" count="3" type="cond" truecount="2" falsecount="1"/>
      <line num="66" count="0" type="stmt"/>
      <line num="69" count="3" type="stmt"/>
      <line num="70" count="0" type="stmt"/>
      <line num="72" count="0" type="cond" truecount="0" falsecount="1"/>
      <line num="73" count="0" type="cond" truecount="0" falsecount="4"/>
      <line num="76" count="0" type="stmt"/>
      <line num="80" count="0" type="cond" truecount="0" falsecount="1"/>
      <line num="81" count="0" type="stmt"/>
      <line num="82" count="0" type="stmt"/>
      <line num="83" count="0" type="cond" truecount="0" falsecount="4"/>
      <line num="86" count="0" type="stmt"/>
      <line num="89" count="0" type="stmt"/>
      <line num="91" count="0" type="stmt"/>
      <line num="92" count="0" type="cond" truecount="0" falsecount="2"/>
      <line num="94" count="0" type="stmt"/>
      <line num="95" count="0" type="stmt"/>
      <line num="96" count="0" type="cond" truecount="0" falsecount="4"/>
      <line num="100" count="0" type="stmt"/>
      <line num="101" count="0" type="cond" truecount="0" falsecount="1"/>
      <line num="102" count="0" type="stmt"/>
      <line num="106" count="0" type="stmt"/>
      <line num="107" count="0" type="stmt"/>
      <line num="108" count="0" type="stmt"/>
      <line num="111" count="0" type="stmt"/>
      <line num="112" count="0" type="stmt"/>
      <line num="113" count="0" type="stmt"/>
      <line num="114" count="0" type="stmt"/>
      <line num="115" count="0" type="cond" truecount="0" falsecount="4"/>
      <line num="118" count="0" type="stmt"/>
      <line num="121" count="0" type="stmt"/>
      <line num="122" count="0" type="stmt"/>
      <line num="125" count="0" type="cond" truecount="0" falsecount="4"/>
      <line num="126" count="0" type="stmt"/>
      <line num="131" count="0" type="stmt"/>
      <line num="134" count="0" type="stmt"/>
      <line num="135" count="0" type="stmt"/>
      <line num="136" count="0" type="stmt"/>
      <line num="140" count="0" type="stmt"/>
      <line num="142" count="0" type="cond" truecount="0" falsecount="4"/>
      <line num="147" count="0" type="stmt"/>
      <line num="155" count="0" type="stmt"/>
      <line num="156" count="0" type="stmt"/>
      <line num="158" count="0" type="cond" truecount="0" falsecount="1"/>
      <line num="159" count="0" type="cond" truecount="0" falsecount="4"/>
      <line num="162" count="0" type="stmt"/>
      <line num="165" count="0" type="cond" truecount="0" falsecount="4"/>
      <line num="166" count="0" type="cond" truecount="0" falsecount="4"/>
      <line num="169" count="0" type="stmt"/>
      <line num="172" count="0" type="stmt"/>
      <line num="173" count="0" type="stmt"/>
      <line num="179" count="0" type="cond" truecount="0" falsecount="4"/>
      <line num="183" count="0" type="stmt"/>
      <line num="191" count="0" type="stmt"/>
      <line num="192" count="0" type="stmt"/>
      <line num="197" count="3" type="cond" truecount="1" falsecount="0"/>
      <line num="199" count="3" type="stmt"/>
    </file>
    <file name="common.ts" path="/Users/amit/src/amazon-cognito-passwordless-auth/client/common.ts">
      <metrics statements="143" coveredstatements="76" conditionals="243" coveredconditionals="81" methods="16" coveredmethods="10"/>
      <line num="15" count="3" type="stmt"/>
      <line num="16" count="3" type="stmt"/>
      <line num="17" count="3" type="stmt"/>
      <line num="23" count="3" type="stmt"/>
      <line num="30" count="3" type="stmt"/>
      <line num="31" count="3" type="stmt"/>
      <line num="32" count="3" type="stmt"/>
      <line num="33" count="3" type="stmt"/>
      <line num="37" count="3" type="stmt"/>
      <line num="40" count="3" type="stmt"/>
      <line num="44" count="3" type="stmt"/>
      <line num="69" count="2" type="stmt"/>
      <line num="71" count="2" type="cond" truecount="3" falsecount="1"/>
      <line num="74" count="2" type="stmt"/>
      <line num="83" count="2" type="cond" truecount="3" falsecount="1"/>
      <line num="96" count="2" type="cond" truecount="1" falsecount="1"/>
      <line num="100" count="0" type="cond" truecount="0" falsecount="4"/>
      <line num="106" count="0" type="cond" truecount="0" falsecount="2"/>
      <line num="113" count="0" type="cond" truecount="0" falsecount="4"/>
      <line num="117" count="0" type="stmt"/>
      <line num="120" count="0" type="stmt"/>
      <line num="124" count="0" type="cond" truecount="0" falsecount="4"/>
      <line num="128" count="0" type="cond" truecount="0" falsecount="4"/>
      <line num="134" count="0" type="cond" truecount="0" falsecount="4"/>
      <line num="138" count="0" type="stmt"/>
      <line num="143" count="2" type="cond" truecount="1" falsecount="1"/>
      <line num="144" count="0" type="stmt"/>
      <line num="145" count="0" type="cond" truecount="0" falsecount="8"/>
      <line num="146" count="0" type="cond" truecount="0" falsecount="4"/>
      <line num="150" count="2" type="cond" truecount="3" falsecount="1"/>
      <line num="156" count="2" type="cond" truecount="3" falsecount="1"/>
      <line num="159" count="2" type="stmt"/>
      <line num="160" count="2" type="cond" truecount="3" falsecount="1"/>
      <line num="171" count="2" type="cond" truecount="3" falsecount="1"/>
      <line num="173" count="2" type="stmt"/>
      <line num="176" count="2" type="stmt"/>
      <line num="179" count="2" type="cond" truecount="1" falsecount="0"/>
      <line num="183" count="1" type="cond" truecount="3" falsecount="1"/>
      <line num="186" count="1" type="stmt"/>
      <line num="190" count="1" type="cond" truecount="3" falsecount="2"/>
      <line num="191" count="0" type="stmt"/>
      <line num="192" count="0" type="stmt"/>
      <line num="195" count="1" type="stmt"/>
      <line num="198" count="1" type="cond" truecount="0" falsecount="1"/>
      <line num="199" count="0" type="stmt"/>
      <line num="202" count="0" type="stmt"/>
      <line num="204" count="0" type="cond" truecount="0" falsecount="1"/>
      <line num="205" count="0" type="stmt"/>
      <line num="213" count="1" type="stmt"/>
      <line num="219" count="1" type="stmt"/>
      <line num="220" count="1" type="cond" truecount="3" falsecount="1"/>
      <line num="221" count="1" type="stmt"/>
      <line num="225" count="0" type="cond" truecount="0" falsecount="1"/>
      <line num="226" count="0" type="stmt"/>
      <line num="228" count="0" type="cond" truecount="0" falsecount="1"/>
      <line num="231" count="0" type="stmt"/>
      <line num="234" count="0" type="cond" truecount="0" falsecount="4"/>
      <line num="236" count="0" type="cond" truecount="0" falsecount="1"/>
      <line num="237" count="0" type="stmt"/>
      <line num="242" count="1" type="cond" truecount="1" falsecount="1"/>
      <line num="244" count="1" type="stmt"/>
      <line num="247" count="0" type="cond" truecount="0" falsecount="4"/>
      <line num="250" count="0" type="stmt"/>
      <line num="253" count="0" type="cond" truecount="0" falsecount="4"/>
      <line num="258" count="1" type="cond" truecount="3" falsecount="1"/>
      <line num="259" count="1" type="stmt"/>
      <line num="266" count="3" type="stmt"/>
      <line num="270" count="2" type="stmt"/>
      <line num="273" count="2" type="stmt"/>
      <line num="274" count="2" type="cond" truecount="0" falsecount="1"/>
      <line num="276" count="0" type="stmt"/>
      <line num="277" count="0" type="stmt"/>
      <line num="280" count="0" type="stmt"/>
      <line num="282" count="0" type="cond" truecount="0" falsecount="4"/>
      <line num="287" count="2" type="cond" truecount="0" falsecount="1"/>
      <line num="288" count="0" type="stmt"/>
      <line num="291" count="2" type="stmt"/>
      <line num="293" count="2" type="cond" truecount="3" falsecount="1"/>
      <line num="295" count="2" type="stmt"/>
      <line num="296" count="2" type="stmt"/>
      <line num="298" count="2" type="stmt"/>
      <line num="303" count="0" type="cond" truecount="0" falsecount="1"/>
      <line num="304" count="0" type="cond" truecount="0" falsecount="4"/>
      <line num="307" count="0" type="stmt"/>
      <line num="311" count="0" type="stmt"/>
      <line num="320" count="3" type="stmt"/>
      <line num="326" count="2" type="stmt"/>
      <line num="327" count="2" type="cond" truecount="3" falsecount="1"/>
      <line num="328" count="2" type="cond" truecount="1" falsecount="2"/>
      <line num="329" count="0" type="cond" truecount="0" falsecount="4"/>
      <line num="333" count="2" type="cond" truecount="3" falsecount="1"/>
      <line num="334" count="2" type="stmt"/>
      <line num="336" count="2" type="stmt"/>
      <line num="339" count="2" type="stmt"/>
      <line num="341" count="2" type="stmt"/>
      <line num="342" count="2" type="cond" truecount="4" falsecount="0"/>
      <line num="343" count="2" type="cond" truecount="2" falsecount="0"/>
      <line num="347" count="2" type="stmt"/>
      <line num="348" count="1" type="stmt"/>
      <line num="349" count="1" type="cond" truecount="3" falsecount="1"/>
      <line num="352" count="1" type="cond" truecount="0" falsecount="1"/>
      <line num="353" count="0" type="stmt"/>
      <line num="354" count="0" type="cond" truecount="0" falsecount="1"/>
      <line num="355" count="0" type="cond" truecount="0" falsecount="4"/>
      <line num="356" count="0" type="stmt"/>
      <line num="357" count="0" type="stmt"/>
      <line num="361" count="1" type="stmt"/>
      <line num="362" count="1" type="cond" truecount="0" falsecount="1"/>
      <line num="363" count="0" type="cond" truecount="0" falsecount="4"/>
      <line num="364" count="0" type="cond" truecount="0" falsecount="6"/>
      <line num="365" count="0" type="stmt"/>
      <line num="367" count="1" type="cond" truecount="1" falsecount="0"/>
      <line num="368" count="1" type="cond" truecount="3" falsecount="1"/>
      <line num="369" count="1" type="cond" truecount="6" falsecount="2"/>
      <line num="370" count="1" type="cond" truecount="3" falsecount="1"/>
      <line num="371" count="1" type="stmt"/>
      <line num="373" count="0" type="stmt"/>
      <line num="374" count="0" type="stmt"/>
      <line num="375" count="0" type="stmt"/>
      <line num="394" count="0" type="cond" truecount="0" falsecount="8"/>
      <line num="396" count="0" type="cond" truecount="0" falsecount="1"/>
      <line num="401" count="0" type="stmt"/>
      <line num="402" count="0" type="stmt"/>
      <line num="403" count="0" type="stmt"/>
      <line num="407" count="0" type="cond" truecount="0" falsecount="4"/>
      <line num="409" count="0" type="cond" truecount="0" falsecount="4"/>
      <line num="416" count="0" type="cond" truecount="0" falsecount="4"/>
      <line num="418" count="0" type="cond" truecount="0" falsecount="1"/>
      <line num="419" count="0" type="cond" truecount="0" falsecount="4"/>
      <line num="420" count="0" type="cond" truecount="0" falsecount="6"/>
      <line num="421" count="0" type="stmt"/>
      <line num="424" count="2" type="cond" truecount="1" falsecount="0"/>
      <line num="425" count="1" type="cond" truecount="3" falsecount="1"/>
      <line num="426" count="1" type="stmt"/>
      <line num="428" count="0" type="stmt"/>
      <line num="429" count="0" type="cond" truecount="0" falsecount="4"/>
      <line num="430" count="0" type="stmt"/>
      <line num="435" count="0" type="cond" truecount="0" falsecount="4"/>
      <line num="436" count="0" type="stmt"/>
      <line num="438" count="1" type="cond" truecount="3" falsecount="1"/>
      <line num="439" count="1" type="stmt"/>
      <line num="441" count="2" type="stmt"/>
      <line num="443" count="0" type="stmt"/>
    </file>
    <file name="config.ts" path="/Users/amit/src/amazon-cognito-passwordless-auth/client/config.ts">
      <metrics statements="66" coveredstatements="31" conditionals="110" coveredconditionals="57" methods="22" coveredmethods="8"/>
      <line num="16" count="4" type="stmt"/>
      <line num="159" count="4" type="stmt"/>
      <line num="160" count="4" type="stmt"/>
      <line num="161" count="215" type="cond" truecount="2" falsecount="0"/>
      <line num="163" count="9" type="cond" truecount="1" falsecount="5"/>
      <line num="164" count="9" type="cond" truecount="0" falsecount="1"/>
      <line num="165" count="0" type="stmt"/>
      <line num="171" count="9" type="stmt"/>
      <line num="172" count="9" type="cond" truecount="0" falsecount="1"/>
      <line num="176" count="0" type="stmt"/>
      <line num="180" count="9" type="cond" truecount="4" falsecount="0"/>
      <line num="182" count="9" type="stmt"/>
      <line num="205" count="0" type="stmt"/>
      <line num="210" count="9" type="cond" truecount="0" falsecount="1"/>
      <line num="211" count="0" type="stmt"/>
      <line num="217" count="0" type="cond" truecount="0" falsecount="4"/>
      <line num="221" count="9" type="cond" truecount="4" falsecount="0"/>
      <line num="223" count="206" type="cond" truecount="1" falsecount="0"/>
      <line num="224" count="3" type="stmt"/>
      <line num="227" count="212" type="stmt"/>
      <line num="232" count="2" type="cond" truecount="1" falsecount="1"/>
      <line num="235" count="2" type="stmt"/>
      <line num="238" count="4" type="stmt"/>
      <line num="239" count="0" type="stmt"/>
      <line num="240" count="0" type="cond" truecount="0" falsecount="8"/>
      <line num="241" count="0" type="stmt"/>
      <line num="242" count="0" type="stmt"/>
      <line num="248" count="4" type="stmt"/>
      <line num="249" count="2" type="stmt"/>
      <line num="250" count="2" type="cond" truecount="6" falsecount="2"/>
      <line num="251" count="2" type="stmt"/>
      <line num="252" count="2" type="stmt"/>
      <line num="258" count="4" type="stmt"/>
      <line num="259" count="0" type="stmt"/>
      <line num="260" count="0" type="stmt"/>
      <line num="261" count="0" type="cond" truecount="0" falsecount="2"/>
      <line num="272" count="4" type="stmt"/>
      <line num="275" count="0" type="cond" truecount="0" falsecount="2"/>
      <line num="280" count="0" type="cond" truecount="0" falsecount="1"/>
      <line num="281" count="0" type="stmt"/>
      <line num="285" count="0" type="cond" truecount="0" falsecount="1"/>
      <line num="286" count="0" type="stmt"/>
      <line num="290" count="0" type="cond" truecount="0" falsecount="1"/>
      <line num="291" count="0" type="stmt"/>
      <line num="295" count="0" type="stmt"/>
      <line num="300" count="0" type="stmt"/>
      <line num="304" count="0" type="stmt"/>
      <line num="325" count="0" type="cond" truecount="0" falsecount="3"/>
      <line num="331" count="0" type="stmt"/>
      <line num="334" count="0" type="stmt"/>
      <line num="337" count="0" type="stmt"/>
      <line num="340" count="0" type="stmt"/>
      <line num="344" count="4" type="stmt"/>
      <line num="348" count="0" type="stmt"/>
      <line num="349" count="0" type="stmt"/>
      <line num="351" count="0" type="stmt"/>
      <line num="354" count="0" type="stmt"/>
      <line num="359" count="8" type="cond" truecount="1" falsecount="1"/>
      <line num="364" count="9" type="cond" truecount="1" falsecount="0"/>
      <line num="365" count="0" type="stmt"/>
      <line num="368" count="8" type="cond" truecount="1" falsecount="0"/>
      <line num="369" count="0" type="stmt"/>
      <line num="372" count="9" type="cond" truecount="1" falsecount="0"/>
      <line num="373" count="0" type="stmt"/>
      <line num="376" count="9" type="cond" truecount="1" falsecount="0"/>
      <line num="377" count="0" type="stmt"/>
    </file>
    <file name="device.ts" path="/Users/amit/src/amazon-cognito-passwordless-auth/client/device.ts">
      <metrics statements="122" coveredstatements="7" conditionals="179" coveredconditionals="0" methods="9" coveredmethods="0"/>
      <line num="15" count="3" type="stmt"/>
      <line num="17" count="3" type="stmt"/>
      <line num="18" count="3" type="stmt"/>
      <line num="30" count="3" type="stmt"/>
      <line num="35" count="3" type="stmt"/>
      <line num="39" count="0" type="cond" truecount="0" falsecount="1"/>
      <line num="40" count="0" type="stmt"/>
      <line num="43" count="0" type="stmt"/>
      <line num="46" count="0" type="stmt"/>
      <line num="47" count="0" type="cond" truecount="0" falsecount="2"/>
      <line num="48" count="0" type="cond" truecount="0" falsecount="2"/>
      <line num="49" count="0" type="cond" truecount="0" falsecount="2"/>
      <line num="50" count="0" type="cond" truecount="0" falsecount="2"/>
      <line num="51" count="0" type="cond" truecount="0" falsecount="2"/>
      <line num="52" count="0" type="cond" truecount="0" falsecount="1"/>
      <line num="55" count="0" type="stmt"/>
      <line num="56" count="0" type="cond" truecount="0" falsecount="4"/>
      <line num="57" count="0" type="cond" truecount="0" falsecount="2"/>
      <line num="58" count="0" type="cond" truecount="0" falsecount="4"/>
      <line num="59" count="0" type="cond" truecount="0" falsecount="1"/>
      <line num="61" count="0" type="cond" truecount="0" falsecount="2"/>
      <line num="69" count="0" type="stmt"/>
      <line num="71" count="0" type="stmt"/>
      <line num="72" count="0" type="stmt"/>
      <line num="73" count="0" type="stmt"/>
      <line num="89" count="0" type="stmt"/>
      <line num="92" count="0" type="stmt"/>
      <line num="93" count="0" type="stmt"/>
      <line num="95" count="0" type="stmt"/>
      <line num="96" count="0" type="stmt"/>
      <line num="99" count="0" type="stmt"/>
      <line num="100" count="0" type="stmt"/>
      <line num="106" count="0" type="stmt"/>
      <line num="107" count="0" type="stmt"/>
      <line num="112" count="0" type="stmt"/>
      <line num="115" count="0" type="stmt"/>
      <line num="118" count="0" type="stmt"/>
      <line num="119" count="0" type="stmt"/>
      <line num="122" count="0" type="stmt"/>
      <line num="123" count="0" type="stmt"/>
      <line num="125" count="0" type="stmt"/>
      <line num="142" count="3" type="stmt"/>
      <line num="165" count="0" type="stmt"/>
      <line num="167" count="0" type="stmt"/>
      <line num="168" count="0" type="cond" truecount="0" falsecount="3"/>
      <line num="169" count="0" type="cond" truecount="0" falsecount="4"/>
      <line num="172" count="0" type="stmt"/>
      <line num="175" count="0" type="stmt"/>
      <line num="178" count="0" type="stmt"/>
      <line num="181" count="0" type="stmt"/>
      <line num="183" count="0" type="stmt"/>
      <line num="184" count="0" type="cond" truecount="0" falsecount="4"/>
      <line num="186" count="0" type="stmt"/>
      <line num="187" count="0" type="cond" truecount="0" falsecount="4"/>
      <line num="188" count="0" type="cond" truecount="0" falsecount="4"/>
      <line num="189" count="0" type="stmt"/>
      <line num="191" count="0" type="stmt"/>
      <line num="192" count="0" type="cond" truecount="0" falsecount="4"/>
      <line num="195" count="0" type="cond" truecount="0" falsecount="1"/>
      <line num="196" count="0" type="cond" truecount="0" falsecount="4"/>
      <line num="199" count="0" type="stmt"/>
      <line num="201" count="0" type="cond" truecount="0" falsecount="1"/>
      <line num="202" count="0" type="cond" truecount="0" falsecount="4"/>
      <line num="203" count="0" type="stmt"/>
      <line num="205" count="0" type="cond" truecount="0" falsecount="4"/>
      <line num="206" count="0" type="cond" truecount="0" falsecount="4"/>
      <line num="207" count="0" type="stmt"/>
      <line num="217" count="0" type="cond" truecount="0" falsecount="4"/>
      <line num="218" count="0" type="stmt"/>
      <line num="232" count="3" type="stmt"/>
      <line num="236" count="0" type="stmt"/>
      <line num="238" count="0" type="cond" truecount="0" falsecount="4"/>
      <line num="241" count="0" type="cond" truecount="0" falsecount="5"/>
      <line num="242" count="0" type="cond" truecount="0" falsecount="4"/>
      <line num="245" count="0" type="stmt"/>
      <line num="248" count="0" type="stmt"/>
      <line num="249" count="0" type="stmt"/>
      <line num="250" count="0" type="cond" truecount="0" falsecount="4"/>
      <line num="259" count="0" type="cond" truecount="0" falsecount="1"/>
      <line num="260" count="0" type="cond" truecount="0" falsecount="4"/>
      <line num="265" count="0" type="stmt"/>
      <line num="266" count="0" type="stmt"/>
      <line num="270" count="0" type="stmt"/>
      <line num="271" count="0" type="cond" truecount="0" falsecount="4"/>
      <line num="278" count="0" type="cond" truecount="0" falsecount="3"/>
      <line num="279" count="0" type="cond" truecount="0" falsecount="4"/>
      <line num="280" count="0" type="stmt"/>
      <line num="281" count="0" type="stmt"/>
      <line num="284" count="0" type="cond" truecount="0" falsecount="1"/>
      <line num="285" count="0" type="cond" truecount="0" falsecount="4"/>
      <line num="288" count="0" type="stmt"/>
      <line num="291" count="0" type="cond" truecount="0" falsecount="1"/>
      <line num="292" count="0" type="cond" truecount="0" falsecount="4"/>
      <line num="295" count="0" type="stmt"/>
      <line num="299" count="0" type="cond" truecount="0" falsecount="2"/>
      <line num="300" count="0" type="cond" truecount="0" falsecount="4"/>
      <line num="302" count="0" type="stmt"/>
      <line num="303" count="0" type="cond" truecount="0" falsecount="4"/>
      <line num="304" count="0" type="stmt"/>
      <line num="306" count="0" type="cond" truecount="0" falsecount="4"/>
      <line num="307" count="0" type="stmt"/>
      <line num="314" count="0" type="cond" truecount="0" falsecount="4"/>
      <line num="317" count="0" type="cond" truecount="0" falsecount="4"/>
      <line num="322" count="0" type="cond" truecount="0" falsecount="4"/>
      <line num="325" count="0" type="cond" truecount="0" falsecount="4"/>
      <line num="328" count="0" type="cond" truecount="0" falsecount="4"/>
      <line num="337" count="0" type="stmt"/>
      <line num="344" count="0" type="cond" truecount="0" falsecount="4"/>
      <line num="350" count="0" type="cond" truecount="0" falsecount="2"/>
      <line num="351" count="0" type="cond" truecount="0" falsecount="4"/>
      <line num="355" count="0" type="cond" truecount="0" falsecount="4"/>
      <line num="361" count="0" type="stmt"/>
      <line num="363" count="0" type="cond" truecount="0" falsecount="4"/>
      <line num="367" count="0" type="stmt"/>
      <line num="375" count="0" type="stmt"/>
      <line num="377" count="0" type="cond" truecount="0" falsecount="4"/>
      <line num="380" count="0" type="stmt"/>
      <line num="385" count="0" type="cond" truecount="0" falsecount="4"/>
      <line num="389" count="0" type="cond" truecount="0" falsecount="2"/>
      <line num="390" count="0" type="cond" truecount="0" falsecount="4"/>
      <line num="394" count="0" type="stmt"/>
      <line num="395" count="0" type="stmt"/>
    </file>
    <file name="lock.ts" path="/Users/amit/src/amazon-cognito-passwordless-auth/client/lock.ts">
      <metrics statements="90" coveredstatements="75" conditionals="94" coveredconditionals="64" methods="10" coveredmethods="8"/>
      <line num="15" count="4" type="stmt"/>
      <line num="20" count="4" type="stmt"/>
      <line num="22" count="1" type="stmt"/>
      <line num="23" count="1" type="stmt"/>
      <line num="27" count="4" type="stmt"/>
      <line num="28" count="4" type="stmt"/>
      <line num="29" count="4" type="stmt"/>
      <line num="32" count="66" type="stmt"/>
      <line num="44" count="116" type="cond" truecount="1" falsecount="0"/>
      <line num="48" count="116" type="stmt"/>
      <line num="50" count="0" type="stmt"/>
      <line num="57" count="407" type="cond" truecount="1" falsecount="0"/>
      <line num="58" count="292" type="stmt"/>
      <line num="59" count="292" type="stmt"/>
      <line num="60" count="292" type="cond" truecount="1" falsecount="0"/>
      <line num="68" count="292" type="stmt"/>
      <line num="72" count="0" type="cond" truecount="0" falsecount="1"/>
      <line num="73" count="0" type="stmt"/>
      <line num="76" count="0" type="stmt"/>
      <line num="83" count="64" type="stmt"/>
      <line num="84" count="64" type="stmt"/>
      <line num="90" count="4" type="stmt"/>
      <line num="91" count="116" type="stmt"/>
      <line num="96" count="116" type="stmt"/>
      <line num="97" count="116" type="cond" truecount="4" falsecount="0"/>
      <line num="100" count="116" type="cond" truecount="4" falsecount="1"/>
      <line num="101" count="0" type="stmt"/>
      <line num="104" count="116" type="stmt"/>
      <line num="105" count="116" type="stmt"/>
      <line num="107" count="116" type="cond" truecount="2" falsecount="0"/>
      <line num="109" count="116" type="stmt"/>
      <line num="112" count="116" type="stmt"/>
      <line num="113" count="116" type="stmt"/>
      <line num="119" count="116" type="cond" truecount="1" falsecount="0"/>
      <line num="120" count="116" type="stmt"/>
      <line num="121" count="0" type="cond" truecount="0" falsecount="1"/>
      <line num="125" count="0" type="cond" truecount="0" falsecount="4"/>
      <line num="126" count="0" type="stmt"/>
      <line num="129" count="116" type="stmt"/>
      <line num="132" count="116" type="stmt"/>
      <line num="134" count="116" type="stmt"/>
      <line num="135" count="116" type="stmt"/>
      <line num="136" count="116" type="stmt"/>
      <line num="138" count="116" type="stmt"/>
      <line num="140" count="178" type="cond" truecount="4" falsecount="1"/>
      <line num="141" count="0" type="stmt"/>
      <line num="144" count="178" type="stmt"/>
      <line num="145" count="178" type="stmt"/>
      <line num="148" count="178" type="cond" truecount="3" falsecount="0"/>
      <line num="149" count="114" type="cond" truecount="1" falsecount="2"/>
      <line num="150" count="0" type="cond" truecount="0" falsecount="4"/>
      <line num="154" count="114" type="stmt"/>
      <line num="158" count="64" type="cond" truecount="1" falsecount="0"/>
      <line num="159" count="1" type="cond" truecount="3" falsecount="1"/>
      <line num="162" count="1" type="stmt"/>
      <line num="166" count="63" type="stmt"/>
      <line num="167" count="63" type="cond" truecount="1" falsecount="0"/>
      <line num="168" count="56" type="stmt"/>
      <line num="171" count="63" type="stmt"/>
      <line num="174" count="115" type="cond" truecount="1" falsecount="0"/>
      <line num="175" count="115" type="stmt"/>
      <line num="180" count="114" type="stmt"/>
      <line num="181" count="114" type="stmt"/>
      <line num="183" count="114" type="stmt"/>
      <line num="184" count="116" type="stmt"/>
      <line num="185" count="116" type="stmt"/>
      <line num="188" count="116" type="stmt"/>
      <line num="189" count="116" type="stmt"/>
      <line num="191" count="116" type="cond" truecount="4" falsecount="0"/>
      <line num="192" count="113" type="stmt"/>
      <line num="193" count="113" type="cond" truecount="4" falsecount="0"/>
      <line num="198" count="113" type="stmt"/>
      <line num="200" count="3" type="cond" truecount="4" falsecount="0"/>
      <line num="207" count="3" type="cond" truecount="1" falsecount="0"/>
      <line num="208" count="3" type="stmt"/>
      <line num="212" count="0" type="cond" truecount="0" falsecount="4"/>
      <line num="218" count="0" type="cond" truecount="0" falsecount="1"/>
      <line num="219" count="0" type="stmt"/>
      <line num="226" count="113" type="cond" truecount="0" falsecount="1"/>
      <line num="227" count="0" type="stmt"/>
      <line num="232" count="113" type="stmt"/>
      <line num="233" count="113" type="stmt"/>
      <line num="235" count="113" type="cond" truecount="4" falsecount="0"/>
      <line num="236" count="113" type="stmt"/>
      <line num="238" count="113" type="stmt"/>
      <line num="239" count="113" type="stmt"/>
      <line num="241" count="113" type="cond" truecount="4" falsecount="0"/>
      <line num="242" count="112" type="stmt"/>
      <line num="244" count="1" type="cond" truecount="3" falsecount="1"/>
      <line num="251" count="0" type="cond" truecount="0" falsecount="4"/>
    </file>
    <file name="model.ts" path="/Users/amit/src/amazon-cognito-passwordless-auth/client/model.ts">
      <metrics statements="2" coveredstatements="2" conditionals="0" coveredconditionals="0" methods="0" coveredmethods="0"/>
      <line num="56" count="3" type="stmt"/>
      <line num="66" count="3" type="stmt"/>
    </file>
    <file name="refresh.ts" path="/Users/amit/src/amazon-cognito-passwordless-auth/client/refresh.ts">
      <metrics statements="398" coveredstatements="166" conditionals="365" coveredconditionals="121" methods="46" coveredmethods="22"/>
      <line num="15" count="3" type="stmt"/>
      <line num="17" count="3" type="stmt"/>
      <line num="18" count="3" type="stmt"/>
      <line num="19" count="3" type="stmt"/>
      <line num="20" count="3" type="stmt"/>
      <line num="21" count="3" type="stmt"/>
      <line num="23" count="3" type="stmt"/>
      <line num="37" count="3" type="stmt"/>
      <line num="41" count="3" type="cond" truecount="0" falsecount="1"/>
      <line num="44" count="0" type="stmt"/>
      <line num="47" count="3" type="stmt"/>
      <line num="48" count="3" type="cond" truecount="1" falsecount="0"/>
      <line num="49" count="1" type="stmt"/>
      <line num="50" count="1" type="stmt"/>
      <line num="52" count="3" type="stmt"/>
      <line num="57" count="0" type="cond" truecount="0" falsecount="2"/>
      <line num="58" count="0" type="stmt"/>
      <line num="66" count="3" type="stmt"/>
      <line num="67" count="3" type="stmt"/>
      <line num="71" count="3" type="cond" truecount="3" falsecount="1"/>
      <line num="84" count="2" type="stmt"/>
      <line num="85" count="2" type="stmt"/>
      <line num="86" count="2" type="stmt"/>
      <line num="87" count="2" type="cond" truecount="3" falsecount="2"/>
      <line num="89" count="2" type="stmt"/>
      <line num="90" count="2" type="stmt"/>
      <line num="91" count="2" type="stmt"/>
      <line num="94" count="2" type="stmt"/>
      <line num="95" count="2" type="stmt"/>
      <line num="97" count="2" type="stmt"/>
      <line num="100" count="2" type="stmt"/>
      <line num="101" count="2" type="cond" truecount="0" falsecount="1"/>
      <line num="103" count="0" type="stmt"/>
      <line num="106" count="0" type="stmt"/>
      <line num="107" count="0" type="cond" truecount="0" falsecount="2"/>
      <line num="108" count="0" type="stmt"/>
      <line num="109" count="0" type="cond" truecount="0" falsecount="1"/>
      <line num="111" count="0" type="stmt"/>
      <line num="115" count="0" type="cond" truecount="0" falsecount="3"/>
      <line num="116" count="0" type="stmt"/>
      <line num="118" count="0" type="cond" truecount="0" falsecount="1"/>
      <line num="119" count="0" type="stmt"/>
      <line num="122" count="0" type="stmt"/>
      <line num="131" count="2" type="stmt"/>
      <line num="132" count="2" type="stmt"/>
      <line num="134" count="2" type="stmt"/>
      <line num="135" count="2" type="stmt"/>
      <line num="138" count="0" type="stmt"/>
      <line num="139" count="0" type="stmt"/>
      <line num="147" count="2" type="stmt"/>
      <line num="148" count="2" type="stmt"/>
      <line num="149" count="2" type="stmt"/>
      <line num="150" count="2" type="cond" truecount="3" falsecount="2"/>
      <line num="152" count="2" type="stmt"/>
      <line num="153" count="2" type="stmt"/>
      <line num="154" count="2" type="stmt"/>
      <line num="157" count="0" type="stmt"/>
      <line num="165" count="2" type="stmt"/>
      <line num="168" count="2" type="stmt"/>
      <line num="169" count="2" type="stmt"/>
      <line num="170" count="2" type="stmt"/>
      <line num="171" count="2" type="stmt"/>
      <line num="172" count="2" type="cond" truecount="3" falsecount="2"/>
      <line num="174" count="2" type="stmt"/>
      <line num="175" count="2" type="stmt"/>
      <line num="178" count="2" type="stmt"/>
      <line num="180" count="2" type="stmt"/>
      <line num="181" count="2" type="stmt"/>
      <line num="183" count="0" type="stmt"/>
      <line num="184" count="0" type="stmt"/>
      <line num="188" count="0" type="cond" truecount="0" falsecount="1"/>
      <line num="190" count="0" type="stmt"/>
      <line num="196" count="0" type="stmt"/>
      <line num="201" count="3" type="stmt"/>
      <line num="209" count="0" type="cond" truecount="0" falsecount="1"/>
      <line num="210" count="0" type="stmt"/>
      <line num="215" count="0" type="stmt"/>
      <line num="218" count="0" type="cond" truecount="0" falsecount="1"/>
      <line num="220" count="0" type="stmt"/>
      <line num="221" count="0" type="cond" truecount="0" falsecount="4"/>
      <line num="222" count="0" type="stmt"/>
      <line num="225" count="0" type="cond" truecount="0" falsecount="3"/>
      <line num="226" count="0" type="stmt"/>
      <line num="229" count="0" type="stmt"/>
      <line num="234" count="0" type="stmt"/>
      <line num="235" count="0" type="cond" truecount="0" falsecount="2"/>
      <line num="236" count="0" type="stmt"/>
      <line num="240" count="0" type="cond" truecount="0" falsecount="1"/>
      <line num="242" count="0" type="cond" truecount="0" falsecount="1"/>
      <line num="243" count="0" type="stmt"/>
      <line num="244" count="0" type="stmt"/>
      <line num="248" count="0" type="stmt"/>
      <line num="249" count="0" type="stmt"/>
      <line num="253" count="0" type="stmt"/>
      <line num="254" count="0" type="stmt"/>
      <line num="257" count="0" type="stmt"/>
      <line num="259" count="0" type="cond" truecount="0" falsecount="1"/>
      <line num="260" count="0" type="stmt"/>
      <line num="264" count="0" type="stmt"/>
      <line num="265" count="0" type="cond" truecount="0" falsecount="3"/>
      <line num="266" count="0" type="stmt"/>
      <line num="267" count="0" type="stmt"/>
      <line num="277" count="12" type="stmt"/>
      <line num="278" count="12" type="cond" truecount="1" falsecount="0"/>
      <line num="280" count="11" type="cond" truecount="1" falsecount="1"/>
      <line num="281" count="0" type="cond" truecount="0" falsecount="2"/>
      <line num="282" count="0" type="stmt"/>
      <line num="284" count="11" type="stmt"/>
      <line num="289" count="2" type="cond" truecount="0" falsecount="1"/>
      <line num="299" count="2" type="stmt"/>
      <line num="300" count="2" type="cond" truecount="4" falsecount="1"/>
      <line num="302" count="2" type="cond" truecount="5" falsecount="0"/>
      <line num="303" count="1" type="stmt"/>
      <line num="305" count="1" type="stmt"/>
      <line num="308" count="1" type="stmt"/>
      <line num="309" count="1" type="stmt"/>
      <line num="312" count="1" type="cond" truecount="1" falsecount="0"/>
      <line num="313" count="1" type="stmt"/>
      <line num="314" count="1" type="stmt"/>
      <line num="318" count="0" type="cond" truecount="0" falsecount="3"/>
      <line num="319" count="0" type="stmt"/>
      <line num="320" count="0" type="cond" truecount="0" falsecount="1"/>
      <line num="321" count="0" type="stmt"/>
      <line num="324" count="0" type="stmt"/>
      <line num="328" count="0" type="stmt"/>
      <line num="330" count="0" type="stmt"/>
      <line num="331" count="0" type="cond" truecount="0" falsecount="1"/>
      <line num="332" count="0" type="stmt"/>
      <line num="333" count="0" type="stmt"/>
      <line num="334" count="0" type="stmt"/>
      <line num="337" count="0" type="stmt"/>
      <line num="339" count="0" type="stmt"/>
      <line num="340" count="0" type="stmt"/>
      <line num="341" count="0" type="stmt"/>
      <line num="344" count="0" type="cond" truecount="0" falsecount="1"/>
      <line num="345" count="0" type="stmt"/>
      <line num="349" count="0" type="stmt"/>
      <line num="350" count="0" type="stmt"/>
      <line num="359" count="0" type="stmt"/>
      <line num="364" count="0" type="stmt"/>
      <line num="366" count="0" type="stmt"/>
      <line num="372" count="0" type="stmt"/>
      <line num="373" count="0" type="cond" truecount="0" falsecount="2"/>
      <line num="374" count="0" type="stmt"/>
      <line num="377" count="0" type="cond" truecount="0" falsecount="4"/>
      <line num="378" count="0" type="stmt"/>
      <line num="379" count="0" type="stmt"/>
      <line num="383" count="0" type="stmt"/>
      <line num="384" count="0" type="stmt"/>
      <line num="389" count="0" type="stmt"/>
      <line num="392" count="0" type="stmt"/>
      <line num="395" count="0" type="stmt"/>
      <line num="396" count="0" type="stmt"/>
      <line num="402" count="0" type="stmt"/>
      <line num="403" count="0" type="stmt"/>
      <line num="405" count="0" type="stmt"/>
      <line num="406" count="0" type="stmt"/>
      <line num="408" count="0" type="stmt"/>
      <line num="409" count="0" type="stmt"/>
      <line num="410" count="0" type="stmt"/>
      <line num="411" count="0" type="stmt"/>
      <line num="412" count="0" type="stmt"/>
      <line num="414" count="0" type="stmt"/>
      <line num="421" count="0" type="stmt"/>
      <line num="422" count="0" type="stmt"/>
      <line num="424" count="0" type="cond" truecount="0" falsecount="1"/>
      <line num="425" count="0" type="stmt"/>
      <line num="428" count="0" type="stmt"/>
      <line num="429" count="0" type="stmt"/>
      <line num="433" count="0" type="stmt"/>
      <line num="437" count="0" type="stmt"/>
      <line num="441" count="0" type="stmt"/>
      <line num="442" count="0" type="stmt"/>
      <line num="447" count="0" type="cond" truecount="0" falsecount="4"/>
      <line num="450" count="0" type="cond" truecount="0" falsecount="1"/>
      <line num="451" count="0" type="stmt"/>
      <line num="452" count="0" type="stmt"/>
      <line num="453" count="0" type="stmt"/>
      <line num="459" count="0" type="stmt"/>
      <line num="464" count="3" type="stmt"/>
      <line num="465" count="3" type="cond" truecount="1" falsecount="0"/>
      <line num="467" count="3" type="stmt"/>
      <line num="468" count="3" type="stmt"/>
      <line num="469" count="3" type="cond" truecount="4" falsecount="0"/>
      <line num="470" count="3" type="cond" truecount="1" falsecount="0"/>
      <line num="471" count="1" type="cond" truecount="3" falsecount="1"/>
      <line num="472" count="1" type="stmt"/>
      <line num="475" count="2" type="stmt"/>
      <line num="476" count="2" type="cond" truecount="4" falsecount="0"/>
      <line num="478" count="2" type="stmt"/>
      <line num="479" count="2" type="stmt"/>
      <line num="481" count="1" type="stmt"/>
      <line num="482" count="1" type="cond" truecount="3" falsecount="1"/>
      <line num="483" count="1" type="stmt"/>
      <line num="488" count="1" type="cond" truecount="3" falsecount="1"/>
      <line num="489" count="1" type="stmt"/>
      <line num="491" count="1" type="cond" truecount="1" falsecount="0"/>
      <line num="492" count="1" type="cond" truecount="3" falsecount="1"/>
      <line num="496" count="1" type="stmt"/>
      <line num="499" count="0" type="stmt"/>
      <line num="518" count="2" type="stmt"/>
      <line num="531" count="2" type="stmt"/>
      <line num="532" count="2" type="stmt"/>
      <line num="534" count="2" type="cond" truecount="3" falsecount="1"/>
      <line num="536" count="2" type="stmt"/>
      <line num="537" count="2" type="cond" truecount="3" falsecount="1"/>
      <line num="539" count="2" type="stmt"/>
      <line num="545" count="2" type="cond" truecount="3" falsecount="1"/>
      <line num="547" count="2" type="stmt"/>
      <line num="548" count="2" type="stmt"/>
      <line num="555" count="2" type="cond" truecount="0" falsecount="1"/>
      <line num="556" count="0" type="stmt"/>
      <line num="558" count="0" type="stmt"/>
      <line num="559" count="0" type="cond" truecount="0" falsecount="4"/>
      <line num="560" count="0" type="stmt"/>
      <line num="573" count="2" type="stmt"/>
      <line num="581" count="2" type="cond" truecount="3" falsecount="1"/>
      <line num="585" count="2" type="stmt"/>
      <line num="592" count="0" type="cond" truecount="0" falsecount="4"/>
      <line num="596" count="0" type="stmt"/>
      <line num="603" count="3" type="cond" truecount="0" falsecount="1"/>
      <line num="616" count="2" type="stmt"/>
      <line num="617" count="2" type="cond" truecount="3" falsecount="1"/>
      <line num="618" count="2" type="cond" truecount="0" falsecount="1"/>
      <line num="619" count="0" type="stmt"/>
      <line num="620" count="0" type="cond" truecount="0" falsecount="4"/>
      <line num="622" count="2" type="cond" truecount="0" falsecount="1"/>
      <line num="623" count="0" type="stmt"/>
      <line num="625" count="2" type="stmt"/>
      <line num="627" count="2" type="stmt"/>
      <line num="629" count="2" type="stmt"/>
      <line num="631" count="2" type="cond" truecount="1" falsecount="2"/>
      <line num="632" count="0" type="stmt"/>
      <line num="633" count="0" type="stmt"/>
      <line num="637" count="2" type="cond" truecount="2" falsecount="1"/>
      <line num="638" count="0" type="stmt"/>
      <line num="639" count="0" type="stmt"/>
      <line num="642" count="2" type="stmt"/>
      <line num="643" count="2" type="stmt"/>
      <line num="644" count="2" type="cond" truecount="3" falsecount="1"/>
      <line num="646" count="2" type="cond" truecount="0" falsecount="1"/>
      <line num="647" count="0" type="stmt"/>
      <line num="650" count="2" type="cond" truecount="3" falsecount="1"/>
      <line num="651" count="2" type="cond" truecount="3" falsecount="1"/>
      <line num="652" count="2" type="cond" truecount="3" falsecount="1"/>
      <line num="653" count="2" type="cond" truecount="3" falsecount="1"/>
      <line num="654" count="2" type="cond" truecount="3" falsecount="1"/>
      <line num="656" count="2" type="cond" truecount="2" falsecount="1"/>
      <line num="657" count="0" type="stmt"/>
      <line num="660" count="2" type="cond" truecount="1" falsecount="0"/>
      <line num="661" count="2" type="stmt"/>
      <line num="662" count="2" type="cond" truecount="1" falsecount="1"/>
      <line num="663" count="2" type="stmt"/>
      <line num="669" count="0" type="stmt"/>
      <line num="677" count="2" type="stmt"/>
      <line num="678" count="2" type="stmt"/>
      <line num="680" count="2" type="cond" truecount="1" falsecount="1"/>
      <line num="681" count="2" type="cond" truecount="3" falsecount="1"/>
      <line num="684" count="2" type="stmt"/>
      <line num="689" count="2" type="stmt"/>
      <line num="699" count="0" type="cond" truecount="0" falsecount="2"/>
      <line num="700" count="0" type="cond" truecount="0" falsecount="4"/>
      <line num="704" count="0" type="stmt"/>
      <line num="705" count="0" type="stmt"/>
      <line num="707" count="0" type="stmt"/>
      <line num="708" count="0" type="stmt"/>
      <line num="709" count="0" type="stmt"/>
      <line num="714" count="0" type="stmt"/>
      <line num="716" count="0" type="stmt"/>
      <line num="718" count="0" type="cond" truecount="0" falsecount="2"/>
      <line num="722" count="0" type="cond" truecount="0" falsecount="4"/>
      <line num="725" count="0" type="stmt"/>
      <line num="726" count="0" type="cond" truecount="0" falsecount="4"/>
      <line num="727" count="0" type="cond" truecount="0" falsecount="4"/>
      <line num="728" count="0" type="stmt"/>
      <line num="729" count="0" type="stmt"/>
      <line num="731" count="0" type="stmt"/>
      <line num="733" count="0" type="cond" truecount="0" falsecount="2"/>
      <line num="741" count="0" type="cond" truecount="0" falsecount="4"/>
      <line num="745" count="0" type="stmt"/>
      <line num="746" count="0" type="stmt"/>
      <line num="748" count="0" type="stmt"/>
      <line num="750" count="0" type="stmt"/>
      <line num="755" count="0" type="cond" truecount="0" falsecount="1"/>
      <line num="756" count="0" type="stmt"/>
      <line num="761" count="0" type="cond" truecount="0" falsecount="4"/>
      <line num="762" count="0" type="stmt"/>
      <line num="772" count="2" type="stmt"/>
      <line num="773" count="2" type="stmt"/>
      <line num="776" count="2" type="stmt"/>
      <line num="778" count="0" type="stmt"/>
      <line num="783" count="2" type="stmt"/>
      <line num="796" count="2" type="stmt"/>
      <line num="800" count="0" type="stmt"/>
      <line num="801" count="0" type="stmt"/>
      <line num="803" count="0" type="stmt"/>
      <line num="804" count="0" type="stmt"/>
      <line num="808" count="2" type="stmt"/>
      <line num="809" count="2" type="stmt"/>
      <line num="813" count="2" type="stmt"/>
      <line num="816" count="2" type="cond" truecount="0" falsecount="1"/>
      <line num="817" count="0" type="stmt"/>
      <line num="821" count="2" type="stmt"/>
      <line num="824" count="2" type="stmt"/>
      <line num="828" count="0" type="stmt"/>
      <line num="829" count="0" type="stmt"/>
      <line num="830" count="0" type="stmt"/>
      <line num="833" count="2" type="stmt"/>
      <line num="835" count="2" type="stmt"/>
      <line num="836" count="2" type="cond" truecount="3" falsecount="1"/>
      <line num="840" count="2" type="stmt"/>
      <line num="841" count="2" type="cond" truecount="0" falsecount="1"/>
      <line num="842" count="0" type="cond" truecount="0" falsecount="4"/>
      <line num="843" count="0" type="stmt"/>
      <line num="845" count="2" type="cond" truecount="3" falsecount="1"/>
      <line num="846" count="2" type="stmt"/>
      <line num="847" count="2" type="stmt"/>
      <line num="849" count="2" type="stmt"/>
      <line num="850" count="2" type="cond" truecount="3" falsecount="1"/>
      <line num="851" count="2" type="stmt"/>
      <line num="856" count="2" type="cond" truecount="3" falsecount="1"/>
      <line num="857" count="2" type="stmt"/>
      <line num="859" count="0" type="cond" truecount="0" falsecount="1"/>
      <line num="864" count="0" type="cond" truecount="0" falsecount="4"/>
      <line num="872" count="0" type="stmt"/>
      <line num="873" count="0" type="cond" truecount="0" falsecount="4"/>
      <line num="878" count="0" type="stmt"/>
      <line num="879" count="0" type="cond" truecount="0" falsecount="4"/>
      <line num="881" count="0" type="stmt"/>
      <line num="884" count="0" type="stmt"/>
      <line num="887" count="0" type="cond" truecount="0" falsecount="2"/>
      <line num="891" count="0" type="cond" truecount="0" falsecount="4"/>
      <line num="894" count="0" type="cond" truecount="0" falsecount="2"/>
      <line num="899" count="0" type="stmt"/>
      <line num="913" count="0" type="cond" truecount="0" falsecount="1"/>
      <line num="914" count="0" type="stmt"/>
      <line num="917" count="0" type="stmt"/>
      <line num="919" count="0" type="cond" truecount="0" falsecount="4"/>
      <line num="927" count="0" type="stmt"/>
      <line num="932" count="0" type="cond" truecount="0" falsecount="4"/>
      <line num="935" count="0" type="stmt"/>
      <line num="940" count="0" type="stmt"/>
      <line num="947" count="3" type="stmt"/>
      <line num="950" count="0" type="stmt"/>
      <line num="953" count="0" type="stmt"/>
      <line num="954" count="0" type="cond" truecount="0" falsecount="4"/>
      <line num="955" count="0" type="stmt"/>
      <line num="957" count="0" type="cond" truecount="0" falsecount="1"/>
      <line num="958" count="0" type="stmt"/>
      <line num="959" count="0" type="stmt"/>
      <line num="962" count="0" type="stmt"/>
      <line num="967" count="0" type="stmt"/>
      <line num="969" count="0" type="stmt"/>
      <line num="973" count="3" type="cond" truecount="1" falsecount="0"/>
      <line num="975" count="3" type="stmt"/>
      <line num="976" count="0" type="stmt"/>
      <line num="980" count="3" type="stmt"/>
      <line num="986" count="3" type="stmt"/>
      <line num="987" count="0" type="stmt"/>
      <line num="994" count="3" type="stmt"/>
      <line num="995" count="3" type="stmt"/>
      <line num="996" count="3" type="stmt"/>
      <line num="997" count="0" type="stmt"/>
      <line num="998" count="0" type="stmt"/>
      <line num="1001" count="0" type="stmt"/>
      <line num="1002" count="0" type="cond" truecount="0" falsecount="4"/>
      <line num="1003" count="0" type="stmt"/>
      <line num="1005" count="0" type="cond" truecount="0" falsecount="3"/>
      <line num="1006" count="0" type="cond" truecount="0" falsecount="2"/>
      <line num="1007" count="0" type="cond" truecount="0" falsecount="1"/>
      <line num="1008" count="0" type="stmt"/>
      <line num="1009" count="0" type="stmt"/>
      <line num="1010" count="0" type="cond" truecount="0" falsecount="1"/>
      <line num="1011" count="0" type="stmt"/>
      <line num="1017" count="0" type="cond" truecount="0" falsecount="1"/>
      <line num="1018" count="0" type="stmt"/>
      <line num="1022" count="3" type="stmt"/>
      <line num="1024" count="3" type="stmt"/>
      <line num="1032" count="3" type="stmt"/>
      <line num="1033" count="0" type="stmt"/>
      <line num="1036" count="0" type="cond" truecount="0" falsecount="1"/>
      <line num="1037" count="0" type="stmt"/>
      <line num="1038" count="0" type="stmt"/>
      <line num="1042" count="0" type="cond" truecount="0" falsecount="1"/>
      <line num="1043" count="0" type="stmt"/>
      <line num="1044" count="0" type="stmt"/>
      <line num="1048" count="0" type="stmt"/>
      <line num="1051" count="0" type="cond" truecount="0" falsecount="1"/>
      <line num="1052" count="0" type="stmt"/>
      <line num="1053" count="0" type="stmt"/>
      <line num="1054" count="0" type="stmt"/>
      <line num="1058" count="0" type="cond" truecount="0" falsecount="1"/>
      <line num="1059" count="0" type="stmt"/>
      <line num="1060" count="0" type="stmt"/>
      <line num="1064" count="0" type="stmt"/>
      <line num="1065" count="0" type="stmt"/>
      <line num="1068" count="0" type="cond" truecount="0" falsecount="1"/>
      <line num="1069" count="0" type="stmt"/>
    </file>
    <file name="retry.ts" path="/Users/amit/src/amazon-cognito-passwordless-auth/client/retry.ts">
      <metrics statements="49" coveredstatements="11" conditionals="66" coveredconditionals="9" methods="6" coveredmethods="3"/>
      <line num="26" count="4" type="stmt"/>
      <line num="32" count="9" type="stmt"/>
      <line num="38" count="9" type="stmt"/>
      <line num="46" count="2" type="stmt"/>
      <line num="48" count="2" type="stmt"/>
      <line num="49" count="0" type="cond" truecount="0" falsecount="9"/>
      <line num="50" count="0" type="stmt"/>
      <line num="52" count="0" type="stmt"/>
      <line num="53" count="0" type="stmt"/>
      <line num="54" count="0" type="cond" truecount="0" falsecount="8"/>
      <line num="57" count="0" type="stmt"/>
      <line num="58" count="0" type="stmt"/>
      <line num="65" count="2" type="stmt"/>
      <line num="67" count="2" type="cond" truecount="6" falsecount="3"/>
      <line num="68" count="0" type="stmt"/>
      <line num="71" count="2" type="stmt"/>
      <line num="72" count="2" type="stmt"/>
      <line num="73" count="2" type="cond" truecount="1" falsecount="0"/>
      <line num="74" count="2" type="stmt"/>
      <line num="76" count="0" type="cond" truecount="0" falsecount="1"/>
      <line num="78" count="0" type="stmt"/>
      <line num="79" count="0" type="cond" truecount="0" falsecount="1"/>
      <line num="81" count="0" type="stmt"/>
      <line num="82" count="0" type="stmt"/>
      <line num="83" count="0" type="stmt"/>
      <line num="84" count="0" type="stmt"/>
      <line num="85" count="0" type="cond" truecount="0" falsecount="3"/>
      <line num="86" count="0" type="stmt"/>
      <line num="89" count="0" type="cond" truecount="0" falsecount="4"/>
      <line num="96" count="0" type="cond" truecount="0" falsecount="1"/>
      <line num="97" count="0" type="cond" truecount="0" falsecount="1"/>
      <line num="99" count="0" type="stmt"/>
      <line num="102" count="0" type="stmt"/>
      <line num="105" count="0" type="stmt"/>
      <line num="108" count="0" type="stmt"/>
      <line num="109" count="0" type="cond" truecount="0" falsecount="4"/>
      <line num="110" count="0" type="cond" truecount="0" falsecount="1"/>
      <line num="112" count="0" type="stmt"/>
      <line num="115" count="0" type="stmt"/>
      <line num="117" count="0" type="stmt"/>
      <line num="119" count="0" type="cond" truecount="0" falsecount="1"/>
      <line num="123" count="0" type="stmt"/>
      <line num="125" count="0" type="cond" truecount="0" falsecount="1"/>
      <line num="126" count="0" type="stmt"/>
      <line num="128" count="0" type="cond" truecount="0" falsecount="4"/>
      <line num="133" count="0" type="stmt"/>
      <line num="134" count="0" type="cond" truecount="0" falsecount="4"/>
      <line num="135" count="0" type="stmt"/>
      <line num="139" count="0" type="stmt"/>
    </file>
    <file name="srp.ts" path="/Users/amit/src/amazon-cognito-passwordless-auth/client/srp.ts">
      <metrics statements="129" coveredstatements="18" conditionals="65" coveredconditionals="0" methods="26" coveredmethods="0"/>
      <line num="15" count="3" type="stmt"/>
      <line num="17" count="3" type="stmt"/>
      <line num="24" count="3" type="stmt"/>
      <line num="25" count="3" type="stmt"/>
      <line num="26" count="3" type="stmt"/>
      <line num="27" count="3" type="stmt"/>
      <line num="31" count="0" type="cond" truecount="0" falsecount="1"/>
      <line num="32" count="0" type="stmt"/>
      <line num="33" count="0" type="stmt"/>
      <line num="52" count="0" type="stmt"/>
      <line num="53" count="0" type="stmt"/>
      <line num="59" count="0" type="stmt"/>
      <line num="65" count="0" type="stmt"/>
      <line num="72" count="0" type="stmt"/>
      <line num="77" count="0" type="stmt"/>
      <line num="78" count="0" type="stmt"/>
      <line num="79" count="0" type="stmt"/>
      <line num="80" count="0" type="cond" truecount="0" falsecount="1"/>
      <line num="81" count="0" type="stmt"/>
      <line num="83" count="0" type="stmt"/>
      <line num="84" count="0" type="stmt"/>
      <line num="86" count="0" type="stmt"/>
      <line num="90" count="0" type="cond" truecount="0" falsecount="2"/>
      <line num="91" count="0" type="cond" truecount="0" falsecount="2"/>
      <line num="92" count="0" type="stmt"/>
      <line num="96" count="0" type="stmt"/>
      <line num="97" count="0" type="stmt"/>
      <line num="98" count="0" type="stmt"/>
      <line num="99" count="0" type="stmt"/>
      <line num="103" count="0" type="stmt"/>
      <line num="104" count="0" type="stmt"/>
      <line num="121" count="0" type="stmt"/>
      <line num="136" count="0" type="stmt"/>
      <line num="139" count="0" type="stmt"/>
      <line num="140" count="0" type="stmt"/>
      <line num="150" count="0" type="cond" truecount="0" falsecount="2"/>
      <line num="151" count="0" type="stmt"/>
      <line num="152" count="0" type="stmt"/>
      <line num="153" count="0" type="stmt"/>
      <line num="154" count="0" type="stmt"/>
      <line num="155" count="0" type="stmt"/>
      <line num="160" count="0" type="stmt"/>
      <line num="161" count="0" type="stmt"/>
      <line num="162" count="0" type="stmt"/>
      <line num="163" count="0" type="stmt"/>
      <line num="171" count="0" type="stmt"/>
      <line num="177" count="0" type="stmt"/>
      <line num="178" count="0" type="stmt"/>
      <line num="179" count="0" type="stmt"/>
      <line num="180" count="0" type="stmt"/>
      <line num="187" count="0" type="stmt"/>
      <line num="188" count="0" type="stmt"/>
      <line num="190" count="0" type="stmt"/>
      <line num="191" count="0" type="stmt"/>
      <line num="195" count="0" type="stmt"/>
      <line num="206" count="0" type="stmt"/>
      <line num="212" count="0" type="stmt"/>
      <line num="223" count="0" type="stmt"/>
      <line num="229" count="0" type="stmt"/>
      <line num="231" count="0" type="stmt"/>
      <line num="232" count="0" type="stmt"/>
      <line num="233" count="0" type="stmt"/>
      <line num="235" count="0" type="stmt"/>
      <line num="238" count="0" type="stmt"/>
      <line num="240" count="0" type="stmt"/>
      <line num="251" count="0" type="stmt"/>
      <line num="252" count="0" type="stmt"/>
      <line num="259" count="0" type="cond" truecount="0" falsecount="1"/>
      <line num="260" count="0" type="stmt"/>
      <line num="262" count="0" type="stmt"/>
      <line num="263" count="0" type="stmt"/>
      <line num="267" count="0" type="stmt"/>
      <line num="268" count="0" type="stmt"/>
      <line num="273" count="0" type="stmt"/>
      <line num="277" count="0" type="stmt"/>
      <line num="289" count="0" type="cond" truecount="0" falsecount="4"/>
      <line num="290" count="0" type="stmt"/>
      <line num="300" count="3" type="stmt"/>
      <line num="330" count="0" type="stmt"/>
      <line num="331" count="0" type="cond" truecount="0" falsecount="1"/>
      <line num="332" count="0" type="stmt"/>
      <line num="334" count="0" type="stmt"/>
      <line num="335" count="0" type="stmt"/>
      <line num="336" count="0" type="stmt"/>
      <line num="337" count="0" type="cond" truecount="0" falsecount="4"/>
      <line num="339" count="0" type="stmt"/>
      <line num="340" count="0" type="stmt"/>
      <line num="341" count="0" type="cond" truecount="0" falsecount="4"/>
      <line num="343" count="0" type="stmt"/>
      <line num="353" count="0" type="cond" truecount="0" falsecount="4"/>
      <line num="354" count="0" type="stmt"/>
      <line num="360" count="0" type="stmt"/>
      <line num="363" count="0" type="cond" truecount="0" falsecount="4"/>
      <line num="370" count="0" type="cond" truecount="0" falsecount="4"/>
      <line num="373" count="0" type="cond" truecount="0" falsecount="2"/>
      <line num="377" count="0" type="stmt"/>
      <line num="391" count="0" type="cond" truecount="0" falsecount="4"/>
      <line num="394" count="0" type="stmt"/>
      <line num="403" count="0" type="cond" truecount="0" falsecount="1"/>
      <line num="404" count="0" type="cond" truecount="0" falsecount="4"/>
      <line num="405" count="0" type="stmt"/>
      <line num="408" count="0" type="stmt"/>
      <line num="415" count="0" type="cond" truecount="0" falsecount="4"/>
      <line num="419" count="0" type="stmt"/>
      <line num="432" count="0" type="cond" truecount="0" falsecount="1"/>
      <line num="436" count="0" type="cond" truecount="0" falsecount="4"/>
      <line num="442" count="0" type="stmt"/>
      <line num="451" count="0" type="cond" truecount="0" falsecount="1"/>
      <line num="452" count="0" type="stmt"/>
      <line num="455" count="0" type="cond" truecount="0" falsecount="4"/>
      <line num="456" count="0" type="stmt"/>
      <line num="458" count="0" type="cond" truecount="0" falsecount="4"/>
      <line num="459" count="0" type="stmt"/>
      <line num="462" count="0" type="stmt"/>
      <line num="464" count="0" type="stmt"/>
      <line num="468" count="0" type="stmt"/>
      <line num="487" count="0" type="stmt"/>
      <line num="500" count="0" type="stmt"/>
      <line num="509" count="3" type="stmt"/>
      <line num="510" count="3" type="stmt"/>
      <line num="511" count="3" type="stmt"/>
      <line num="512" count="3" type="stmt"/>
      <line num="513" count="3" type="stmt"/>
      <line num="514" count="3" type="stmt"/>
      <line num="515" count="3" type="stmt"/>
      <line num="516" count="3" type="stmt"/>
      <line num="517" count="3" type="stmt"/>
      <line num="518" count="3" type="stmt"/>
      <line num="519" count="3" type="stmt"/>
    </file>
    <file name="storage.ts" path="/Users/amit/src/amazon-cognito-passwordless-auth/client/storage.ts">
      <metrics statements="108" coveredstatements="77" conditionals="113" coveredconditionals="47" methods="10" coveredmethods="7"/>
      <line num="15" count="3" type="stmt"/>
      <line num="16" count="3" type="stmt"/>
      <line num="59" count="3" type="stmt"/>
      <line num="63" count="2" type="cond" truecount="0" falsecount="1"/>
      <line num="64" count="2" type="stmt"/>
      <line num="65" count="2" type="stmt"/>
      <line num="66" count="2" type="cond" truecount="3" falsecount="1"/>
      <line num="67" count="2" type="stmt"/>
      <line num="74" count="3" type="stmt"/>
      <line num="77" count="10" type="cond" truecount="0" falsecount="1"/>
      <line num="78" count="10" type="stmt"/>
      <line num="79" count="10" type="stmt"/>
      <line num="80" count="10" type="stmt"/>
      <line num="82" count="10" type="cond" truecount="1" falsecount="0"/>
      <line num="88" count="6" type="stmt"/>
      <line num="91" count="4" type="stmt"/>
      <line num="94" count="3" type="stmt"/>
      <line num="95" count="2" type="stmt"/>
      <line num="96" count="2" type="cond" truecount="3" falsecount="1"/>
      <line num="99" count="2" type="stmt"/>
      <line num="105" count="2" type="cond" truecount="0" falsecount="1"/>
      <line num="106" count="0" type="stmt"/>
      <line num="109" count="0" type="stmt"/>
      <line num="113" count="0" type="cond" truecount="0" falsecount="3"/>
      <line num="114" count="0" type="stmt"/>
      <line num="115" count="0" type="stmt"/>
      <line num="118" count="0" type="cond" truecount="0" falsecount="1"/>
      <line num="119" count="0" type="stmt"/>
      <line num="124" count="2" type="stmt"/>
      <line num="128" count="2" type="stmt"/>
      <line num="131" count="2" type="stmt"/>
      <line num="133" count="2" type="stmt"/>
      <line num="136" count="2" type="cond" truecount="1" falsecount="0"/>
      <line num="137" count="2" type="stmt"/>
      <line num="143" count="2" type="stmt"/>
      <line num="151" count="2" type="cond" truecount="1" falsecount="0"/>
      <line num="152" count="2" type="cond" truecount="3" falsecount="1"/>
      <line num="155" count="2" type="stmt"/>
      <line num="164" count="2" type="cond" truecount="1" falsecount="0"/>
      <line num="165" count="2" type="cond" truecount="3" falsecount="1"/>
      <line num="168" count="2" type="stmt"/>
      <line num="172" count="2" type="cond" truecount="0" falsecount="1"/>
      <line num="173" count="0" type="stmt"/>
      <line num="180" count="2" type="cond" truecount="1" falsecount="1"/>
      <line num="181" count="2" type="stmt"/>
      <line num="182" count="2" type="stmt"/>
      <line num="183" count="2" type="stmt"/>
      <line num="186" count="0" type="stmt"/>
      <line num="189" count="2" type="stmt"/>
      <line num="192" count="2" type="cond" truecount="1" falsecount="0"/>
      <line num="193" count="2" type="stmt"/>
      <line num="196" count="2" type="stmt"/>
      <line num="206" count="2" type="stmt"/>
      <line num="214" count="2" type="stmt"/>
      <line num="216" count="2" type="cond" truecount="3" falsecount="1"/>
      <line num="221" count="3" type="stmt"/>
      <line num="222" count="14" type="stmt"/>
      <line num="223" count="14" type="stmt"/>
      <line num="224" count="14" type="stmt"/>
      <line num="225" count="14" type="cond" truecount="1" falsecount="0"/>
      <line num="226" count="4" type="stmt"/>
      <line num="228" count="10" type="stmt"/>
      <line num="236" count="10" type="stmt"/>
      <line num="238" count="10" type="cond" truecount="1" falsecount="0"/>
      <line num="239" count="10" type="stmt"/>
      <line num="240" count="10" type="stmt"/>
      <line num="241" count="10" type="cond" truecount="3" falsecount="0"/>
      <line num="242" count="10" type="stmt"/>
      <line num="245" count="0" type="cond" truecount="0" falsecount="4"/>
      <line num="250" count="10" type="cond" truecount="2" falsecount="1"/>
      <line num="251" count="0" type="cond" truecount="0" falsecount="4"/>
      <line num="254" count="0" type="stmt"/>
      <line num="258" count="10" type="stmt"/>
      <line num="261" count="10" type="stmt"/>
      <line num="263" count="10" type="stmt"/>
      <line num="282" count="10" type="stmt"/>
      <line num="288" count="3" type="stmt"/>
      <line num="292" count="0" type="stmt"/>
      <line num="293" count="0" type="stmt"/>
      <line num="294" count="0" type="cond" truecount="0" falsecount="4"/>
      <line num="295" count="0" type="stmt"/>
      <line num="301" count="3" type="stmt"/>
      <line num="304" count="10" type="stmt"/>
      <line num="305" count="10" type="stmt"/>
      <line num="306" count="10" type="stmt"/>
      <line num="307" count="10" type="cond" truecount="0" falsecount="1"/>
      <line num="308" count="0" type="stmt"/>
      <line num="309" count="0" type="stmt"/>
      <line num="312" count="0" type="stmt"/>
      <line num="313" count="0" type="stmt"/>
      <line num="317" count="10" type="stmt"/>
      <line num="323" count="3" type="stmt"/>
      <line num="324" count="0" type="stmt"/>
      <line num="325" count="0" type="stmt"/>
      <line num="326" count="0" type="cond" truecount="0" falsecount="4"/>
      <line num="327" count="0" type="stmt"/>
      <line num="334" count="3" type="stmt"/>
      <line num="335" count="0" type="cond" truecount="0" falsecount="3"/>
      <line num="336" count="0" type="stmt"/>
      <line num="337" count="0" type="cond" truecount="0" falsecount="4"/>
      <line num="340" count="0" type="stmt"/>
      <line num="342" count="0" type="cond" truecount="0" falsecount="5"/>
      <line num="344" count="0" type="stmt"/>
      <line num="348" count="0" type="stmt"/>
      <line num="359" count="3" type="stmt"/>
      <line num="362" count="10" type="cond" truecount="0" falsecount="1"/>
      <line num="363" count="10" type="stmt"/>
      <line num="364" count="10" type="cond" truecount="3" falsecount="1"/>
    </file>
    <file name="util.ts" path="/Users/amit/src/amazon-cognito-passwordless-auth/client/util.ts">
      <metrics statements="93" coveredstatements="41" conditionals="32" coveredconditionals="3" methods="20" coveredmethods="8"/>
      <line num="19" count="3" type="stmt"/>
      <line num="21" count="3" type="stmt"/>
      <line num="22" count="0" type="cond" truecount="0" falsecount="1"/>
      <line num="23" count="0" type="stmt"/>
      <line num="26" count="0" type="stmt"/>
      <line num="27" count="0" type="stmt"/>
      <line num="28" count="0" type="cond" truecount="0" falsecount="1"/>
      <line num="29" count="0" type="stmt"/>
      <line num="30" count="0" type="cond" truecount="0" falsecount="1"/>
      <line num="31" count="0" type="stmt"/>
      <line num="36" count="0" type="cond" truecount="0" falsecount="1"/>
      <line num="37" count="0" type="stmt"/>
      <line num="40" count="0" type="stmt"/>
      <line num="41" count="0" type="stmt"/>
      <line num="42" count="0" type="stmt"/>
      <line num="45" count="3" type="stmt"/>
      <line num="48" count="16" type="stmt"/>
      <line num="49" count="16" type="stmt"/>
      <line num="50" count="16" type="cond" truecount="0" falsecount="1"/>
      <line num="51" count="0" type="stmt"/>
      <line num="53" count="16" type="stmt"/>
      <line num="64" count="3" type="stmt"/>
      <line num="65" count="3" type="stmt"/>
      <line num="68" count="3" type="cond" truecount="0" falsecount="1"/>
      <line num="69" count="0" type="stmt"/>
      <line num="70" count="0" type="cond" truecount="0" falsecount="1"/>
      <line num="71" count="0" type="stmt"/>
      <line num="72" count="0" type="stmt"/>
      <line num="78" count="0" type="cond" truecount="0" falsecount="1"/>
      <line num="80" count="0" type="stmt"/>
      <line num="86" count="3" type="stmt"/>
      <line num="90" count="3" type="stmt"/>
      <line num="92" count="3" type="stmt"/>
      <line num="93" count="0" type="stmt"/>
      <line num="94" count="0" type="cond" truecount="0" falsecount="1"/>
      <line num="95" count="0" type="cond" truecount="0" falsecount="1"/>
      <line num="99" count="3" type="stmt"/>
      <line num="100" count="0" type="cond" truecount="0" falsecount="1"/>
      <line num="103" count="0" type="stmt"/>
      <line num="104" count="0" type="cond" truecount="0" falsecount="1"/>
      <line num="105" count="0" type="cond" truecount="0" falsecount="1"/>
      <line num="106" count="0" type="stmt"/>
      <line num="107" count="0" type="stmt"/>
      <line num="111" count="0" type="cond" truecount="0" falsecount="1"/>
      <line num="114" count="3" type="cond" truecount="0" falsecount="1"/>
      <line num="116" count="3" type="stmt"/>
      <line num="119" count="3" type="stmt"/>
      <line num="120" count="0" type="stmt"/>
      <line num="121" count="0" type="stmt"/>
      <line num="122" count="0" type="stmt"/>
      <line num="123" count="0" type="stmt"/>
      <line num="126" count="3" type="stmt"/>
      <line num="127" count="0" type="stmt"/>
      <line num="128" count="0" type="stmt"/>
      <line num="131" count="3" type="stmt"/>
      <line num="132" count="0" type="cond" truecount="0" falsecount="1"/>
      <line num="133" count="0" type="stmt"/>
      <line num="141" count="0" type="stmt"/>
      <line num="145" count="0" type="cond" truecount="0" falsecount="4"/>
      <line num="146" count="0" type="stmt"/>
      <line num="148" count="0" type="stmt"/>
      <line num="149" count="0" type="cond" truecount="0" falsecount="4"/>
      <line num="162" count="3" type="cond" truecount="1" falsecount="0"/>
      <line num="163" count="6" type="stmt"/>
      <line num="166" count="384" type="stmt"/>
      <line num="169" count="6" type="stmt"/>
      <line num="170" count="16" type="cond" truecount="1" falsecount="1"/>
      <line num="175" count="16" type="stmt"/>
      <line num="177" count="452" type="stmt"/>
      <line num="178" count="452" type="stmt"/>
      <line num="179" count="452" type="stmt"/>
      <line num="180" count="452" type="stmt"/>
      <line num="181" count="452" type="stmt"/>
      <line num="182" count="452" type="stmt"/>
      <line num="183" count="452" type="stmt"/>
      <line num="184" count="452" type="stmt"/>
      <line num="191" count="3" type="stmt"/>
      <line num="195" count="3" type="stmt"/>
      <line num="199" count="3" type="cond" truecount="1" falsecount="0"/>
      <line num="200" count="6" type="stmt"/>
      <line num="203" count="384" type="stmt"/>
      <line num="206" count="6" type="stmt"/>
      <line num="207" count="0" type="stmt"/>
      <line num="208" count="0" type="stmt"/>
      <line num="209" count="0" type="stmt"/>
      <line num="210" count="0" type="stmt"/>
      <line num="211" count="0" type="stmt"/>
      <line num="216" count="0" type="cond" truecount="0" falsecount="2"/>
      <line num="218" count="0" type="stmt"/>
      <line num="222" count="3" type="stmt"/>
      <line num="226" count="3" type="stmt"/>
      <line num="231" count="0" type="stmt"/>
      <line num="232" count="0" type="stmt"/>
    </file>
  </project>
</coverage>
