{
  "/Users/amit/src/amazon-cognito-passwordless-auth/client/cognito-api.ts": {
    "path": "/Users/amit/src/amazon-cognito-passwordless-auth/client/cognito-api.ts",
    "statementMap": {
      "0": {
        "start": { "line": 15, "column": 0 },
        "end": { "line": 15, "column": 75 }
      },
      "1": {
        "start": { "line": 16, "column": 0 },
        "end": { "line": 16, "column": 57 }
      },
      "2": {
        "start": { "line": 17, "column": 0 },
        "end": { "line": 17, "column": 46 }
      },
      "3": {
        "start": { "line": 18, "column": 0 },
        "end": { "line": 18, "column": 64 }
      },
      "4": {
        "start": { "line": 19, "column": 0 },
        "end": { "line": 19, "column": 78 }
      },
      "5": {
        "start": { "line": 21, "column": 26 },
        "end": { "line": 21, "column": 48 }
      },
      "6": {
        "start": { "line": 116, "column": 2 },
        "end": { "line": 118, "column": 4 }
      },
      "7": {
        "start": { "line": 115, "column": 0 },
        "end": { "line": 115, "column": 16 }
      },
      "8": {
        "start": { "line": 124, "column": 2 },
        "end": { "line": 129, "column": 3 }
      },
      "9": {
        "start": { "line": 125, "column": 16 },
        "end": { "line": 125, "column": 27 }
      },
      "10": {
        "start": { "line": 126, "column": 4 },
        "end": { "line": 126, "column": 26 }
      },
      "11": {
        "start": { "line": 127, "column": 4 },
        "end": { "line": 127, "column": 30 }
      },
      "12": {
        "start": { "line": 128, "column": 4 },
        "end": { "line": 128, "column": 14 }
      },
      "13": {
        "start": { "line": 121, "column": 0 },
        "end": { "line": 121, "column": 16 }
      },
      "14": {
        "start": { "line": 135, "column": 2 },
        "end": { "line": 137, "column": 3 }
      },
      "15": {
        "start": { "line": 136, "column": 4 },
        "end": { "line": 136, "column": 66 }
      },
      "16": {
        "start": { "line": 132, "column": 0 },
        "end": { "line": 132, "column": 16 }
      },
      "17": {
        "start": { "line": 143, "column": 2 },
        "end": { "line": 145, "column": 3 }
      },
      "18": {
        "start": { "line": 144, "column": 4 },
        "end": { "line": 144, "column": 58 }
      },
      "19": {
        "start": { "line": 140, "column": 0 },
        "end": { "line": 140, "column": 16 }
      },
      "20": {
        "start": { "line": 149, "column": 2 },
        "end": { "line": 154, "column": 4 }
      },
      "21": {
        "start": { "line": 148, "column": 0 },
        "end": { "line": 148, "column": 16 }
      },
      "22": {
        "start": { "line": 160, "column": 2 },
        "end": { "line": 160, "column": 32 }
      },
      "23": {
        "start": { "line": 161, "column": 2 },
        "end": { "line": 161, "column": 40 }
      },
      "24": {
        "start": { "line": 162, "column": 2 },
        "end": { "line": 164, "column": 3 }
      },
      "25": {
        "start": { "line": 163, "column": 4 },
        "end": { "line": 163, "column": 51 }
      },
      "26": {
        "start": { "line": 157, "column": 0 },
        "end": { "line": 157, "column": 16 }
      },
      "27": {
        "start": { "line": 170, "column": 2 },
        "end": { "line": 170, "column": 75 }
      },
      "28": {
        "start": { "line": 167, "column": 0 },
        "end": { "line": 167, "column": 16 }
      },
      "29": {
        "start": { "line": 176, "column": 2 },
        "end": { "line": 176, "column": 32 }
      },
      "30": {
        "start": { "line": 177, "column": 2 },
        "end": { "line": 177, "column": 36 }
      },
      "31": {
        "start": { "line": 178, "column": 2 },
        "end": { "line": 180, "column": 3 }
      },
      "32": {
        "start": { "line": 179, "column": 4 },
        "end": { "line": 179, "column": 56 }
      },
      "33": {
        "start": { "line": 173, "column": 0 },
        "end": { "line": 173, "column": 16 }
      },
      "34": {
        "start": { "line": 186, "column": 2 },
        "end": { "line": 186, "column": 32 }
      },
      "35": {
        "start": { "line": 187, "column": 2 },
        "end": { "line": 189, "column": 3 }
      },
      "36": {
        "start": { "line": 188, "column": 4 },
        "end": { "line": 188, "column": 49 }
      },
      "37": {
        "start": { "line": 183, "column": 0 },
        "end": { "line": 183, "column": 16 }
      },
      "38": {
        "start": { "line": 198, "column": 2 },
        "end": { "line": 281, "column": null }
      },
      "39": {
        "start": { "line": 218, "column": 6 },
        "end": { "line": 218, "column": 17 }
      },
      "40": {
        "start": { "line": 223, "column": 2 },
        "end": { "line": 241, "column": 3 }
      },
      "41": {
        "start": { "line": 224, "column": 4 },
        "end": { "line": 240, "column": 5 }
      },
      "42": {
        "start": { "line": 226, "column": 31 },
        "end": { "line": 226, "column": 68 }
      },
      "43": {
        "start": { "line": 227, "column": 26 },
        "end": { "line": 228, "column": null }
      },
      "44": {
        "start": { "line": 231, "column": 6 },
        "end": { "line": 236, "column": 7 }
      },
      "45": {
        "start": { "line": 232, "column": 8 },
        "end": { "line": 234, "column": 10 }
      },
      "46": {
        "start": { "line": 235, "column": 8 },
        "end": { "line": 235, "column": 77 }
      },
      "47": {
        "start": { "line": 239, "column": 6 },
        "end": { "line": 239, "column": 76 }
      },
      "48": {
        "start": { "line": 244, "column": 2 },
        "end": { "line": 253, "column": 3 }
      },
      "49": {
        "start": { "line": 251, "column": 4 },
        "end": { "line": 251, "column": 69 }
      },
      "50": {
        "start": { "line": 252, "column": 4 },
        "end": { "line": 252, "column": 42 }
      },
      "51": {
        "start": { "line": 255, "column": 2 },
        "end": { "line": 280, "column": 48 }
      },
      "52": {
        "start": { "line": 192, "column": 0 },
        "end": { "line": 192, "column": 22 }
      },
      "53": {
        "start": { "line": 283, "column": 45 },
        "end": { "line": 361, "column": null }
      },
      "54": {
        "start": { "line": 303, "column": 6 },
        "end": { "line": 303, "column": 17 }
      },
      "55": {
        "start": { "line": 308, "column": 2 },
        "end": { "line": 331, "column": 3 }
      },
      "56": {
        "start": { "line": 309, "column": 4 },
        "end": { "line": 330, "column": 5 }
      },
      "57": {
        "start": { "line": 311, "column": 31 },
        "end": { "line": 311, "column": 68 }
      },
      "58": {
        "start": { "line": 312, "column": 26 },
        "end": { "line": 313, "column": null }
      },
      "59": {
        "start": { "line": 316, "column": 6 },
        "end": { "line": 323, "column": 7 }
      },
      "60": {
        "start": { "line": 317, "column": 8 },
        "end": { "line": 319, "column": 10 }
      },
      "61": {
        "start": { "line": 320, "column": 8 },
        "end": { "line": 322, "column": 10 }
      },
      "62": {
        "start": { "line": 326, "column": 6 },
        "end": { "line": 329, "column": 8 }
      },
      "63": {
        "start": { "line": 333, "column": 2 },
        "end": { "line": 360, "column": 35 }
      },
      "64": {
        "start": { "line": 283, "column": 0 },
        "end": { "line": 283, "column": 22 }
      },
      "65": {
        "start": { "line": 375, "column": 36 },
        "end": { "line": 435, "column": null }
      },
      "66": {
        "start": { "line": 389, "column": 4 },
        "end": { "line": 389, "column": 15 }
      },
      "67": {
        "start": { "line": 394, "column": 2 },
        "end": { "line": 406, "column": 3 }
      },
      "68": {
        "start": { "line": 396, "column": 29 },
        "end": { "line": 396, "column": 66 }
      },
      "69": {
        "start": { "line": 397, "column": 24 },
        "end": { "line": 397, "column": 72 }
      },
      "70": {
        "start": { "line": 399, "column": 4 },
        "end": { "line": 403, "column": 5 }
      },
      "71": {
        "start": { "line": 400, "column": 6 },
        "end": { "line": 402, "column": 8 }
      },
      "72": {
        "start": { "line": 408, "column": 2 },
        "end": { "line": 434, "column": 24 }
      },
      "73": {
        "start": { "line": 375, "column": 0 },
        "end": { "line": 375, "column": 22 }
      },
      "74": {
        "start": { "line": 437, "column": 34 },
        "end": { "line": 463, "column": null }
      },
      "75": {
        "start": { "line": 444, "column": 67 },
        "end": { "line": 444, "column": 78 }
      },
      "76": {
        "start": { "line": 445, "column": 2 },
        "end": { "line": 462, "column": 24 }
      },
      "77": {
        "start": { "line": 437, "column": 0 },
        "end": { "line": 437, "column": 22 }
      },
      "78": {
        "start": { "line": 465, "column": 48 },
        "end": { "line": 643, "column": null }
      },
      "79": {
        "start": { "line": 483, "column": 6 },
        "end": { "line": 483, "column": 17 }
      },
      "80": {
        "start": { "line": 485, "column": 2 },
        "end": { "line": 487, "column": 4 }
      },
      "81": {
        "start": { "line": 496, "column": 6 },
        "end": { "line": 499, "column": 4 }
      },
      "82": {
        "start": { "line": 502, "column": 2 },
        "end": { "line": 505, "column": 3 }
      },
      "83": {
        "start": { "line": 503, "column": 4 },
        "end": { "line": 503, "column": 75 }
      },
      "84": {
        "start": { "line": 504, "column": 4 },
        "end": { "line": 504, "column": 38 }
      },
      "85": {
        "start": { "line": 507, "column": 2 },
        "end": { "line": 512, "column": 3 }
      },
      "86": {
        "start": { "line": 508, "column": 4 },
        "end": { "line": 510, "column": 6 }
      },
      "87": {
        "start": { "line": 511, "column": 4 },
        "end": { "line": 511, "column": 48 }
      },
      "88": {
        "start": { "line": 514, "column": 2 },
        "end": { "line": 519, "column": 3 }
      },
      "89": {
        "start": { "line": 515, "column": 4 },
        "end": { "line": 517, "column": 6 }
      },
      "90": {
        "start": { "line": 518, "column": 4 },
        "end": { "line": 518, "column": 44 }
      },
      "91": {
        "start": { "line": 521, "column": 2 },
        "end": { "line": 521, "column": 68 }
      },
      "92": {
        "start": { "line": 522, "column": 2 },
        "end": { "line": 530, "column": 4 }
      },
      "93": {
        "start": { "line": 532, "column": 2 },
        "end": { "line": 642, "column": 3 }
      },
      "94": {
        "start": { "line": 533, "column": 21 },
        "end": { "line": 547, "column": null }
      },
      "95": {
        "start": { "line": 551, "column": 18 },
        "end": { "line": 551, "column": 47 }
      },
      "96": {
        "start": { "line": 552, "column": 17 },
        "end": { "line": 552, "column": 35 }
      },
      "97": {
        "start": { "line": 554, "column": 4 },
        "end": { "line": 554, "column": 35 }
      },
      "98": {
        "start": { "line": 557, "column": 4 },
        "end": { "line": 560, "column": 5 }
      },
      "99": {
        "start": { "line": 558, "column": 6 },
        "end": { "line": 558, "column": 66 }
      },
      "100": {
        "start": { "line": 559, "column": 6 },
        "end": { "line": 559, "column": 73 }
      },
      "101": {
        "start": { "line": 562, "column": 4 },
        "end": { "line": 567, "column": 5 }
      },
      "102": {
        "start": { "line": 563, "column": 6 },
        "end": { "line": 565, "column": 8 }
      },
      "103": {
        "start": { "line": 566, "column": 6 },
        "end": { "line": 566, "column": 73 }
      },
      "104": {
        "start": { "line": 570, "column": 23 },
        "end": { "line": 570, "column": null }
      },
      "105": {
        "start": { "line": 582, "column": 4 },
        "end": { "line": 587, "column": 5 }
      },
      "106": {
        "start": { "line": 583, "column": 6 },
        "end": { "line": 583, "column": 67 }
      },
      "107": {
        "start": { "line": 584, "column": 6 },
        "end": { "line": 586, "column": 8 }
      },
      "108": {
        "start": { "line": 589, "column": 4 },
        "end": { "line": 594, "column": 5 }
      },
      "109": {
        "start": { "line": 590, "column": 6 },
        "end": { "line": 590, "column": 63 }
      },
      "110": {
        "start": { "line": 591, "column": 6 },
        "end": { "line": 593, "column": 8 }
      },
      "111": {
        "start": { "line": 596, "column": 4 },
        "end": { "line": 601, "column": 5 }
      },
      "112": {
        "start": { "line": 597, "column": 6 },
        "end": { "line": 597, "column": 65 }
      },
      "113": {
        "start": { "line": 598, "column": 6 },
        "end": { "line": 600, "column": 8 }
      },
      "114": {
        "start": { "line": 603, "column": 4 },
        "end": { "line": 608, "column": 5 }
      },
      "115": {
        "start": { "line": 604, "column": 6 },
        "end": { "line": 604, "column": 65 }
      },
      "116": {
        "start": { "line": 605, "column": 6 },
        "end": { "line": 607, "column": 8 }
      },
      "117": {
        "start": { "line": 611, "column": 61 },
        "end": { "line": 620, "column": 6 }
      },
      "118": {
        "start": { "line": 622, "column": 4 },
        "end": { "line": 631, "column": 6 }
      },
      "119": {
        "start": { "line": 633, "column": 4 },
        "end": { "line": 633, "column": 25 }
      },
      "120": {
        "start": { "line": 635, "column": 4 },
        "end": { "line": 637, "column": 6 }
      },
      "121": {
        "start": { "line": 638, "column": 4 },
        "end": { "line": 640, "column": 6 }
      },
      "122": {
        "start": { "line": 641, "column": 4 },
        "end": { "line": 641, "column": 16 }
      },
      "123": {
        "start": { "line": 465, "column": 0 },
        "end": { "line": 465, "column": 22 }
      },
      "124": {
        "start": { "line": 645, "column": 28 },
        "end": { "line": 678, "column": null }
      },
      "125": {
        "start": { "line": 652, "column": 20 },
        "end": { "line": 652, "column": 31 }
      },
      "126": {
        "start": { "line": 653, "column": 29 },
        "end": { "line": 653, "column": 57 }
      },
      "127": {
        "start": { "line": 654, "column": 22 },
        "end": { "line": 654, "column": 52 }
      },
      "128": {
        "start": { "line": 655, "column": 2 },
        "end": { "line": 657, "column": 3 }
      },
      "129": {
        "start": { "line": 656, "column": 4 },
        "end": { "line": 656, "column": 40 }
      },
      "130": {
        "start": { "line": 658, "column": 14 },
        "end": { "line": 658, "column": 54 }
      },
      "131": {
        "start": { "line": 659, "column": 2 },
        "end": { "line": 677, "column": 73 }
      },
      "132": {
        "start": { "line": 677, "column": 19 },
        "end": { "line": 677, "column": 71 }
      },
      "133": {
        "start": { "line": 645, "column": 0 },
        "end": { "line": 645, "column": 22 }
      },
      "134": {
        "start": { "line": 686, "column": 30 },
        "end": { "line": 714, "column": null }
      },
      "135": {
        "start": { "line": 693, "column": 57 },
        "end": { "line": 693, "column": 68 }
      },
      "136": {
        "start": { "line": 694, "column": 16 },
        "end": { "line": 694, "column": 68 }
      },
      "137": {
        "start": { "line": 695, "column": 2 },
        "end": { "line": 713, "column": 75 }
      },
      "138": {
        "start": { "line": 713, "column": 19 },
        "end": { "line": 713, "column": 73 }
      },
      "139": {
        "start": { "line": 686, "column": 0 },
        "end": { "line": 686, "column": 22 }
      },
      "140": {
        "start": { "line": 716, "column": 48 },
        "end": { "line": 752, "column": null }
      },
      "141": {
        "start": { "line": 723, "column": 20 },
        "end": { "line": 723, "column": 31 }
      },
      "142": {
        "start": { "line": 724, "column": 29 },
        "end": { "line": 724, "column": 53 }
      },
      "143": {
        "start": { "line": 725, "column": 22 },
        "end": { "line": 725, "column": 52 }
      },
      "144": {
        "start": { "line": 726, "column": 2 },
        "end": { "line": 728, "column": 3 }
      },
      "145": {
        "start": { "line": 727, "column": 4 },
        "end": { "line": 727, "column": 40 }
      },
      "146": {
        "start": { "line": 729, "column": 14 },
        "end": { "line": 729, "column": 54 }
      },
      "147": {
        "start": { "line": 730, "column": 2 },
        "end": { "line": 751, "column": 6 }
      },
      "148": {
        "start": { "line": 750, "column": 8 },
        "end": { "line": 750, "column": 80 }
      },
      "149": {
        "start": { "line": 716, "column": 0 },
        "end": { "line": 716, "column": 22 }
      },
      "150": {
        "start": { "line": 754, "column": 29 },
        "end": { "line": 836, "column": null }
      },
      "151": {
        "start": { "line": 779, "column": 6 },
        "end": { "line": 779, "column": 17 }
      },
      "152": {
        "start": { "line": 784, "column": 2 },
        "end": { "line": 798, "column": 3 }
      },
      "153": {
        "start": { "line": 786, "column": 29 },
        "end": { "line": 786, "column": 66 }
      },
      "154": {
        "start": { "line": 787, "column": 24 },
        "end": { "line": 787, "column": 72 }
      },
      "155": {
        "start": { "line": 789, "column": 4 },
        "end": { "line": 794, "column": 5 }
      },
      "156": {
        "start": { "line": 790, "column": 6 },
        "end": { "line": 792, "column": 8 }
      },
      "157": {
        "start": { "line": 793, "column": 6 },
        "end": { "line": 793, "column": 69 }
      },
      "158": {
        "start": { "line": 797, "column": 4 },
        "end": { "line": 797, "column": 68 }
      },
      "159": {
        "start": { "line": 800, "column": 2 },
        "end": { "line": 835, "column": 24 }
      },
      "160": {
        "start": { "line": 816, "column": 51 },
        "end": { "line": 819, "column": 12 }
      },
      "161": {
        "start": { "line": 822, "column": 51 },
        "end": { "line": 825, "column": 12 }
      },
      "162": {
        "start": { "line": 754, "column": 0 },
        "end": { "line": 754, "column": 22 }
      },
      "163": {
        "start": { "line": 838, "column": 43 },
        "end": { "line": 874, "column": null }
      },
      "164": {
        "start": { "line": 849, "column": 57 },
        "end": { "line": 849, "column": 68 }
      },
      "165": {
        "start": { "line": 850, "column": 16 },
        "end": { "line": 850, "column": 68 }
      },
      "166": {
        "start": { "line": 851, "column": 2 },
        "end": { "line": 873, "column": 24 }
      },
      "167": {
        "start": { "line": 866, "column": 65 },
        "end": { "line": 869, "column": 10 }
      },
      "168": {
        "start": { "line": 838, "column": 0 },
        "end": { "line": 838, "column": 22 }
      },
      "169": {
        "start": { "line": 876, "column": 55 },
        "end": { "line": 909, "column": null }
      },
      "170": {
        "start": { "line": 887, "column": 57 },
        "end": { "line": 887, "column": 68 }
      },
      "171": {
        "start": { "line": 888, "column": 16 },
        "end": { "line": 888, "column": 68 }
      },
      "172": {
        "start": { "line": 889, "column": 2 },
        "end": { "line": 908, "column": 24 }
      },
      "173": {
        "start": { "line": 876, "column": 0 },
        "end": { "line": 876, "column": 22 }
      },
      "174": {
        "start": { "line": 911, "column": 42 },
        "end": { "line": 943, "column": null }
      },
      "175": {
        "start": { "line": 922, "column": 57 },
        "end": { "line": 922, "column": 68 }
      },
      "176": {
        "start": { "line": 923, "column": 16 },
        "end": { "line": 923, "column": 68 }
      },
      "177": {
        "start": { "line": 924, "column": 2 },
        "end": { "line": 942, "column": 24 }
      },
      "178": {
        "start": { "line": 911, "column": 0 },
        "end": { "line": 911, "column": 22 }
      },
      "179": {
        "start": { "line": 945, "column": 43 },
        "end": { "line": 984, "column": null }
      },
      "180": {
        "start": { "line": 956, "column": 57 },
        "end": { "line": 956, "column": 68 }
      },
      "181": {
        "start": { "line": 957, "column": 16 },
        "end": { "line": 957, "column": 68 }
      },
      "182": {
        "start": { "line": 958, "column": 2 },
        "end": { "line": 983, "column": 24 }
      },
      "183": {
        "start": { "line": 945, "column": 0 },
        "end": { "line": 945, "column": 22 }
      },
      "184": {
        "start": { "line": 986, "column": 41 },
        "end": { "line": 1153, "column": null }
      },
      "185": {
        "start": { "line": 1021, "column": 20 },
        "end": { "line": 1021, "column": 31 }
      },
      "186": {
        "start": { "line": 1024, "column": 2 },
        "end": { "line": 1024, "column": 66 }
      },
      "187": {
        "start": { "line": 1026, "column": 29 },
        "end": { "line": 1026, "column": 42 }
      },
      "188": {
        "start": { "line": 1028, "column": 2 },
        "end": { "line": 1152, "column": 3 }
      },
      "189": {
        "start": { "line": 1029, "column": 4 },
        "end": { "line": 1062, "column": 5 }
      },
      "190": {
        "start": { "line": 1030, "column": 42 },
        "end": { "line": 1030, "column": 51 }
      },
      "191": {
        "start": { "line": 1033, "column": 6 },
        "end": { "line": 1041, "column": 7 }
      },
      "192": {
        "start": { "line": 1034, "column": 8 },
        "end": { "line": 1035, "column": 72 }
      },
      "193": {
        "start": { "line": 1036, "column": 8 },
        "end": { "line": 1036, "column": 78 }
      },
      "194": {
        "start": { "line": 1037, "column": 13 },
        "end": { "line": 1041, "column": 7 }
      },
      "195": {
        "start": { "line": 1039, "column": 8 },
        "end": { "line": 1039, "column": 51 }
      },
      "196": {
        "start": { "line": 1040, "column": 8 },
        "end": { "line": 1040, "column": 68 }
      },
      "197": {
        "start": { "line": 1043, "column": 6 },
        "end": { "line": 1061, "column": 8 }
      },
      "198": {
        "start": { "line": 1063, "column": 55 },
        "end": { "line": 1063, "column": 57 }
      },
      "199": {
        "start": { "line": 1064, "column": 4 },
        "end": { "line": 1138, "column": 5 }
      },
      "200": {
        "start": { "line": 1065, "column": 6 },
        "end": { "line": 1065, "column": 59 }
      },
      "201": {
        "start": { "line": 1065, "column": 23 },
        "end": { "line": 1065, "column": 59 }
      },
      "202": {
        "start": { "line": 1066, "column": 6 },
        "end": { "line": 1066, "column": 59 }
      },
      "203": {
        "start": { "line": 1067, "column": 11 },
        "end": { "line": 1138, "column": 5 }
      },
      "204": {
        "start": { "line": 1068, "column": 6 },
        "end": { "line": 1068, "column": 64 }
      },
      "205": {
        "start": { "line": 1068, "column": 24 },
        "end": { "line": 1068, "column": 64 }
      },
      "206": {
        "start": { "line": 1069, "column": 6 },
        "end": { "line": 1069, "column": 60 }
      },
      "207": {
        "start": { "line": 1070, "column": 11 },
        "end": { "line": 1138, "column": 5 }
      },
      "208": {
        "start": { "line": 1071, "column": 6 },
        "end": { "line": 1072, "column": 59 }
      },
      "209": {
        "start": { "line": 1072, "column": 8 },
        "end": { "line": 1072, "column": 59 }
      },
      "210": {
        "start": { "line": 1073, "column": 6 },
        "end": { "line": 1073, "column": 64 }
      },
      "211": {
        "start": { "line": 1074, "column": 11 },
        "end": { "line": 1138, "column": 5 }
      },
      "212": {
        "start": { "line": 1075, "column": 6 },
        "end": { "line": 1075, "column": 68 }
      },
      "213": {
        "start": { "line": 1075, "column": 23 },
        "end": { "line": 1075, "column": 68 }
      },
      "214": {
        "start": { "line": 1076, "column": 6 },
        "end": { "line": 1076, "column": 70 }
      },
      "215": {
        "start": { "line": 1079, "column": 6 },
        "end": { "line": 1081, "column": 8 }
      },
      "216": {
        "start": { "line": 1082, "column": 11 },
        "end": { "line": 1138, "column": 5 }
      },
      "217": {
        "start": { "line": 1083, "column": 24 },
        "end": { "line": 1083, "column": 67 }
      },
      "218": {
        "start": { "line": 1085, "column": 6 },
        "end": { "line": 1085, "column": 61 }
      },
      "219": {
        "start": { "line": 1088, "column": 6 },
        "end": { "line": 1096, "column": 7 }
      },
      "220": {
        "start": { "line": 1089, "column": 24 },
        "end": { "line": 1089, "column": 77 }
      },
      "221": {
        "start": { "line": 1090, "column": 8 },
        "end": { "line": 1094, "column": 9 }
      },
      "222": {
        "start": { "line": 1091, "column": 10 },
        "end": { "line": 1093, "column": 12 }
      },
      "223": {
        "start": { "line": 1095, "column": 8 },
        "end": { "line": 1095, "column": 39 }
      },
      "224": {
        "start": { "line": 1098, "column": 26 },
        "end": { "line": 1098, "column": 68 }
      },
      "225": {
        "start": { "line": 1101, "column": 6 },
        "end": { "line": 1101, "column": 69 }
      },
      "226": {
        "start": { "line": 1102, "column": 6 },
        "end": { "line": 1102, "column": 41 }
      },
      "227": {
        "start": { "line": 1103, "column": 11 },
        "end": { "line": 1138, "column": 5 }
      },
      "228": {
        "start": { "line": 1105, "column": 19 },
        "end": { "line": 1105, "column": 57 }
      },
      "229": {
        "start": { "line": 1106, "column": 26 },
        "end": { "line": 1106, "column": 71 }
      },
      "230": {
        "start": { "line": 1107, "column": 24 },
        "end": { "line": 1107, "column": 67 }
      },
      "231": {
        "start": { "line": 1109, "column": 6 },
        "end": { "line": 1109, "column": 61 }
      },
      "232": {
        "start": { "line": 1110, "column": 6 },
        "end": { "line": 1112, "column": 9 }
      },
      "233": {
        "start": { "line": 1115, "column": 6 },
        "end": { "line": 1123, "column": 7 }
      },
      "234": {
        "start": { "line": 1116, "column": 24 },
        "end": { "line": 1116, "column": 77 }
      },
      "235": {
        "start": { "line": 1117, "column": 8 },
        "end": { "line": 1121, "column": 9 }
      },
      "236": {
        "start": { "line": 1118, "column": 10 },
        "end": { "line": 1120, "column": 12 }
      },
      "237": {
        "start": { "line": 1122, "column": 8 },
        "end": { "line": 1122, "column": 39 }
      },
      "238": {
        "start": { "line": 1125, "column": 30 },
        "end": { "line": 1128, "column": null }
      },
      "239": {
        "start": { "line": 1130, "column": 6 },
        "end": { "line": 1130, "column": 69 }
      },
      "240": {
        "start": { "line": 1131, "column": 6 },
        "end": { "line": 1132, "column": 41 }
      },
      "241": {
        "start": { "line": 1133, "column": 6 },
        "end": { "line": 1134, "column": 49 }
      },
      "242": {
        "start": { "line": 1135, "column": 6 },
        "end": { "line": 1135, "column": 63 }
      },
      "243": {
        "start": { "line": 1137, "column": 6 },
        "end": { "line": 1137, "column": 78 }
      },
      "244": {
        "start": { "line": 1139, "column": 4 },
        "end": { "line": 1139, "column": 51 }
      },
      "245": {
        "start": { "line": 1140, "column": 27 },
        "end": { "line": 1149, "column": 6 }
      },
      "246": {
        "start": { "line": 1150, "column": 4 },
        "end": { "line": 1150, "column": 69 }
      },
      "247": {
        "start": { "line": 1151, "column": 4 },
        "end": { "line": 1151, "column": 34 }
      },
      "248": {
        "start": { "line": 986, "column": 0 },
        "end": { "line": 986, "column": 22 }
      },
      "249": {
        "start": { "line": 1162, "column": 2 },
        "end": { "line": 1173, "column": 4 }
      },
      "250": {
        "start": { "line": 1162, "column": 40 },
        "end": { "line": 1173, "column": 4 }
      },
      "251": {
        "start": { "line": 1163, "column": 4 },
        "end": { "line": 1163, "column": 29 }
      },
      "252": {
        "start": { "line": 1164, "column": 17 },
        "end": { "line": 1164, "column": 33 }
      },
      "253": {
        "start": { "line": 1165, "column": 4 },
        "end": { "line": 1169, "column": 5 }
      },
      "254": {
        "start": { "line": 1166, "column": 6 },
        "end": { "line": 1166, "column": 42 }
      },
      "255": {
        "start": { "line": 1168, "column": 6 },
        "end": { "line": 1168, "column": 35 }
      },
      "256": {
        "start": { "line": 1170, "column": 4 },
        "end": { "line": 1172, "column": 50 }
      },
      "257": {
        "start": { "line": 1177, "column": 2 },
        "end": { "line": 1177, "column": 27 }
      },
      "258": {
        "start": { "line": 1178, "column": 15 },
        "end": { "line": 1178, "column": 31 }
      },
      "259": {
        "start": { "line": 1179, "column": 2 },
        "end": { "line": 1179, "column": 31 }
      },
      "260": {
        "start": { "line": 1180, "column": 2 },
        "end": { "line": 1180, "column": 14 }
      },
      "261": {
        "start": { "line": 1184, "column": 45 },
        "end": { "line": 1184, "column": 56 }
      },
      "262": {
        "start": { "line": 1185, "column": 2 },
        "end": { "line": 1185, "column": 50 }
      },
      "263": {
        "start": { "line": 1186, "column": 2 },
        "end": { "line": 1188, "column": 3 }
      },
      "264": {
        "start": { "line": 1187, "column": 4 },
        "end": { "line": 1187, "column": 80 }
      },
      "265": {
        "start": { "line": 1189, "column": 14 },
        "end": { "line": 1194, "column": null }
      },
      "266": {
        "start": { "line": 1196, "column": 20 },
        "end": { "line": 1199, "column": null }
      },
      "267": {
        "start": { "line": 1201, "column": 2 },
        "end": { "line": 1201, "column": 35 }
      },
      "268": {
        "start": { "line": 1227, "column": 45 },
        "end": { "line": 1282, "column": null }
      },
      "269": {
        "start": { "line": 1237, "column": 4 },
        "end": { "line": 1237, "column": 15 }
      },
      "270": {
        "start": { "line": 1242, "column": 2 },
        "end": { "line": 1254, "column": 3 }
      },
      "271": {
        "start": { "line": 1244, "column": 29 },
        "end": { "line": 1244, "column": 66 }
      },
      "272": {
        "start": { "line": 1245, "column": 24 },
        "end": { "line": 1245, "column": 72 }
      },
      "273": {
        "start": { "line": 1247, "column": 4 },
        "end": { "line": 1251, "column": 5 }
      },
      "274": {
        "start": { "line": 1248, "column": 6 },
        "end": { "line": 1250, "column": 8 }
      },
      "275": {
        "start": { "line": 1256, "column": 2 },
        "end": { "line": 1281, "column": 31 }
      },
      "276": {
        "start": { "line": 1281, "column": 19 },
        "end": { "line": 1281, "column": 29 }
      },
      "277": {
        "start": { "line": 1227, "column": 0 },
        "end": { "line": 1227, "column": 22 }
      },
      "278": {
        "start": { "line": 1294, "column": 37 },
        "end": { "line": 1348, "column": null }
      },
      "279": {
        "start": { "line": 1304, "column": 4 },
        "end": { "line": 1304, "column": 15 }
      },
      "280": {
        "start": { "line": 1309, "column": 2 },
        "end": { "line": 1321, "column": 3 }
      },
      "281": {
        "start": { "line": 1311, "column": 29 },
        "end": { "line": 1311, "column": 66 }
      },
      "282": {
        "start": { "line": 1312, "column": 24 },
        "end": { "line": 1312, "column": 72 }
      },
      "283": {
        "start": { "line": 1314, "column": 4 },
        "end": { "line": 1318, "column": 5 }
      },
      "284": {
        "start": { "line": 1315, "column": 6 },
        "end": { "line": 1317, "column": 8 }
      },
      "285": {
        "start": { "line": 1323, "column": 2 },
        "end": { "line": 1347, "column": 31 }
      },
      "286": {
        "start": { "line": 1347, "column": 19 },
        "end": { "line": 1347, "column": 29 }
      },
      "287": {
        "start": { "line": 1294, "column": 0 },
        "end": { "line": 1294, "column": 22 }
      },
      "288": {
        "start": { "line": 1362, "column": 44 },
        "end": { "line": 1421, "column": null }
      },
      "289": {
        "start": { "line": 1376, "column": 4 },
        "end": { "line": 1376, "column": 15 }
      },
      "290": {
        "start": { "line": 1381, "column": 2 },
        "end": { "line": 1393, "column": 3 }
      },
      "291": {
        "start": { "line": 1383, "column": 29 },
        "end": { "line": 1383, "column": 66 }
      },
      "292": {
        "start": { "line": 1384, "column": 24 },
        "end": { "line": 1384, "column": 72 }
      },
      "293": {
        "start": { "line": 1386, "column": 4 },
        "end": { "line": 1390, "column": 5 }
      },
      "294": {
        "start": { "line": 1387, "column": 6 },
        "end": { "line": 1389, "column": 8 }
      },
      "295": {
        "start": { "line": 1395, "column": 2 },
        "end": { "line": 1420, "column": 24 }
      },
      "296": {
        "start": { "line": 1362, "column": 0 },
        "end": { "line": 1362, "column": 22 }
      },
      "297": {
        "start": { "line": 1434, "column": 37 },
        "end": { "line": 1466, "column": null }
      },
      "298": {
        "start": { "line": 1445, "column": 57 },
        "end": { "line": 1445, "column": 68 }
      },
      "299": {
        "start": { "line": 1447, "column": 2 },
        "end": { "line": 1465, "column": 24 }
      },
      "300": {
        "start": { "line": 1434, "column": 0 },
        "end": { "line": 1434, "column": 22 }
      },
      "301": {
        "start": { "line": 1478, "column": 51 },
        "end": { "line": 1501, "column": null }
      },
      "302": {
        "start": { "line": 1487, "column": 17 },
        "end": { "line": 1487, "column": 39 }
      },
      "303": {
        "start": { "line": 1489, "column": 2 },
        "end": { "line": 1493, "column": 3 }
      },
      "304": {
        "start": { "line": 1490, "column": 4 },
        "end": { "line": 1492, "column": 6 }
      },
      "305": {
        "start": { "line": 1495, "column": 2 },
        "end": { "line": 1500, "column": 5 }
      },
      "306": {
        "start": { "line": 1478, "column": 0 },
        "end": { "line": 1478, "column": 22 }
      },
      "307": {
        "start": { "line": 1513, "column": 45 },
        "end": { "line": 1549, "column": null }
      },
      "308": {
        "start": { "line": 1522, "column": 57 },
        "end": { "line": 1522, "column": 68 }
      },
      "309": {
        "start": { "line": 1524, "column": 2 },
        "end": { "line": 1526, "column": 3 }
      },
      "310": {
        "start": { "line": 1525, "column": 4 },
        "end": { "line": 1525, "column": 70 }
      },
      "311": {
        "start": { "line": 1528, "column": 2 },
        "end": { "line": 1548, "column": 31 }
      },
      "312": {
        "start": { "line": 1548, "column": 19 },
        "end": { "line": 1548, "column": 29 }
      },
      "313": {
        "start": { "line": 1513, "column": 0 },
        "end": { "line": 1513, "column": 22 }
      },
      "314": {
        "start": { "line": 1563, "column": 42 },
        "end": { "line": 1604, "column": null }
      },
      "315": {
        "start": { "line": 1576, "column": 57 },
        "end": { "line": 1576, "column": 68 }
      },
      "316": {
        "start": { "line": 1578, "column": 2 },
        "end": { "line": 1580, "column": 3 }
      },
      "317": {
        "start": { "line": 1579, "column": 4 },
        "end": { "line": 1579, "column": 70 }
      },
      "318": {
        "start": { "line": 1582, "column": 2 },
        "end": { "line": 1603, "column": 31 }
      },
      "319": {
        "start": { "line": 1603, "column": 19 },
        "end": { "line": 1603, "column": 29 }
      },
      "320": {
        "start": { "line": 1563, "column": 0 },
        "end": { "line": 1563, "column": 22 }
      },
      "321": {
        "start": { "line": 1613, "column": 59 },
        "end": { "line": 1630, "column": null }
      },
      "322": {
        "start": { "line": 1618, "column": 17 },
        "end": { "line": 1618, "column": 39 }
      },
      "323": {
        "start": { "line": 1620, "column": 2 },
        "end": { "line": 1624, "column": 3 }
      },
      "324": {
        "start": { "line": 1621, "column": 4 },
        "end": { "line": 1623, "column": 6 }
      },
      "325": {
        "start": { "line": 1626, "column": 2 },
        "end": { "line": 1629, "column": 5 }
      },
      "326": {
        "start": { "line": 1613, "column": 0 },
        "end": { "line": 1613, "column": 22 }
      },
      "327": {
        "start": { "line": 1641, "column": 56 },
        "end": { "line": 1664, "column": null }
      },
      "328": {
        "start": { "line": 1650, "column": 17 },
        "end": { "line": 1650, "column": 39 }
      },
      "329": {
        "start": { "line": 1652, "column": 2 },
        "end": { "line": 1656, "column": 3 }
      },
      "330": {
        "start": { "line": 1653, "column": 4 },
        "end": { "line": 1655, "column": 6 }
      },
      "331": {
        "start": { "line": 1658, "column": 2 },
        "end": { "line": 1663, "column": 5 }
      },
      "332": {
        "start": { "line": 1641, "column": 0 },
        "end": { "line": 1641, "column": 22 }
      },
      "333": {
        "start": { "line": 1678, "column": 36 },
        "end": { "line": 1800, "column": null }
      },
      "334": {
        "start": { "line": 1694, "column": 64 },
        "end": { "line": 1694, "column": 75 }
      },
      "335": {
        "start": { "line": 1696, "column": 2 },
        "end": { "line": 1696, "column": 73 }
      },
      "336": {
        "start": { "line": 1697, "column": 2 },
        "end": { "line": 1697, "column": 56 }
      },
      "337": {
        "start": { "line": 1698, "column": 2 },
        "end": { "line": 1698, "column": 76 }
      },
      "338": {
        "start": { "line": 1701, "column": 2 },
        "end": { "line": 1707, "column": 3 }
      },
      "339": {
        "start": { "line": 1702, "column": 4 },
        "end": { "line": 1705, "column": 6 }
      },
      "340": {
        "start": { "line": 1706, "column": 4 },
        "end": { "line": 1706, "column": 77 }
      },
      "341": {
        "start": { "line": 1709, "column": 25 },
        "end": { "line": 1709, "column": 45 }
      },
      "342": {
        "start": { "line": 1710, "column": 2 },
        "end": { "line": 1713, "column": 3 }
      },
      "343": {
        "start": { "line": 1711, "column": 4 },
        "end": { "line": 1711, "column": 73 }
      },
      "344": {
        "start": { "line": 1712, "column": 4 },
        "end": { "line": 1712, "column": 71 }
      },
      "345": {
        "start": { "line": 1716, "column": 2 },
        "end": { "line": 1726, "column": 3 }
      },
      "346": {
        "start": { "line": 1721, "column": 4 },
        "end": { "line": 1724, "column": 6 }
      },
      "347": {
        "start": { "line": 1725, "column": 4 },
        "end": { "line": 1725, "column": 72 }
      },
      "348": {
        "start": { "line": 1729, "column": 2 },
        "end": { "line": 1732, "column": 4 }
      },
      "349": {
        "start": { "line": 1733, "column": 2 },
        "end": { "line": 1736, "column": 4 }
      },
      "350": {
        "start": { "line": 1738, "column": 2 },
        "end": { "line": 1799, "column": 3 }
      },
      "351": {
        "start": { "line": 1739, "column": 4 },
        "end": { "line": 1741, "column": 6 }
      },
      "352": {
        "start": { "line": 1743, "column": 21 },
        "end": { "line": 1750, "column": null }
      },
      "353": {
        "start": { "line": 1753, "column": 4 },
        "end": { "line": 1763, "column": 6 }
      },
      "354": {
        "start": { "line": 1765, "column": 21 },
        "end": { "line": 1778, "column": null }
      },
      "355": {
        "start": { "line": 1782, "column": 18 },
        "end": { "line": 1782, "column": 47 }
      },
      "356": {
        "start": { "line": 1783, "column": 17 },
        "end": { "line": 1783, "column": 35 }
      },
      "357": {
        "start": { "line": 1785, "column": 4 },
        "end": { "line": 1785, "column": 35 }
      },
      "358": {
        "start": { "line": 1787, "column": 4 },
        "end": { "line": 1787, "column": 74 }
      },
      "359": {
        "start": { "line": 1788, "column": 4 },
        "end": { "line": 1788, "column": 67 }
      },
      "360": {
        "start": { "line": 1790, "column": 4 },
        "end": { "line": 1790, "column": 59 }
      },
      "361": {
        "start": { "line": 1792, "column": 4 },
        "end": { "line": 1792, "column": 78 }
      },
      "362": {
        "start": { "line": 1795, "column": 25 },
        "end": { "line": 1795, "column": 79 }
      },
      "363": {
        "start": { "line": 1796, "column": 4 },
        "end": { "line": 1796, "column": 63 }
      },
      "364": {
        "start": { "line": 1798, "column": 4 },
        "end": { "line": 1798, "column": 16 }
      },
      "365": {
        "start": { "line": 1678, "column": 0 },
        "end": { "line": 1678, "column": 22 }
      },
      "366": {
        "start": { "line": 1813, "column": 41 },
        "end": { "line": 1845, "column": null }
      },
      "367": {
        "start": { "line": 1824, "column": 57 },
        "end": { "line": 1824, "column": 68 }
      },
      "368": {
        "start": { "line": 1826, "column": 2 },
        "end": { "line": 1844, "column": 24 }
      },
      "369": {
        "start": { "line": 1813, "column": 0 },
        "end": { "line": 1813, "column": 22 }
      },
      "370": {
        "start": { "line": 1857, "column": 34 },
        "end": { "line": 1891, "column": null }
      },
      "371": {
        "start": { "line": 1868, "column": 57 },
        "end": { "line": 1868, "column": 68 }
      },
      "372": {
        "start": { "line": 1870, "column": 2 },
        "end": { "line": 1890, "column": 31 }
      },
      "373": {
        "start": { "line": 1890, "column": 19 },
        "end": { "line": 1890, "column": 29 }
      },
      "374": {
        "start": { "line": 1857, "column": 0 },
        "end": { "line": 1857, "column": 22 }
      },
      "375": {
        "start": { "line": 1902, "column": 32 },
        "end": { "line": 1933, "column": null }
      },
      "376": {
        "start": { "line": 1911, "column": 57 },
        "end": { "line": 1911, "column": 68 }
      },
      "377": {
        "start": { "line": 1913, "column": 2 },
        "end": { "line": 1932, "column": 31 }
      },
      "378": {
        "start": { "line": 1932, "column": 19 },
        "end": { "line": 1932, "column": 29 }
      },
      "379": {
        "start": { "line": 1902, "column": 0 },
        "end": { "line": 1902, "column": 22 }
      },
      "380": {
        "start": { "line": 1944, "column": 35 },
        "end": { "line": 1973, "column": null }
      },
      "381": {
        "start": { "line": 1953, "column": 57 },
        "end": { "line": 1953, "column": 68 }
      },
      "382": {
        "start": { "line": 1955, "column": 2 },
        "end": { "line": 1972, "column": 24 }
      },
      "383": {
        "start": { "line": 1944, "column": 0 },
        "end": { "line": 1944, "column": 22 }
      }
    },
    "fnMap": {
      "0": {
        "name": "isErrorResponse",
        "decl": {
          "start": { "line": 115, "column": 16 },
          "end": { "line": 115, "column": 31 }
        },
        "loc": {
          "start": { "line": 115, "column": 44 },
          "end": { "line": 119, "column": 1 }
        }
      },
      "1": {
        "name": "assertIsNotErrorResponse",
        "decl": {
          "start": { "line": 121, "column": 16 },
          "end": { "line": 121, "column": 40 }
        },
        "loc": {
          "start": { "line": 122, "column": 24 },
          "end": { "line": 130, "column": 1 }
        }
      },
      "2": {
        "name": "assertIsNotChallengeResponse",
        "decl": {
          "start": { "line": 132, "column": 16 },
          "end": { "line": 132, "column": 44 }
        },
        "loc": {
          "start": { "line": 133, "column": 28 },
          "end": { "line": 138, "column": 1 }
        }
      },
      "3": {
        "name": "assertIsNotAuthenticatedResponse",
        "decl": {
          "start": { "line": 140, "column": 16 },
          "end": { "line": 140, "column": 48 }
        },
        "loc": {
          "start": { "line": 141, "column": 32 },
          "end": { "line": 146, "column": 1 }
        }
      },
      "4": {
        "name": "isChallengeResponse",
        "decl": {
          "start": { "line": 148, "column": 16 },
          "end": { "line": 148, "column": 35 }
        },
        "loc": {
          "start": { "line": 148, "column": 48 },
          "end": { "line": 155, "column": 1 }
        }
      },
      "5": {
        "name": "assertIsChallengeResponse",
        "decl": {
          "start": { "line": 157, "column": 16 },
          "end": { "line": 157, "column": 41 }
        },
        "loc": {
          "start": { "line": 158, "column": 14 },
          "end": { "line": 165, "column": 1 }
        }
      },
      "6": {
        "name": "isAuthenticatedResponse",
        "decl": {
          "start": { "line": 167, "column": 16 },
          "end": { "line": 167, "column": 39 }
        },
        "loc": {
          "start": { "line": 168, "column": 14 },
          "end": { "line": 171, "column": 1 }
        }
      },
      "7": {
        "name": "assertIsAuthenticatedResponse",
        "decl": {
          "start": { "line": 173, "column": 16 },
          "end": { "line": 173, "column": 45 }
        },
        "loc": {
          "start": { "line": 174, "column": 14 },
          "end": { "line": 181, "column": 1 }
        }
      },
      "8": {
        "name": "assertIsSignInResponse",
        "decl": {
          "start": { "line": 183, "column": 16 },
          "end": { "line": 183, "column": 38 }
        },
        "loc": {
          "start": { "line": 184, "column": 14 },
          "end": { "line": 190, "column": 1 }
        }
      },
      "9": {
        "name": "initiateAuth",
        "decl": {
          "start": { "line": 192, "column": 22 },
          "end": { "line": 192, "column": 34 }
        },
        "loc": {
          "start": { "line": 192, "column": 34 },
          "end": { "line": 281, "column": null }
        }
      },
      "10": {
        "name": "(anonymous_17)",
        "decl": {
          "start": { "line": 198, "column": 2 },
          "end": { "line": 198, "column": null }
        },
        "loc": {
          "start": { "line": 210, "column": 1 },
          "end": { "line": 281, "column": 1 }
        }
      },
      "11": {
        "name": "respondToAuthChallenge",
        "decl": {
          "start": { "line": 283, "column": 22 },
          "end": { "line": 283, "column": 44 }
        },
        "loc": {
          "start": { "line": 283, "column": 44 },
          "end": { "line": 361, "column": null }
        }
      },
      "12": {
        "name": "(anonymous_19)",
        "decl": {
          "start": { "line": 283, "column": 45 },
          "end": { "line": 283, "column": null }
        },
        "loc": {
          "start": { "line": 295, "column": 1 },
          "end": { "line": 361, "column": 1 }
        }
      },
      "13": {
        "name": "confirmSignUp",
        "decl": {
          "start": { "line": 375, "column": 22 },
          "end": { "line": 375, "column": 35 }
        },
        "loc": {
          "start": { "line": 375, "column": 35 },
          "end": { "line": 435, "column": null }
        }
      },
      "14": {
        "name": "(anonymous_21)",
        "decl": {
          "start": { "line": 375, "column": 36 },
          "end": { "line": 375, "column": null }
        },
        "loc": {
          "start": { "line": 387, "column": 1 },
          "end": { "line": 435, "column": 1 }
        }
      },
      "15": {
        "name": "revokeToken",
        "decl": {
          "start": { "line": 437, "column": 22 },
          "end": { "line": 437, "column": 33 }
        },
        "loc": {
          "start": { "line": 437, "column": 33 },
          "end": { "line": 463, "column": null }
        }
      },
      "16": {
        "name": "(anonymous_23)",
        "decl": {
          "start": { "line": 437, "column": 34 },
          "end": { "line": 437, "column": null }
        },
        "loc": {
          "start": { "line": 443, "column": 1 },
          "end": { "line": 463, "column": 1 }
        }
      },
      "17": {
        "name": "getTokensFromRefreshToken",
        "decl": {
          "start": { "line": 465, "column": 22 },
          "end": { "line": 465, "column": 47 }
        },
        "loc": {
          "start": { "line": 465, "column": 47 },
          "end": { "line": 643, "column": null }
        }
      },
      "18": {
        "name": "(anonymous_25)",
        "decl": {
          "start": { "line": 465, "column": 48 },
          "end": { "line": 465, "column": null }
        },
        "loc": {
          "start": { "line": 475, "column": 1 },
          "end": { "line": 643, "column": 1 }
        }
      },
      "19": {
        "name": "getId",
        "decl": {
          "start": { "line": 645, "column": 22 },
          "end": { "line": 645, "column": 27 }
        },
        "loc": {
          "start": { "line": 645, "column": 27 },
          "end": { "line": 678, "column": null }
        }
      },
      "20": {
        "name": "(anonymous_27)",
        "decl": {
          "start": { "line": 645, "column": 28 },
          "end": { "line": 645, "column": null }
        },
        "loc": {
          "start": { "line": 651, "column": 1 },
          "end": { "line": 678, "column": 1 }
        }
      },
      "21": {
        "name": "(anonymous_28)",
        "decl": {
          "start": { "line": 677, "column": 10 },
          "end": { "line": 677, "column": 11 }
        },
        "loc": {
          "start": { "line": 677, "column": 19 },
          "end": { "line": 677, "column": 71 }
        }
      },
      "22": {
        "name": "getUser",
        "decl": {
          "start": { "line": 686, "column": 22 },
          "end": { "line": 686, "column": 29 }
        },
        "loc": {
          "start": { "line": 686, "column": 29 },
          "end": { "line": 714, "column": null }
        }
      },
      "23": {
        "name": "(anonymous_30)",
        "decl": {
          "start": { "line": 686, "column": 30 },
          "end": { "line": 686, "column": null }
        },
        "loc": {
          "start": { "line": 692, "column": 1 },
          "end": { "line": 714, "column": 1 }
        }
      },
      "24": {
        "name": "(anonymous_31)",
        "decl": {
          "start": { "line": 713, "column": 10 },
          "end": { "line": 713, "column": 11 }
        },
        "loc": {
          "start": { "line": 713, "column": 19 },
          "end": { "line": 713, "column": 73 }
        }
      },
      "25": {
        "name": "getCredentialsForIdentity",
        "decl": {
          "start": { "line": 716, "column": 22 },
          "end": { "line": 716, "column": 47 }
        },
        "loc": {
          "start": { "line": 716, "column": 47 },
          "end": { "line": 752, "column": null }
        }
      },
      "26": {
        "name": "(anonymous_33)",
        "decl": {
          "start": { "line": 716, "column": 48 },
          "end": { "line": 716, "column": null }
        },
        "loc": {
          "start": { "line": 722, "column": 1 },
          "end": { "line": 752, "column": 1 }
        }
      },
      "27": {
        "name": "(anonymous_34)",
        "decl": {
          "start": { "line": 749, "column": 6 },
          "end": { "line": 749, "column": 7 }
        },
        "loc": {
          "start": { "line": 750, "column": 8 },
          "end": { "line": 750, "column": 80 }
        }
      },
      "28": {
        "name": "signUp",
        "decl": {
          "start": { "line": 754, "column": 22 },
          "end": { "line": 754, "column": 28 }
        },
        "loc": {
          "start": { "line": 754, "column": 28 },
          "end": { "line": 836, "column": null }
        }
      },
      "29": {
        "name": "(anonymous_36)",
        "decl": {
          "start": { "line": 754, "column": 29 },
          "end": { "line": 754, "column": null }
        },
        "loc": {
          "start": { "line": 771, "column": 1 },
          "end": { "line": 836, "column": 1 }
        }
      },
      "30": {
        "name": "(anonymous_37)",
        "decl": {
          "start": { "line": 816, "column": 29 },
          "end": { "line": 816, "column": 30 }
        },
        "loc": {
          "start": { "line": 816, "column": 51 },
          "end": { "line": 819, "column": 12 }
        }
      },
      "31": {
        "name": "(anonymous_38)",
        "decl": {
          "start": { "line": 822, "column": 29 },
          "end": { "line": 822, "column": 30 }
        },
        "loc": {
          "start": { "line": 822, "column": 51 },
          "end": { "line": 825, "column": 12 }
        }
      },
      "32": {
        "name": "updateUserAttributes",
        "decl": {
          "start": { "line": 838, "column": 22 },
          "end": { "line": 838, "column": 42 }
        },
        "loc": {
          "start": { "line": 838, "column": 42 },
          "end": { "line": 874, "column": null }
        }
      },
      "33": {
        "name": "(anonymous_40)",
        "decl": {
          "start": { "line": 838, "column": 43 },
          "end": { "line": 838, "column": null }
        },
        "loc": {
          "start": { "line": 848, "column": 1 },
          "end": { "line": 874, "column": 1 }
        }
      },
      "34": {
        "name": "(anonymous_41)",
        "decl": {
          "start": { "line": 866, "column": 43 },
          "end": { "line": 866, "column": 44 }
        },
        "loc": {
          "start": { "line": 866, "column": 65 },
          "end": { "line": 869, "column": 10 }
        }
      },
      "35": {
        "name": "getUserAttributeVerificationCode",
        "decl": {
          "start": { "line": 876, "column": 22 },
          "end": { "line": 876, "column": 54 }
        },
        "loc": {
          "start": { "line": 876, "column": 54 },
          "end": { "line": 909, "column": null }
        }
      },
      "36": {
        "name": "(anonymous_43)",
        "decl": {
          "start": { "line": 876, "column": 55 },
          "end": { "line": 876, "column": null }
        },
        "loc": {
          "start": { "line": 886, "column": 1 },
          "end": { "line": 909, "column": 1 }
        }
      },
      "37": {
        "name": "verifyUserAttribute",
        "decl": {
          "start": { "line": 911, "column": 22 },
          "end": { "line": 911, "column": 41 }
        },
        "loc": {
          "start": { "line": 911, "column": 41 },
          "end": { "line": 943, "column": null }
        }
      },
      "38": {
        "name": "(anonymous_45)",
        "decl": {
          "start": { "line": 911, "column": 42 },
          "end": { "line": 911, "column": null }
        },
        "loc": {
          "start": { "line": 921, "column": 1 },
          "end": { "line": 943, "column": 1 }
        }
      },
      "39": {
        "name": "setUserMFAPreference",
        "decl": {
          "start": { "line": 945, "column": 22 },
          "end": { "line": 945, "column": 42 }
        },
        "loc": {
          "start": { "line": 945, "column": 42 },
          "end": { "line": 984, "column": null }
        }
      },
      "40": {
        "name": "(anonymous_47)",
        "decl": {
          "start": { "line": 945, "column": 43 },
          "end": { "line": 945, "column": null }
        },
        "loc": {
          "start": { "line": 955, "column": 1 },
          "end": { "line": 984, "column": 1 }
        }
      },
      "41": {
        "name": "handleAuthResponse",
        "decl": {
          "start": { "line": 986, "column": 22 },
          "end": { "line": 986, "column": 40 }
        },
        "loc": {
          "start": { "line": 986, "column": 40 },
          "end": { "line": 1153, "column": null }
        }
      },
      "42": {
        "name": "(anonymous_49)",
        "decl": {
          "start": { "line": 986, "column": 41 },
          "end": { "line": 986, "column": null }
        },
        "loc": {
          "start": { "line": 1020, "column": 1 },
          "end": { "line": 1153, "column": 1 }
        }
      },
      "43": {
        "name": "extractInitiateAuthResponse",
        "decl": {
          "start": { "line": 1155, "column": 9 },
          "end": { "line": 1155, "column": 36 }
        },
        "loc": {
          "start": { "line": 1161, "column": 13 },
          "end": { "line": 1174, "column": 1 }
        }
      },
      "44": {
        "name": "(anonymous_51)",
        "decl": {
          "start": { "line": 1162, "column": 9 },
          "end": { "line": 1162, "column": 16 }
        },
        "loc": {
          "start": { "line": 1162, "column": 40 },
          "end": { "line": 1173, "column": 4 }
        }
      },
      "45": {
        "name": "(anonymous_52)",
        "decl": {
          "start": { "line": 1162, "column": 40 },
          "end": { "line": 1162, "column": null }
        },
        "loc": {
          "start": { "line": 1162, "column": 40 },
          "end": { "line": 1173, "column": 3 }
        }
      },
      "46": {
        "name": "extractChallengeResponse",
        "decl": {
          "start": { "line": 1176, "column": 15 },
          "end": { "line": 1176, "column": 39 }
        },
        "loc": {
          "start": { "line": 1176, "column": 60 },
          "end": { "line": 1181, "column": null }
        }
      },
      "47": {
        "name": "calculateSecretHash",
        "decl": {
          "start": { "line": 1183, "column": 15 },
          "end": { "line": 1183, "column": 34 }
        },
        "loc": {
          "start": { "line": 1183, "column": 52 },
          "end": { "line": 1202, "column": null }
        }
      },
      "48": {
        "name": "resendConfirmationCode",
        "decl": {
          "start": { "line": 1227, "column": 22 },
          "end": { "line": 1227, "column": 44 }
        },
        "loc": {
          "start": { "line": 1227, "column": 44 },
          "end": { "line": 1282, "column": null }
        }
      },
      "49": {
        "name": "(anonymous_58)",
        "decl": {
          "start": { "line": 1227, "column": 45 },
          "end": { "line": 1227, "column": null }
        },
        "loc": {
          "start": { "line": 1235, "column": 1 },
          "end": { "line": 1282, "column": 1 }
        }
      },
      "50": {
        "name": "(anonymous_59)",
        "decl": {
          "start": { "line": 1281, "column": 10 },
          "end": { "line": 1281, "column": 11 }
        },
        "loc": {
          "start": { "line": 1281, "column": 19 },
          "end": { "line": 1281, "column": 29 }
        }
      },
      "51": {
        "name": "forgotPassword",
        "decl": {
          "start": { "line": 1294, "column": 22 },
          "end": { "line": 1294, "column": 36 }
        },
        "loc": {
          "start": { "line": 1294, "column": 36 },
          "end": { "line": 1348, "column": null }
        }
      },
      "52": {
        "name": "(anonymous_61)",
        "decl": {
          "start": { "line": 1294, "column": 37 },
          "end": { "line": 1294, "column": null }
        },
        "loc": {
          "start": { "line": 1302, "column": 1 },
          "end": { "line": 1348, "column": 1 }
        }
      },
      "53": {
        "name": "(anonymous_62)",
        "decl": {
          "start": { "line": 1347, "column": 10 },
          "end": { "line": 1347, "column": 11 }
        },
        "loc": {
          "start": { "line": 1347, "column": 19 },
          "end": { "line": 1347, "column": 29 }
        }
      },
      "54": {
        "name": "confirmForgotPassword",
        "decl": {
          "start": { "line": 1362, "column": 22 },
          "end": { "line": 1362, "column": 43 }
        },
        "loc": {
          "start": { "line": 1362, "column": 43 },
          "end": { "line": 1421, "column": null }
        }
      },
      "55": {
        "name": "(anonymous_64)",
        "decl": {
          "start": { "line": 1362, "column": 44 },
          "end": { "line": 1362, "column": null }
        },
        "loc": {
          "start": { "line": 1374, "column": 1 },
          "end": { "line": 1421, "column": 1 }
        }
      },
      "56": {
        "name": "changePassword",
        "decl": {
          "start": { "line": 1434, "column": 22 },
          "end": { "line": 1434, "column": 36 }
        },
        "loc": {
          "start": { "line": 1434, "column": 36 },
          "end": { "line": 1466, "column": null }
        }
      },
      "57": {
        "name": "(anonymous_66)",
        "decl": {
          "start": { "line": 1434, "column": 37 },
          "end": { "line": 1434, "column": null }
        },
        "loc": {
          "start": { "line": 1444, "column": 1 },
          "end": { "line": 1466, "column": 1 }
        }
      },
      "58": {
        "name": "changePasswordForCurrentUser",
        "decl": {
          "start": { "line": 1478, "column": 22 },
          "end": { "line": 1478, "column": 50 }
        },
        "loc": {
          "start": { "line": 1478, "column": 50 },
          "end": { "line": 1501, "column": null }
        }
      },
      "59": {
        "name": "(anonymous_68)",
        "decl": {
          "start": { "line": 1478, "column": 51 },
          "end": { "line": 1478, "column": null }
        },
        "loc": {
          "start": { "line": 1486, "column": 1 },
          "end": { "line": 1501, "column": 1 }
        }
      },
      "60": {
        "name": "associateSoftwareToken",
        "decl": {
          "start": { "line": 1513, "column": 22 },
          "end": { "line": 1513, "column": 44 }
        },
        "loc": {
          "start": { "line": 1513, "column": 44 },
          "end": { "line": 1549, "column": null }
        }
      },
      "61": {
        "name": "(anonymous_70)",
        "decl": {
          "start": { "line": 1513, "column": 45 },
          "end": { "line": 1513, "column": null }
        },
        "loc": {
          "start": { "line": 1521, "column": 1 },
          "end": { "line": 1549, "column": 1 }
        }
      },
      "62": {
        "name": "(anonymous_71)",
        "decl": {
          "start": { "line": 1548, "column": 10 },
          "end": { "line": 1548, "column": 11 }
        },
        "loc": {
          "start": { "line": 1548, "column": 19 },
          "end": { "line": 1548, "column": 29 }
        }
      },
      "63": {
        "name": "verifySoftwareToken",
        "decl": {
          "start": { "line": 1563, "column": 22 },
          "end": { "line": 1563, "column": 41 }
        },
        "loc": {
          "start": { "line": 1563, "column": 41 },
          "end": { "line": 1604, "column": null }
        }
      },
      "64": {
        "name": "(anonymous_73)",
        "decl": {
          "start": { "line": 1563, "column": 42 },
          "end": { "line": 1563, "column": null }
        },
        "loc": {
          "start": { "line": 1575, "column": 1 },
          "end": { "line": 1604, "column": 1 }
        }
      },
      "65": {
        "name": "(anonymous_74)",
        "decl": {
          "start": { "line": 1603, "column": 10 },
          "end": { "line": 1603, "column": 11 }
        },
        "loc": {
          "start": { "line": 1603, "column": 19 },
          "end": { "line": 1603, "column": 29 }
        }
      },
      "66": {
        "name": "associateSoftwareTokenForCurrentUser",
        "decl": {
          "start": { "line": 1613, "column": 22 },
          "end": { "line": 1613, "column": 58 }
        },
        "loc": {
          "start": { "line": 1613, "column": 58 },
          "end": { "line": 1630, "column": null }
        }
      },
      "67": {
        "name": "(anonymous_76)",
        "decl": {
          "start": { "line": 1613, "column": 59 },
          "end": { "line": 1613, "column": null }
        },
        "loc": {
          "start": { "line": 1617, "column": 6 },
          "end": { "line": 1630, "column": 1 }
        }
      },
      "68": {
        "name": "verifySoftwareTokenForCurrentUser",
        "decl": {
          "start": { "line": 1641, "column": 22 },
          "end": { "line": 1641, "column": 55 }
        },
        "loc": {
          "start": { "line": 1641, "column": 55 },
          "end": { "line": 1664, "column": null }
        }
      },
      "69": {
        "name": "(anonymous_78)",
        "decl": {
          "start": { "line": 1641, "column": 56 },
          "end": { "line": 1641, "column": null }
        },
        "loc": {
          "start": { "line": 1649, "column": 1 },
          "end": { "line": 1664, "column": 1 }
        }
      },
      "70": {
        "name": "confirmDevice",
        "decl": {
          "start": { "line": 1678, "column": 22 },
          "end": { "line": 1678, "column": 35 }
        },
        "loc": {
          "start": { "line": 1678, "column": 35 },
          "end": { "line": 1800, "column": null }
        }
      },
      "71": {
        "name": "(anonymous_80)",
        "decl": {
          "start": { "line": 1678, "column": 36 },
          "end": { "line": 1678, "column": null }
        },
        "loc": {
          "start": { "line": 1693, "column": 1 },
          "end": { "line": 1800, "column": 1 }
        }
      },
      "72": {
        "name": "updateDeviceStatus",
        "decl": {
          "start": { "line": 1813, "column": 22 },
          "end": { "line": 1813, "column": 40 }
        },
        "loc": {
          "start": { "line": 1813, "column": 40 },
          "end": { "line": 1845, "column": null }
        }
      },
      "73": {
        "name": "(anonymous_82)",
        "decl": {
          "start": { "line": 1813, "column": 41 },
          "end": { "line": 1813, "column": null }
        },
        "loc": {
          "start": { "line": 1823, "column": 1 },
          "end": { "line": 1845, "column": 1 }
        }
      },
      "74": {
        "name": "listDevices",
        "decl": {
          "start": { "line": 1857, "column": 22 },
          "end": { "line": 1857, "column": 33 }
        },
        "loc": {
          "start": { "line": 1857, "column": 33 },
          "end": { "line": 1891, "column": null }
        }
      },
      "75": {
        "name": "(anonymous_84)",
        "decl": {
          "start": { "line": 1857, "column": 34 },
          "end": { "line": 1857, "column": null }
        },
        "loc": {
          "start": { "line": 1867, "column": 1 },
          "end": { "line": 1891, "column": 1 }
        }
      },
      "76": {
        "name": "(anonymous_85)",
        "decl": {
          "start": { "line": 1890, "column": 10 },
          "end": { "line": 1890, "column": 11 }
        },
        "loc": {
          "start": { "line": 1890, "column": 19 },
          "end": { "line": 1890, "column": 29 }
        }
      },
      "77": {
        "name": "getDevice",
        "decl": {
          "start": { "line": 1902, "column": 22 },
          "end": { "line": 1902, "column": 31 }
        },
        "loc": {
          "start": { "line": 1902, "column": 31 },
          "end": { "line": 1933, "column": null }
        }
      },
      "78": {
        "name": "(anonymous_87)",
        "decl": {
          "start": { "line": 1902, "column": 32 },
          "end": { "line": 1902, "column": null }
        },
        "loc": {
          "start": { "line": 1910, "column": 1 },
          "end": { "line": 1933, "column": 1 }
        }
      },
      "79": {
        "name": "(anonymous_88)",
        "decl": {
          "start": { "line": 1932, "column": 10 },
          "end": { "line": 1932, "column": 11 }
        },
        "loc": {
          "start": { "line": 1932, "column": 19 },
          "end": { "line": 1932, "column": 29 }
        }
      },
      "80": {
        "name": "forgetDevice",
        "decl": {
          "start": { "line": 1944, "column": 22 },
          "end": { "line": 1944, "column": 34 }
        },
        "loc": {
          "start": { "line": 1944, "column": 34 },
          "end": { "line": 1973, "column": null }
        }
      },
      "81": {
        "name": "(anonymous_90)",
        "decl": {
          "start": { "line": 1944, "column": 35 },
          "end": { "line": 1944, "column": null }
        },
        "loc": {
          "start": { "line": 1952, "column": 1 },
          "end": { "line": 1973, "column": 1 }
        }
      }
    },
    "branchMap": {
      "0": {
        "loc": {
          "start": { "line": 117, "column": 4 },
          "end": { "line": 117, "column": 75 }
        },
        "type": "binary-expr",
        "locations": [
          {
            "start": { "line": 117, "column": 4 },
            "end": { "line": 117, "column": 9 }
          },
          {
            "start": { "line": 117, "column": 13 },
            "end": { "line": 117, "column": 36 }
          },
          {
            "start": { "line": 117, "column": 40 },
            "end": { "line": 117, "column": 55 }
          },
          {
            "start": { "line": 117, "column": 59 },
            "end": { "line": 117, "column": 75 }
          }
        ]
      },
      "1": {
        "loc": {
          "start": { "line": 124, "column": 2 },
          "end": { "line": 129, "column": 3 }
        },
        "type": "if",
        "locations": [
          {
            "start": { "line": 124, "column": 2 },
            "end": { "line": 129, "column": 3 }
          }
        ]
      },
      "2": {
        "loc": {
          "start": { "line": 135, "column": 2 },
          "end": { "line": 137, "column": 3 }
        },
        "type": "if",
        "locations": [
          {
            "start": { "line": 135, "column": 2 },
            "end": { "line": 137, "column": 3 }
          }
        ]
      },
      "3": {
        "loc": {
          "start": { "line": 143, "column": 2 },
          "end": { "line": 145, "column": 3 }
        },
        "type": "if",
        "locations": [
          {
            "start": { "line": 143, "column": 2 },
            "end": { "line": 145, "column": 3 }
          }
        ]
      },
      "4": {
        "loc": {
          "start": { "line": 150, "column": 4 },
          "end": { "line": 153, "column": 32 }
        },
        "type": "binary-expr",
        "locations": [
          {
            "start": { "line": 150, "column": 4 },
            "end": { "line": 150, "column": 9 }
          },
          {
            "start": { "line": 151, "column": 4 },
            "end": { "line": 151, "column": 27 }
          },
          {
            "start": { "line": 152, "column": 4 },
            "end": { "line": 152, "column": 26 }
          },
          {
            "start": { "line": 153, "column": 4 },
            "end": { "line": 153, "column": 32 }
          }
        ]
      },
      "5": {
        "loc": {
          "start": { "line": 162, "column": 2 },
          "end": { "line": 164, "column": 3 }
        },
        "type": "if",
        "locations": [
          {
            "start": { "line": 162, "column": 2 },
            "end": { "line": 164, "column": 3 }
          }
        ]
      },
      "6": {
        "loc": {
          "start": { "line": 170, "column": 9 },
          "end": { "line": 170, "column": 74 }
        },
        "type": "binary-expr",
        "locations": [
          {
            "start": { "line": 170, "column": 9 },
            "end": { "line": 170, "column": 14 }
          },
          {
            "start": { "line": 170, "column": 18 },
            "end": { "line": 170, "column": 41 }
          },
          {
            "start": { "line": 170, "column": 45 },
            "end": { "line": 170, "column": 74 }
          }
        ]
      },
      "7": {
        "loc": {
          "start": { "line": 178, "column": 2 },
          "end": { "line": 180, "column": 3 }
        },
        "type": "if",
        "locations": [
          {
            "start": { "line": 178, "column": 2 },
            "end": { "line": 180, "column": 3 }
          }
        ]
      },
      "8": {
        "loc": {
          "start": { "line": 187, "column": 2 },
          "end": { "line": 189, "column": 3 }
        },
        "type": "if",
        "locations": [
          {
            "start": { "line": 187, "column": 2 },
            "end": { "line": 189, "column": 3 }
          }
        ]
      },
      "9": {
        "loc": {
          "start": { "line": 187, "column": 6 },
          "end": { "line": 187, "column": 64 }
        },
        "type": "binary-expr",
        "locations": [
          {
            "start": { "line": 187, "column": 6 },
            "end": { "line": 187, "column": 35 }
          },
          {
            "start": { "line": 187, "column": 39 },
            "end": { "line": 187, "column": 64 }
          }
        ]
      },
      "10": {
        "loc": {
          "start": { "line": 223, "column": 2 },
          "end": { "line": 241, "column": 3 }
        },
        "type": "if",
        "locations": [
          {
            "start": { "line": 223, "column": 2 },
            "end": { "line": 241, "column": 3 }
          }
        ]
      },
      "11": {
        "loc": {
          "start": { "line": 223, "column": 6 },
          "end": { "line": 223, "column": 61 }
        },
        "type": "binary-expr",
        "locations": [
          {
            "start": { "line": 223, "column": 6 },
            "end": { "line": 223, "column": 34 }
          },
          {
            "start": { "line": 223, "column": 38 },
            "end": { "line": 223, "column": 61 }
          }
        ]
      },
      "12": {
        "loc": {
          "start": { "line": 231, "column": 6 },
          "end": { "line": 236, "column": 7 }
        },
        "type": "if",
        "locations": [
          {
            "start": { "line": 231, "column": 6 },
            "end": { "line": 236, "column": 7 }
          }
        ]
      },
      "13": {
        "loc": {
          "start": { "line": 235, "column": 8 },
          "end": { "line": 235, "column": 76 }
        },
        "type": "cond-expr",
        "locations": [
          {
            "start": { "line": 235, "column": 13 },
            "end": { "line": 235, "column": 16 }
          },
          {
            "start": { "line": 235, "column": 8 },
            "end": { "line": 235, "column": 76 }
          }
        ]
      },
      "14": {
        "loc": {
          "start": { "line": 235, "column": 8 },
          "end": { "line": 235, "column": 16 }
        },
        "type": "binary-expr",
        "locations": [
          {
            "start": { "line": 235, "column": 8 },
            "end": { "line": 235, "column": 16 }
          },
          {
            "start": { "line": 235, "column": 8 },
            "end": { "line": 235, "column": 16 }
          }
        ]
      },
      "15": {
        "loc": {
          "start": { "line": 239, "column": 6 },
          "end": { "line": 239, "column": 75 }
        },
        "type": "cond-expr",
        "locations": [
          {
            "start": { "line": 239, "column": 11 },
            "end": { "line": 239, "column": 14 }
          },
          {
            "start": { "line": 239, "column": 6 },
            "end": { "line": 239, "column": 75 }
          }
        ]
      },
      "16": {
        "loc": {
          "start": { "line": 239, "column": 6 },
          "end": { "line": 239, "column": 14 }
        },
        "type": "binary-expr",
        "locations": [
          {
            "start": { "line": 239, "column": 6 },
            "end": { "line": 239, "column": 14 }
          },
          {
            "start": { "line": 239, "column": 6 },
            "end": { "line": 239, "column": 14 }
          }
        ]
      },
      "17": {
        "loc": {
          "start": { "line": 244, "column": 2 },
          "end": { "line": 253, "column": 3 }
        },
        "type": "if",
        "locations": [
          {
            "start": { "line": 244, "column": 2 },
            "end": { "line": 253, "column": 3 }
          }
        ]
      },
      "18": {
        "loc": {
          "start": { "line": 245, "column": 4 },
          "end": { "line": 249, "column": 33 }
        },
        "type": "binary-expr",
        "locations": [
          {
            "start": { "line": 245, "column": 4 },
            "end": { "line": 245, "column": 13 }
          },
          {
            "start": { "line": 246, "column": 5 },
            "end": { "line": 246, "column": 33 }
          },
          {
            "start": { "line": 247, "column": 6 },
            "end": { "line": 247, "column": 39 }
          },
          {
            "start": { "line": 248, "column": 6 },
            "end": { "line": 248, "column": 34 }
          },
          {
            "start": { "line": 249, "column": 6 },
            "end": { "line": 249, "column": 32 }
          }
        ]
      },
      "19": {
        "loc": {
          "start": { "line": 251, "column": 4 },
          "end": { "line": 251, "column": 68 }
        },
        "type": "cond-expr",
        "locations": [
          {
            "start": { "line": 251, "column": 9 },
            "end": { "line": 251, "column": 12 }
          },
          {
            "start": { "line": 251, "column": 4 },
            "end": { "line": 251, "column": 68 }
          }
        ]
      },
      "20": {
        "loc": {
          "start": { "line": 251, "column": 4 },
          "end": { "line": 251, "column": 12 }
        },
        "type": "binary-expr",
        "locations": [
          {
            "start": { "line": 251, "column": 4 },
[...]
        "start": { "line": 182, "column": 8 },
        "end": { "line": 182, "column": 69 }
      },
      "83": {
        "start": { "line": 183, "column": 8 },
        "end": { "line": 183, "column": 60 }
      },
      "84": {
        "start": { "line": 184, "column": 8 },
        "end": { "line": 184, "column": 19 }
      },
      "85": {
        "start": { "line": 191, "column": 13 },
        "end": { "line": 194, "column": 2 }
      },
      "86": {
        "start": { "line": 195, "column": 13 },
        "end": { "line": 197, "column": 2 }
      },
      "87": {
        "start": { "line": 199, "column": 24 },
        "end": { "line": 220, "column": 1 }
      },
      "88": {
        "start": { "line": 200, "column": 14 },
        "end": { "line": 204, "column": null }
      },
      "89": {
        "start": { "line": 203, "column": 28 },
        "end": { "line": 203, "column": 65 }
      },
      "90": {
        "start": { "line": 206, "column": 2 },
        "end": { "line": 219, "column": 4 }
      },
      "91": {
        "start": { "line": 207, "column": 19 },
        "end": { "line": 207, "column": 33 }
      },
      "92": {
        "start": { "line": 208, "column": 4 },
        "end": { "line": 217, "column": 5 }
      },
      "93": {
        "start": { "line": 209, "column": 6 },
        "end": { "line": 209, "column": 38 }
      },
      "94": {
        "start": { "line": 210, "column": 6 },
        "end": { "line": 210, "column": 67 }
      },
      "95": {
        "start": { "line": 211, "column": 6 },
        "end": { "line": 215, "column": 8 }
      },
      "96": {
        "start": { "line": 216, "column": 6 },
        "end": { "line": 216, "column": 79 }
      },
      "97": {
        "start": { "line": 218, "column": 4 },
        "end": { "line": 218, "column": 27 }
      },
      "98": {
        "start": { "line": 222, "column": 13 },
        "end": { "line": 225, "column": 2 }
      },
      "99": {
        "start": { "line": 226, "column": 13 },
        "end": { "line": 228, "column": 2 }
      },
      "100": {
        "start": { "line": 231, "column": 2 },
        "end": { "line": 233, "column": 3 }
      },
      "101": {
        "start": { "line": 231, "column": 15 },
        "end": { "line": 231, "column": 16 }
      },
      "102": {
        "start": { "line": 232, "column": 4 },
        "end": { "line": 232, "column": 33 }
      }
    },
    "fnMap": {
      "0": {
        "name": "throwIfNot2xx",
        "decl": {
          "start": { "line": 21, "column": 22 },
          "end": { "line": 21, "column": 35 }
        },
        "loc": {
          "start": { "line": 21, "column": 56 },
          "end": { "line": 43, "column": null }
        }
      },
      "1": {
        "name": "parseJwtPayload",
        "decl": {
          "start": { "line": 45, "column": 16 },
          "end": { "line": 45, "column": 31 }
        },
        "loc": {
          "start": { "line": 47, "column": 13 },
          "end": { "line": 56, "column": 1 }
        }
      },
      "2": {
        "name": "setTimeoutWallClock",
        "decl": {
          "start": { "line": 64, "column": 16 },
          "end": { "line": 64, "column": 35 }
        },
        "loc": {
          "start": { "line": 64, "column": 62 },
          "end": { "line": 117, "column": 1 }
        }
      },
      "3": {
        "name": "(anonymous_11)",
        "decl": {
          "start": { "line": 69, "column": 26 },
          "end": { "line": 69, "column": 29 }
        },
        "loc": {
          "start": { "line": 69, "column": 31 },
          "end": { "line": 74, "column": 5 }
        }
      },
      "4": {
        "name": "(anonymous_12)",
        "decl": {
          "start": { "line": 80, "column": 11 },
          "end": { "line": 80, "column": 14 }
        },
        "loc": {
          "start": { "line": 80, "column": 17 },
          "end": { "line": 80, "column": 33 }
        }
      },
      "5": {
        "name": "(anonymous_13)",
        "decl": {
          "start": { "line": 92, "column": 18 },
          "end": { "line": 92, "column": 21 }
        },
        "loc": {
          "start": { "line": 92, "column": 23 },
          "end": { "line": 96, "column": 3 }
        }
      },
      "6": {
        "name": "(anonymous_14)",
        "decl": {
          "start": { "line": 99, "column": 25 },
          "end": { "line": 99, "column": 28 }
        },
        "loc": {
          "start": { "line": 99, "column": 30 },
          "end": { "line": 112, "column": 3 }
        }
      },
      "7": {
        "name": "(anonymous_15)",
        "decl": {
          "start": { "line": 103, "column": 29 },
          "end": { "line": 103, "column": 32 }
        },
        "loc": {
          "start": { "line": 103, "column": 34 },
          "end": { "line": 109, "column": 5 }
        }
      },
      "8": {
        "name": "currentBrowserLocationWithoutFragmentIdentifier",
        "decl": {
          "start": { "line": 119, "column": 16 },
          "end": { "line": 119, "column": 63 }
        },
        "loc": {
          "start": { "line": 119, "column": 63 },
          "end": { "line": 124, "column": 1 }
        }
      },
      "9": {
        "name": "removeFragmentIdentifierFromBrowserLocation",
        "decl": {
          "start": { "line": 126, "column": 16 },
          "end": { "line": 126, "column": 59 }
        },
        "loc": {
          "start": { "line": 126, "column": 59 },
          "end": { "line": 129, "column": 1 }
        }
      },
      "10": {
        "name": "timeAgo",
        "decl": {
          "start": { "line": 131, "column": 16 },
          "end": { "line": 131, "column": 23 }
        },
        "loc": {
          "start": { "line": 131, "column": 54 },
          "end": { "line": 155, "column": 1 }
        }
      },
      "11": {
        "name": "(anonymous_19)",
        "decl": {
          "start": { "line": 145, "column": 52 },
          "end": { "line": 145, "column": 53 }
        },
        "loc": {
          "start": { "line": 145, "column": 66 },
          "end": { "line": 147, "column": 3 }
        }
      },
      "12": {
        "name": "(anonymous_20)",
        "decl": {
          "start": { "line": 162, "column": 26 },
          "end": { "line": 162, "column": 36 }
        },
        "loc": {
          "start": { "line": 162, "column": 68 },
          "end": { "line": 189, "column": 1 }
        }
      },
      "13": {
        "name": "(anonymous_21)",
        "decl": {
          "start": { "line": 166, "column": 6 },
          "end": { "line": 166, "column": 7 }
        },
        "loc": {
          "start": { "line": 166, "column": 28 },
          "end": { "line": 166, "column": 79 }
        }
      },
      "14": {
        "name": "(anonymous_22)",
        "decl": {
          "start": { "line": 169, "column": 9 },
          "end": { "line": 169, "column": 19 }
        },
        "loc": {
          "start": { "line": 169, "column": 33 },
          "end": { "line": 188, "column": 3 }
        }
      },
      "15": {
        "name": "(anonymous_23)",
        "decl": {
          "start": { "line": 176, "column": 6 },
          "end": { "line": 176, "column": 7 }
        },
        "loc": {
          "start": { "line": 176, "column": 28 },
          "end": { "line": 185, "column": 7 }
        }
      },
      "16": {
        "name": "(anonymous_24)",
        "decl": {
          "start": { "line": 199, "column": 24 },
          "end": { "line": 199, "column": 34 }
        },
        "loc": {
          "start": { "line": 199, "column": 66 },
          "end": { "line": 220, "column": 1 }
        }
      },
      "17": {
        "name": "(anonymous_25)",
        "decl": {
          "start": { "line": 203, "column": 6 },
          "end": { "line": 203, "column": 7 }
        },
        "loc": {
          "start": { "line": 203, "column": 28 },
          "end": { "line": 203, "column": 65 }
        }
      },
      "18": {
        "name": "(anonymous_26)",
        "decl": {
          "start": { "line": 206, "column": 9 },
          "end": { "line": 206, "column": 19 }
        },
        "loc": {
          "start": { "line": 206, "column": 38 },
          "end": { "line": 219, "column": 3 }
        }
      },
      "19": {
        "name": "chunks",
        "decl": {
          "start": { "line": 230, "column": 10 },
          "end": { "line": 230, "column": 16 }
        },
        "loc": {
          "start": { "line": 230, "column": 43 },
          "end": { "line": 234, "column": 1 }
        }
      }
    },
    "branchMap": {
      "0": {
        "loc": {
          "start": { "line": 22, "column": 2 },
          "end": { "line": 24, "column": 3 }
        },
        "type": "if",
        "locations": [
          {
            "start": { "line": 22, "column": 2 },
            "end": { "line": 24, "column": 3 }
          }
        ]
      },
      "1": {
        "loc": {
          "start": { "line": 28, "column": 2 },
          "end": { "line": 33, "column": 3 }
        },
        "type": "if",
        "locations": [
          {
            "start": { "line": 28, "column": 2 },
            "end": { "line": 33, "column": 3 }
          }
        ]
      },
      "2": {
        "loc": {
          "start": { "line": 30, "column": 4 },
          "end": { "line": 32, "column": 5 }
        },
        "type": "if",
        "locations": [
          {
            "start": { "line": 30, "column": 4 },
            "end": { "line": 32, "column": 5 }
          }
        ]
      },
      "3": {
        "loc": {
          "start": { "line": 36, "column": 2 },
          "end": { "line": 38, "column": 3 }
        },
        "type": "if",
        "locations": [
          {
            "start": { "line": 36, "column": 2 },
            "end": { "line": 38, "column": 3 }
          }
        ]
      },
      "4": {
        "loc": {
          "start": { "line": 50, "column": 2 },
          "end": { "line": 52, "column": 3 }
        },
        "type": "if",
        "locations": [
          {
            "start": { "line": 50, "column": 2 },
            "end": { "line": 52, "column": 3 }
          }
        ]
      },
      "5": {
        "loc": {
          "start": { "line": 68, "column": 2 },
          "end": { "line": 81, "column": 3 }
        },
        "type": "if",
        "locations": [
          {
            "start": { "line": 68, "column": 2 },
            "end": { "line": 81, "column": 3 }
          }
        ]
      },
      "6": {
        "loc": {
          "start": { "line": 70, "column": 6 },
          "end": { "line": 73, "column": 7 }
        },
        "type": "if",
        "locations": [
          {
            "start": { "line": 70, "column": 6 },
            "end": { "line": 73, "column": 7 }
          }
        ]
      },
      "7": {
        "loc": {
          "start": { "line": 78, "column": 4 },
          "end": { "line": 78, "column": 49 }
        },
        "type": "if",
        "locations": [
          {
            "start": { "line": 78, "column": 4 },
            "end": { "line": 78, "column": 49 }
          }
        ]
      },
      "8": {
        "loc": {
          "start": { "line": 94, "column": 4 },
          "end": { "line": 94, "column": 43 }
        },
        "type": "if",
        "locations": [
          {
            "start": { "line": 94, "column": 4 },
            "end": { "line": 94, "column": 43 }
          }
        ]
      },
      "9": {
        "loc": {
          "start": { "line": 95, "column": 4 },
          "end": { "line": 95, "column": 46 }
        },
        "type": "if",
        "locations": [
          {
            "start": { "line": 95, "column": 4 },
            "end": { "line": 95, "column": 46 }
          }
        ]
      },
      "10": {
        "loc": {
          "start": { "line": 100, "column": 4 },
          "end": { "line": 100, "column": 26 }
        },
        "type": "if",
        "locations": [
          {
            "start": { "line": 100, "column": 4 },
            "end": { "line": 100, "column": 26 }
          }
        ]
      },
      "11": {
        "loc": {
          "start": { "line": 104, "column": 6 },
          "end": { "line": 104, "column": 28 }
        },
        "type": "if",
        "locations": [
          {
            "start": { "line": 104, "column": 6 },
            "end": { "line": 104, "column": 28 }
          }
        ]
      },
      "12": {
        "loc": {
          "start": { "line": 105, "column": 6 },
          "end": { "line": 108, "column": 7 }
        },
        "type": "if",
        "locations": [
          {
            "start": { "line": 105, "column": 6 },
            "end": { "line": 108, "column": 7 }
          }
        ]
      },
      "13": {
        "loc": {
          "start": { "line": 111, "column": 4 },
          "end": { "line": 111, "column": 67 }
        },
        "type": "if",
        "locations": [
          {
            "start": { "line": 111, "column": 4 },
            "end": { "line": 111, "column": 67 }
          }
        ]
      },
      "14": {
        "loc": {
          "start": { "line": 114, "column": 2 },
          "end": { "line": 114, "column": 63 }
        },
        "type": "if",
        "locations": [
          {
            "start": { "line": 114, "column": 2 },
            "end": { "line": 114, "column": 63 }
          }
        ]
      },
      "15": {
        "loc": {
          "start": { "line": 132, "column": 2 },
          "end": { "line": 132, "column": 28 }
        },
        "type": "if",
        "locations": [
          {
            "start": { "line": 132, "column": 2 },
            "end": { "line": 132, "column": 28 }
          }
        ]
      },
      "16": {
        "loc": {
          "start": { "line": 145, "column": 24 },
          "end": { "line": 147, "column": 22 }
        },
        "type": "cond-expr",
        "locations": [
          {
            "start": { "line": 147, "column": 4 },
            "end": { "line": 147, "column": 8 }
          },
          {
            "start": { "line": 147, "column": 8 },
            "end": { "line": 147, "column": 22 }
          }
        ]
      },
      "17": {
        "loc": {
          "start": { "line": 145, "column": 24 },
          "end": { "line": 147, "column": 8 }
        },
        "type": "binary-expr",
        "locations": [
          {
            "start": { "line": 145, "column": 24 },
            "end": { "line": 147, "column": 8 }
          },
          {
            "start": { "line": 147, "column": 4 },
            "end": { "line": 147, "column": 8 }
          }
        ]
      },
      "18": {
        "loc": {
          "start": { "line": 149, "column": 9 },
          "end": { "line": 153, "column": null }
        },
        "type": "cond-expr",
        "locations": [
          {
            "start": { "line": 150, "column": 6 },
            "end": { "line": 150, "column": 16 }
          },
          {
            "start": { "line": 151, "column": 6 },
            "end": { "line": 153, "column": null }
          }
        ]
      },
      "19": {
        "loc": {
          "start": { "line": 149, "column": 9 },
          "end": { "line": 149, "column": 41 }
        },
        "type": "binary-expr",
        "locations": [
          {
            "start": { "line": 149, "column": 9 },
            "end": { "line": 149, "column": 27 }
          },
          {
            "start": { "line": 149, "column": 31 },
            "end": { "line": 149, "column": 41 }
          }
        ]
      },
      "20": {
        "loc": {
          "start": { "line": 162, "column": 56 },
          "end": { "line": 162, "column": 68 }
        },
        "type": "default-arg",
        "locations": [
          {
            "start": { "line": 162, "column": 66 },
            "end": { "line": 162, "column": 68 }
          }
        ]
      },
      "21": {
        "loc": {
          "start": { "line": 170, "column": 26 },
          "end": { "line": 173, "column": 9 }
        },
        "type": "cond-expr",
        "locations": [
          {
            "start": { "line": 172, "column": 8 },
            "end": { "line": 172, "column": 76 }
          },
          {
            "start": { "line": 173, "column": 8 },
            "end": { "line": 173, "column": 9 }
          }
        ]
      },
      "22": {
        "loc": {
          "start": { "line": 199, "column": 54 },
          "end": { "line": 199, "column": 66 }
        },
        "type": "default-arg",
        "locations": [
          {
            "start": { "line": 199, "column": 64 },
            "end": { "line": 199, "column": 66 }
          }
        ]
      },
      "23": {
        "loc": {
          "start": { "line": 212, "column": 8 },
          "end": { "line": 214, "column": 19 }
        },
        "type": "cond-expr",
        "locations": [
          {
            "start": { "line": 213, "column": 12 },
            "end": { "line": 213, "column": 61 }
          },
          {
            "start": { "line": 214, "column": 12 },
            "end": { "line": 214, "column": 19 }
          }
        ]
      },
      "24": {
        "loc": {
          "start": { "line": 216, "column": 18 },
          "end": { "line": 216, "column": 77 }
        },
        "type": "cond-expr",
        "locations": [
          {
            "start": { "line": 216, "column": 43 },
            "end": { "line": 216, "column": 67 }
          },
          {
            "start": { "line": 216, "column": 70 },
            "end": { "line": 216, "column": 77 }
          }
        ]
      }
    },
    "s": {
      "0": 3,
      "1": 0,
      "2": 0,
      "3": 0,
      "4": 0,
      "5": 0,
      "6": 0,
      "7": 0,
      "8": 0,
      "9": 0,
      "10": 0,
      "11": 0,
      "12": 0,
      "13": 0,
      "14": 3,
      "15": 16,
      "16": 16,
      "17": 16,
      "18": 0,
      "19": 16,
      "20": 3,
      "21": 3,
      "22": 3,
      "23": 0,
      "24": 0,
      "25": 0,
      "26": 0,
      "27": 0,
      "28": 0,
      "29": 0,
      "30": 0,
      "31": 3,
      "32": 3,
      "33": 3,
      "34": 0,
      "35": 0,
      "36": 0,
      "37": 0,
      "38": 0,
      "39": 3,
      "40": 0,
      "41": 0,
      "42": 0,
      "43": 0,
      "44": 0,
      "45": 0,
      "46": 0,
      "47": 0,
      "48": 0,
      "49": 0,
      "50": 3,
      "51": 0,
      "52": 3,
      "53": 3,
      "54": 0,
      "55": 0,
      "56": 0,
      "57": 0,
      "58": 3,
      "59": 0,
      "60": 0,
      "61": 3,
      "62": 0,
      "63": 0,
      "64": 0,
      "65": 0,
      "66": 0,
      "67": 0,
      "68": 0,
      "69": 0,
      "70": 3,
      "71": 3,
      "72": 6,
      "73": 384,
      "74": 6,
      "75": 16,
      "76": 16,
      "77": 452,
      "78": 452,
      "79": 452,
      "80": 452,
      "81": 452,
      "82": 452,
      "83": 452,
      "84": 452,
      "85": 3,
      "86": 3,
      "87": 3,
      "88": 6,
      "89": 384,
      "90": 6,
      "91": 0,
      "92": 0,
      "93": 0,
      "94": 0,
      "95": 0,
      "96": 0,
      "97": 0,
      "98": 3,
      "99": 3,
      "100": 0,
      "101": 0,
      "102": 0
    },
    "f": {
      "0": 0,
      "1": 16,
      "2": 3,
      "3": 0,
      "4": 0,
      "5": 0,
      "6": 0,
      "7": 0,
      "8": 0,
      "9": 0,
      "10": 0,
      "11": 0,
      "12": 6,
      "13": 384,
      "14": 16,
      "15": 452,
      "16": 6,
      "17": 384,
      "18": 0,
      "19": 0
    },
    "b": {
      "0": [0],
      "1": [0],
      "2": [0],
      "3": [0],
      "4": [0],
      "5": [0],
      "6": [0],
      "7": [0],
      "8": [0],
      "9": [0],
      "10": [0],
      "11": [0],
      "12": [0],
      "13": [0],
      "14": [0],
      "15": [0],
      "16": [0, 0],
      "17": [0, 0],
      "18": [0, 0],
      "19": [0, 0],
      "20": [3],
      "21": [0, 16],
      "22": [3],
      "23": [0, 0],
      "24": [0, 0]
    }
  }
}
