TN:
SF:client/cognito-api.ts
FN:115,isErrorResponse
FN:121,assertIsNotErrorResponse
FN:132,assertIsNotChallengeResponse
FN:140,assertIsNotAuthenticatedResponse
FN:148,isChallengeResponse
FN:157,assertIsChallengeResponse
FN:167,isAuthenticatedResponse
FN:173,assertIsAuthenticatedResponse
FN:183,assertIsSignInResponse
FN:192,initiateAuth
FN:198,(anonymous_17)
FN:283,respondToAuthChallenge
FN:283,(anonymous_19)
FN:375,confirmSignUp
FN:375,(anonymous_21)
FN:437,revokeToken
FN:437,(anonymous_23)
FN:465,getTokensFromRefreshToken
FN:465,(anonymous_25)
FN:645,getId
FN:645,(anonymous_27)
FN:677,(anonymous_28)
FN:686,getUser
FN:686,(anonymous_30)
FN:713,(anonymous_31)
FN:716,getCredentialsForIdentity
FN:716,(anonymous_33)
FN:749,(anonymous_34)
FN:754,signUp
FN:754,(anonymous_36)
FN:816,(anonymous_37)
FN:822,(anonymous_38)
FN:838,updateUserAttributes
FN:838,(anonymous_40)
FN:866,(anonymous_41)
FN:876,getUserAttributeVerificationCode
FN:876,(anonymous_43)
FN:911,verifyUserAttribute
FN:911,(anonymous_45)
FN:945,setUserMFAPreference
FN:945,(anonymous_47)
FN:986,handleAuthResponse
FN:986,(anonymous_49)
FN:1155,extractInitiateAuthResponse
FN:1162,(anonymous_51)
FN:1162,(anonymous_52)
FN:1176,extractChallengeResponse
FN:1183,calculateSecretHash
FN:1227,resendConfirmationCode
FN:1227,(anonymous_58)
FN:1281,(anonymous_59)
FN:1294,forgotPassword
FN:1294,(anonymous_61)
FN:1347,(anonymous_62)
FN:1362,confirmForgotPassword
FN:1362,(anonymous_64)
FN:1434,changePassword
FN:1434,(anonymous_66)
FN:1478,changePasswordForCurrentUser
FN:1478,(anonymous_68)
FN:1513,associateSoftwareToken
FN:1513,(anonymous_70)
FN:1548,(anonymous_71)
FN:1563,verifySoftwareToken
FN:1563,(anonymous_73)
FN:1603,(anonymous_74)
FN:1613,associateSoftwareTokenForCurrentUser
FN:1613,(anonymous_76)
FN:1641,verifySoftwareTokenForCurrentUser
FN:1641,(anonymous_78)
FN:1678,confirmDevice
FN:1678,(anonymous_80)
FN:1813,updateDeviceStatus
FN:1813,(anonymous_82)
FN:1857,listDevices
FN:1857,(anonymous_84)
FN:1890,(anonymous_85)
FN:1902,getDevice
FN:1902,(anonymous_87)
FN:1932,(anonymous_88)
FN:1944,forgetDevice
FN:1944,(anonymous_90)
FNF:82
FNH:0
FNDA:0,isErrorResponse
FNDA:0,assertIsNotErrorResponse
FNDA:0,assertIsNotChallengeResponse
FNDA:0,assertIsNotAuthenticatedResponse
FNDA:0,isChallengeResponse
FNDA:0,assertIsChallengeResponse
FNDA:0,isAuthenticatedResponse
FNDA:0,assertIsAuthenticatedResponse
FNDA:0,assertIsSignInResponse
FNDA:0,initiateAuth
FNDA:0,(anonymous_17)
FNDA:0,respondToAuthChallenge
FNDA:0,(anonymous_19)
FNDA:0,confirmSignUp
FNDA:0,(anonymous_21)
FNDA:0,revokeToken
FNDA:0,(anonymous_23)
FNDA:0,getTokensFromRefreshToken
FNDA:0,(anonymous_25)
FNDA:0,getId
FNDA:0,(anonymous_27)
FNDA:0,(anonymous_28)
FNDA:0,getUser
FNDA:0,(anonymous_30)
FNDA:0,(anonymous_31)
FNDA:0,getCredentialsForIdentity
FNDA:0,(anonymous_33)
FNDA:0,(anonymous_34)
FNDA:0,signUp
FNDA:0,(anonymous_36)
FNDA:0,(anonymous_37)
FNDA:0,(anonymous_38)
FNDA:0,updateUserAttributes
FNDA:0,(anonymous_40)
FNDA:0,(anonymous_41)
FNDA:0,getUserAttributeVerificationCode
FNDA:0,(anonymous_43)
FNDA:0,verifyUserAttribute
FNDA:0,(anonymous_45)
FNDA:0,setUserMFAPreference
FNDA:0,(anonymous_47)
FNDA:0,handleAuthResponse
FNDA:0,(anonymous_49)
FNDA:0,extractInitiateAuthResponse
FNDA:0,(anonymous_51)
FNDA:0,(anonymous_52)
FNDA:0,extractChallengeResponse
FNDA:0,calculateSecretHash
FNDA:0,resendConfirmationCode
FNDA:0,(anonymous_58)
FNDA:0,(anonymous_59)
FNDA:0,forgotPassword
FNDA:0,(anonymous_61)
FNDA:0,(anonymous_62)
FNDA:0,confirmForgotPassword
FNDA:0,(anonymous_64)
FNDA:0,changePassword
FNDA:0,(anonymous_66)
FNDA:0,changePasswordForCurrentUser
FNDA:0,(anonymous_68)
FNDA:0,associateSoftwareToken
FNDA:0,(anonymous_70)
FNDA:0,(anonymous_71)
FNDA:0,verifySoftwareToken
FNDA:0,(anonymous_73)
FNDA:0,(anonymous_74)
FNDA:0,associateSoftwareTokenForCurrentUser
FNDA:0,(anonymous_76)
FNDA:0,verifySoftwareTokenForCurrentUser
FNDA:0,(anonymous_78)
FNDA:0,confirmDevice
FNDA:0,(anonymous_80)
FNDA:0,updateDeviceStatus
FNDA:0,(anonymous_82)
FNDA:0,listDevices
FNDA:0,(anonymous_84)
FNDA:0,(anonymous_85)
FNDA:0,getDevice
FNDA:0,(anonymous_87)
FNDA:0,(anonymous_88)
FNDA:0,forgetDevice
FNDA:0,(anonymous_90)
DA:15,3
DA:16,3
DA:17,3
DA:18,3
DA:19,3
DA:21,3
DA:115,3
DA:116,0
DA:121,3
DA:124,0
DA:125,0
DA:126,0
DA:127,0
DA:128,0
DA:132,3
DA:135,0
DA:136,0
DA:140,3
DA:143,0
DA:144,0
DA:148,3
DA:149,0
DA:157,3
DA:160,0
DA:161,0
DA:162,0
DA:163,0
DA:167,3
DA:170,0
DA:173,3
DA:176,0
DA:177,0
DA:178,0
DA:179,0
DA:183,3
DA:186,0
DA:187,0
DA:188,0
DA:192,3
DA:198,0
DA:218,0
DA:223,0
DA:224,0
DA:226,0
DA:227,0
DA:231,0
DA:232,0
DA:235,0
DA:239,0
DA:244,0
DA:251,0
DA:252,0
DA:255,0
DA:283,3
DA:303,0
DA:308,0
DA:309,0
DA:311,0
DA:312,0
DA:316,0
DA:317,0
DA:320,0
DA:326,0
DA:333,0
DA:375,3
DA:389,0
DA:394,0
DA:396,0
DA:397,0
DA:399,0
DA:400,0
DA:408,0
DA:437,3
DA:444,0
DA:445,0
DA:465,3
DA:483,0
DA:485,0
DA:496,0
DA:502,0
DA:503,0
DA:504,0
DA:507,0
DA:508,0
DA:511,0
DA:514,0
DA:515,0
DA:518,0
DA:521,0
DA:522,0
DA:532,0
DA:533,0
DA:551,0
DA:552,0
DA:554,0
DA:557,0
DA:558,0
DA:559,0
DA:562,0
DA:563,0
DA:566,0
DA:570,0
DA:582,0
DA:583,0
DA:584,0
DA:589,0
DA:590,0
DA:591,0
DA:596,0
DA:597,0
DA:598,0
DA:603,0
DA:604,0
DA:605,0
DA:611,0
DA:622,0
DA:633,0
DA:635,0
DA:638,0
DA:641,0
DA:645,3
DA:652,0
DA:653,0
DA:654,0
DA:655,0
DA:656,0
DA:658,0
DA:659,0
DA:677,0
DA:686,3
DA:693,0
DA:694,0
DA:695,0
DA:713,0
DA:716,3
DA:723,0
DA:724,0
DA:725,0
DA:726,0
DA:727,0
DA:729,0
DA:730,0
DA:750,0
DA:754,3
DA:779,0
DA:784,0
DA:786,0
DA:787,0
DA:789,0
DA:790,0
DA:793,0
DA:797,0
DA:800,0
DA:816,0
DA:822,0
DA:838,3
DA:849,0
DA:850,0
DA:851,0
DA:866,0
DA:876,3
DA:887,0
DA:888,0
DA:889,0
DA:911,3
DA:922,0
DA:923,0
DA:924,0
DA:945,3
DA:956,0
DA:957,0
DA:958,0
DA:986,3
DA:1021,0
DA:1024,0
DA:1026,0
DA:1028,0
DA:1029,0
DA:1030,0
DA:1033,0
DA:1034,0
DA:1036,0
DA:1037,0
DA:1039,0
DA:1040,0
DA:1043,0
DA:1063,0
DA:1064,0
DA:1065,0
DA:1066,0
DA:1067,0
DA:1068,0
DA:1069,0
DA:1070,0
DA:1071,0
DA:1072,0
DA:1073,0
DA:1074,0
DA:1075,0
DA:1076,0
DA:1079,0
DA:1082,0
DA:1083,0
DA:1085,0
DA:1088,0
DA:1089,0
DA:1090,0
DA:1091,0
DA:1095,0
DA:1098,0
DA:1101,0
DA:1102,0
DA:1103,0
DA:1105,0
DA:1106,0
DA:1107,0
DA:1109,0
DA:1110,0
DA:1115,0
DA:1116,0
DA:1117,0
DA:1118,0
DA:1122,0
DA:1125,0
DA:1130,0
DA:1131,0
DA:1133,0
DA:1135,0
DA:1137,0
DA:1139,0
DA:1140,0
DA:1150,0
DA:1151,0
DA:1162,0
DA:1163,0
DA:1164,0
DA:1165,0
DA:1166,0
DA:1168,0
DA:1170,0
DA:1177,0
DA:1178,0
DA:1179,0
DA:1180,0
DA:1184,0
DA:1185,0
DA:1186,0
DA:1187,0
DA:1189,0
DA:1196,0
DA:1201,0
DA:1227,3
DA:1237,0
DA:1242,0
DA:1244,0
DA:1245,0
DA:1247,0
DA:1248,0
DA:1256,0
DA:1281,0
DA:1294,3
DA:1304,0
DA:1309,0
DA:1311,0
DA:1312,0
DA:1314,0
DA:1315,0
DA:1323,0
DA:1347,0
DA:1362,3
DA:1376,0
DA:1381,0
DA:1383,0
DA:1384,0
DA:1386,0
DA:1387,0
DA:1395,0
DA:1434,3
DA:1445,0
DA:1447,0
DA:1478,3
DA:1487,0
DA:1489,0
DA:1490,0
DA:1495,0
DA:1513,3
DA:1522,0
DA:1524,0
DA:1525,0
DA:1528,0
DA:1548,0
DA:1563,3
DA:1576,0
DA:1578,0
DA:1579,0
DA:1582,0
DA:1603,0
DA:1613,3
DA:1618,0
DA:1620,0
DA:1621,0
DA:1626,0
DA:1641,3
DA:1650,0
DA:1652,0
DA:1653,0
DA:1658,0
DA:1678,3
DA:1694,0
DA:1696,0
DA:1697,0
DA:1698,0
DA:1701,0
DA:1702,0
DA:1706,0
DA:1709,0
DA:1710,0
DA:1711,0
DA:1712,0
DA:1716,0
DA:1721,0
DA:1725,0
DA:1729,0
DA:1733,0
DA:1738,0
DA:1739,0
DA:1743,0
DA:1753,0
DA:1765,0
DA:1782,0
DA:1783,0
DA:1785,0
DA:1787,0
DA:1788,0
DA:1790,0
DA:1792,0
DA:1795,0
DA:1796,0
DA:1798,0
DA:1813,3
DA:1824,0
DA:1826,0
DA:1857,3
DA:1868,0
DA:1870,0
DA:1890,0
DA:1902,3
DA:1911,0
DA:1913,0
DA:1932,0
DA:1944,3
DA:1953,0
DA:1955,0
LF:353
LH:43
BRDA:117,0,0,0
BRDA:117,0,1,0
BRDA:117,0,2,0
BRDA:117,0,3,0
BRDA:124,1,0,0
BRDA:135,2,0,0
BRDA:143,3,0,0
BRDA:150,4,0,0
BRDA:150,4,1,0
BRDA:150,4,2,0
BRDA:150,4,3,0
BRDA:162,5,0,0
BRDA:170,6,0,0
BRDA:170,6,1,0
BRDA:170,6,2,0
BRDA:178,7,0,0
BRDA:187,8,0,0
BRDA:187,9,0,0
BRDA:187,9,1,0
BRDA:223,10,0,0
BRDA:223,11,0,0
BRDA:223,11,1,0
BRDA:231,12,0,0
BRDA:235,13,0,0
BRDA:235,13,1,0
BRDA:235,14,0,0
BRDA:235,14,1,0
BRDA:239,15,0,0
BRDA:239,15,1,0
BRDA:239,16,0,0
BRDA:239,16,1,0
BRDA:244,17,0,0
BRDA:245,18,0,0
BRDA:245,18,1,0
BRDA:245,18,2,0
BRDA:245,18,3,0
BRDA:245,18,4,0
BRDA:251,19,0,0
BRDA:251,19,1,0
BRDA:251,20,0,0
BRDA:251,20,1,0
BRDA:256,21,0,0
BRDA:256,21,1,0
BRDA:272,22,0,0
BRDA:272,22,1,0
BRDA:277,23,0,0
BRDA:277,23,1,0
BRDA:308,24,0,0
BRDA:316,25,0,0
BRDA:320,26,0,0
BRDA:320,26,1,0
BRDA:320,27,0,0
BRDA:320,27,1,0
BRDA:326,28,0,0
BRDA:326,28,1,0
BRDA:326,29,0,0
BRDA:326,29,1,0
BRDA:334,30,0,0
BRDA:334,30,1,0
BRDA:349,31,0,0
BRDA:349,31,1,0
BRDA:356,32,0,0
BRDA:356,32,1,0
BRDA:399,33,0,0
BRDA:409,34,0,0
BRDA:409,34,1,0
BRDA:424,35,0,0
BRDA:424,35,1,0
BRDA:427,36,0,0
BRDA:427,36,1,0
BRDA:428,37,0,0
BRDA:428,37,1,0
BRDA:446,38,0,0
BRDA:446,38,1,0
BRDA:485,39,0,0
BRDA:485,39,1,0
BRDA:485,40,0,0
BRDA:485,40,1,0
BRDA:502,41,0,0
BRDA:503,42,0,0
BRDA:503,42,1,0
BRDA:503,43,0,0
BRDA:503,43,1,0
BRDA:507,44,0,0
BRDA:508,45,0,0
BRDA:508,45,1,0
BRDA:508,46,0,0
BRDA:508,46,1,0
BRDA:514,47,0,0
BRDA:515,48,0,0
BRDA:515,48,1,0
BRDA:515,49,0,0
BRDA:515,49,1,0
BRDA:521,50,0,0
BRDA:521,50,1,0
BRDA:521,51,0,0
BRDA:521,51,1,0
BRDA:522,52,0,0
BRDA:522,52,1,0
BRDA:522,53,0,0
BRDA:522,53,1,0
BRDA:534,54,0,0
BRDA:534,54,1,0
BRDA:557,55,0,0
BRDA:557,56,0,0
BRDA:557,56,1,0
BRDA:558,57,0,0
BRDA:558,57,1,0
BRDA:558,58,0,0
BRDA:558,58,1,0
BRDA:562,59,0,0
BRDA:563,60,0,0
BRDA:563,60,1,0
BRDA:563,61,0,0
BRDA:563,61,1,0
BRDA:582,62,0,0
BRDA:582,63,0,0
BRDA:582,63,1,0
BRDA:583,64,0,0
BRDA:583,64,1,0
BRDA:583,65,0,0
BRDA:583,65,1,0
BRDA:589,66,0,0
BRDA:589,67,0,0
BRDA:589,67,1,0
BRDA:590,68,0,0
BRDA:590,68,1,0
BRDA:590,69,0,0
BRDA:590,69,1,0
BRDA:596,70,0,0
BRDA:596,71,0,0
BRDA:596,71,1,0
BRDA:597,72,0,0
BRDA:597,72,1,0
BRDA:597,73,0,0
BRDA:597,73,1,0
BRDA:603,74,0,0
BRDA:603,75,0,0
BRDA:603,75,1,0
BRDA:604,76,0,0
BRDA:604,76,1,0
BRDA:604,77,0,0
BRDA:604,77,1,0
BRDA:622,78,0,0
BRDA:622,78,1,0
BRDA:622,79,0,0
BRDA:622,79,1,0
BRDA:635,80,0,0
BRDA:635,80,1,0
BRDA:635,81,0,0
BRDA:635,81,1,0
BRDA:636,82,0,0
BRDA:636,82,1,0
BRDA:638,83,0,0
BRDA:638,83,1,0
BRDA:638,84,0,0
BRDA:638,84,1,0
BRDA:639,85,0,0
BRDA:639,85,1,0
BRDA:654,86,0,0
BRDA:654,86,1,0
BRDA:654,87,0,0
BRDA:654,87,1,0
BRDA:655,88,0,0
BRDA:694,89,0,0
BRDA:694,89,1,0
BRDA:694,90,0,0
BRDA:694,90,1,0
BRDA:694,91,0,0
BRDA:694,91,1,0
BRDA:694,92,0,0
BRDA:694,92,1,0
BRDA:696,93,0,0
BRDA:696,93,1,0
BRDA:725,94,0,0
BRDA:725,94,1,0
BRDA:725,95,0,0
BRDA:725,95,1,0
BRDA:726,96,0,0
BRDA:789,97,0,0
BRDA:793,98,0,0
BRDA:793,98,1,0
BRDA:793,99,0,0
BRDA:793,99,1,0
BRDA:797,100,0,0
BRDA:797,100,1,0
BRDA:797,101,0,0
BRDA:797,101,1,0
BRDA:801,102,0,0
BRDA:801,102,1,0
BRDA:815,103,0,0
BRDA:815,103,1,0
BRDA:821,104,0,0
BRDA:821,104,1,0
BRDA:828,105,0,0
BRDA:828,105,1,0
BRDA:831,106,0,0
BRDA:831,106,1,0
BRDA:850,107,0,0
BRDA:850,107,1,0
BRDA:850,108,0,0
BRDA:850,108,1,0
BRDA:850,109,0,0
BRDA:850,109,1,0
BRDA:850,110,0,0
BRDA:850,110,1,0
BRDA:852,111,0,0
BRDA:852,111,1,0
BRDA:888,112,0,0
BRDA:888,112,1,0
BRDA:888,113,0,0
BRDA:888,113,1,0
BRDA:888,114,0,0
BRDA:888,114,1,0
BRDA:888,115,0,0
BRDA:888,115,1,0
BRDA:890,116,0,0
BRDA:890,116,1,0
BRDA:923,117,0,0
BRDA:923,117,1,0
BRDA:923,118,0,0
BRDA:923,118,1,0
BRDA:923,119,0,0
BRDA:923,119,1,0
BRDA:923,120,0,0
BRDA:923,120,1,0
BRDA:925,121,0,0
BRDA:925,121,1,0
BRDA:957,122,0,0
BRDA:957,122,1,0
BRDA:957,123,0,0
BRDA:957,123,1,0
BRDA:957,124,0,0
BRDA:957,124,1,0
BRDA:957,125,0,0
BRDA:957,125,1,0
BRDA:959,126,0,0
BRDA:959,126,1,0
BRDA:972,127,0,0
BRDA:972,127,1,0
BRDA:976,128,0,0
BRDA:976,128,1,0
BRDA:1024,129,0,0
BRDA:1024,129,1,0
BRDA:1024,130,0,0
BRDA:1024,130,1,0
BRDA:1029,131,0,0
BRDA:1033,132,0,0
BRDA:1033,132,1,0
BRDA:1033,133,0,0
BRDA:1033,133,1,0
BRDA:1033,134,0,0
BRDA:1033,134,1,0
BRDA:1036,135,0,0
BRDA:1036,135,1,0
BRDA:1036,136,0,0
BRDA:1036,136,1,0
BRDA:1037,137,0,0
BRDA:1037,138,0,0
BRDA:1037,138,1,0
BRDA:1037,139,0,0
BRDA:1037,139,1,0
BRDA:1040,140,0,0
BRDA:1040,140,1,0
BRDA:1040,141,0,0
BRDA:1040,141,1,0
BRDA:1051,142,0,0
BRDA:1051,142,1,0
BRDA:1064,143,0,0
BRDA:1064,143,1,0
BRDA:1065,144,0,0
BRDA:1067,145,0,0
BRDA:1067,145,1,0
BRDA:1068,146,0,0
BRDA:1070,147,0,0
BRDA:1070,147,1,0
BRDA:1071,148,0,0
BRDA:1074,149,0,0
BRDA:1074,149,1,0
BRDA:1075,150,0,0
BRDA:1079,151,0,0
BRDA:1079,151,1,0
BRDA:1079,152,0,0
BRDA:1079,152,1,0
BRDA:1082,153,0,0
BRDA:1082,153,1,0
BRDA:1085,154,0,0
BRDA:1085,154,1,0
BRDA:1085,155,0,0
BRDA:1085,155,1,0
BRDA:1088,156,0,0
BRDA:1090,157,0,0
BRDA:1103,158,0,0
BRDA:1103,158,1,0
BRDA:1109,159,0,0
BRDA:1109,159,1,0
BRDA:1109,160,0,0
BRDA:1109,160,1,0
BRDA:1110,161,0,0
BRDA:1110,161,1,0
BRDA:1110,162,0,0
BRDA:1110,162,1,0
BRDA:1115,163,0,0
BRDA:1117,164,0,0
BRDA:1139,165,0,0
BRDA:1139,165,1,0
BRDA:1139,166,0,0
BRDA:1139,166,1,0
BRDA:1150,167,0,0
BRDA:1150,167,1,0
BRDA:1150,168,0,0
BRDA:1150,168,1,0
BRDA:1165,169,0,0
BRDA:1165,169,1,0
BRDA:1185,170,0,0
BRDA:1185,170,1,0
BRDA:1185,171,0,0
BRDA:1185,171,1,0
BRDA:1185,172,0,0
BRDA:1185,172,1,0
BRDA:1185,173,0,0
BRDA:1185,173,1,0
BRDA:1186,174,0,0
BRDA:1247,175,0,0
BRDA:1257,176,0,0
BRDA:1257,176,1,0
BRDA:1272,177,0,0
BRDA:1272,177,1,0
BRDA:1275,178,0,0
BRDA:1275,178,1,0
BRDA:1314,179,0,0
BRDA:1324,180,0,0
BRDA:1324,180,1,0
BRDA:1338,181,0,0
BRDA:1338,181,1,0
BRDA:1341,182,0,0
BRDA:1341,182,1,0
BRDA:1386,183,0,0
BRDA:1396,184,0,0
BRDA:1396,184,1,0
BRDA:1413,185,0,0
BRDA:1413,185,1,0
BRDA:1416,186,0,0
BRDA:1416,186,1,0
BRDA:1448,187,0,0
BRDA:1448,187,1,0
BRDA:1489,188,0,0
BRDA:1489,189,0,0
BRDA:1489,189,1,0
BRDA:1489,190,0,0
BRDA:1489,190,1,0
BRDA:1524,191,0,0
BRDA:1524,192,0,0
BRDA:1524,192,1,0
BRDA:1529,193,0,0
BRDA:1529,193,1,0
BRDA:1541,194,0,0
BRDA:1541,194,1,0
BRDA:1542,195,0,0
BRDA:1542,195,1,0
BRDA:1578,196,0,0
BRDA:1578,197,0,0
BRDA:1578,197,1,0
BRDA:1583,198,0,0
BRDA:1583,198,1,0
BRDA:1595,199,0,0
BRDA:1595,199,1,0
BRDA:1596,200,0,0
BRDA:1596,200,1,0
BRDA:1597,201,0,0
BRDA:1597,201,1,0
BRDA:1613,202,0,0
BRDA:1620,203,0,0
BRDA:1620,204,0,0
BRDA:1620,204,1,0
BRDA:1620,205,0,0
BRDA:1620,205,1,0
BRDA:1652,206,0,0
BRDA:1652,207,0,0
BRDA:1652,207,1,0
BRDA:1652,208,0,0
BRDA:1652,208,1,0
BRDA:1696,209,0,0
BRDA:1696,209,1,0
BRDA:1696,210,0,0
BRDA:1696,210,1,0
BRDA:1697,211,0,0
BRDA:1697,211,1,0
BRDA:1697,212,0,0
BRDA:1697,212,1,0
BRDA:1698,213,0,0
BRDA:1698,213,1,0
BRDA:1698,214,0,0
BRDA:1698,214,1,0
BRDA:1698,215,0,0
BRDA:1698,215,1,0
BRDA:1701,216,0,0
BRDA:1702,217,0,0
BRDA:1702,217,1,0
BRDA:1702,218,0,0
BRDA:1702,218,1,0
BRDA:1710,219,0,0
BRDA:1710,220,0,0
BRDA:1710,220,1,0
BRDA:1711,221,0,0
BRDA:1711,221,1,0
BRDA:1711,222,0,0
BRDA:1711,222,1,0
BRDA:1716,223,0,0
BRDA:1721,224,0,0
BRDA:1721,224,1,0
BRDA:1721,225,0,0
BRDA:1721,225,1,0
BRDA:1729,226,0,0
BRDA:1729,226,1,0
BRDA:1729,227,0,0
BRDA:1729,227,1,0
BRDA:1733,228,0,0
BRDA:1733,228,1,0
BRDA:1733,229,0,0
BRDA:1733,229,1,0
BRDA:1739,230,0,0
BRDA:1739,230,1,0
BRDA:1739,231,0,0
BRDA:1739,231,1,0
BRDA:1750,232,0,0
BRDA:1750,232,1,0
BRDA:1753,233,0,0
BRDA:1753,233,1,0
BRDA:1753,234,0,0
BRDA:1753,234,1,0
BRDA:1766,235,0,0
BRDA:1766,235,1,0
BRDA:1787,236,0,0
BRDA:1787,236,1,0
BRDA:1787,237,0,0
BRDA:1787,237,1,0
BRDA:1788,238,0,0
BRDA:1788,238,1,0
BRDA:1788,239,0,0
BRDA:1788,239,1,0
BRDA:1792,240,0,0
BRDA:1792,240,1,0
BRDA:1792,241,0,0
BRDA:1792,241,1,0
BRDA:1795,242,0,0
BRDA:1795,242,1,0
BRDA:1796,243,0,0
BRDA:1796,243,1,0
BRDA:1796,244,0,0
BRDA:1796,244,1,0
BRDA:1827,245,0,0
BRDA:1827,245,1,0
BRDA:1871,246,0,0
BRDA:1871,246,1,0
BRDA:1883,247,0,0
BRDA:1883,247,1,0
BRDA:1884,248,0,0
BRDA:1884,248,1,0
BRDA:1914,249,0,0
BRDA:1914,249,1,0
BRDA:1956,250,0,0
BRDA:1956,250,1,0
BRF:463
BRH:0
end_of_record
TN:
SF:client/cognito-security.ts
FN:29,(anonymous_7)
FN:33,(anonymous_8)
FN:36,(anonymous_9)
FN:49,(anonymous_10)
FN:54,(anonymous_11)
FN:64,(anonymous_12)
FN:111,(anonymous_14)
FN:112,(anonymous_15)
FN:121,(anonymous_16)
FN:134,(anonymous_17)
FN:135,(anonymous_18)
FN:154,(anonymous_19)
FN:190,(anonymous_20)
FN:201,(anonymous_22)
FNF:14
FNH:5
FNDA:3,(anonymous_7)
FNDA:0,(anonymous_8)
FNDA:0,(anonymous_9)
FNDA:3,(anonymous_10)
FNDA:3,(anonymous_11)
FNDA:3,(anonymous_12)
FNDA:0,(anonymous_14)
FNDA:0,(anonymous_15)
FNDA:0,(anonymous_16)
FNDA:0,(anonymous_17)
FNDA:0,(anonymous_18)
FNDA:0,(anonymous_19)
FNDA:0,(anonymous_20)
FNDA:3,(anonymous_22)
DA:15,3
DA:29,3
DA:30,3
DA:33,3
DA:34,0
DA:36,3
DA:37,0
DA:42,3
DA:44,3
DA:45,3
DA:46,3
DA:55,3
DA:56,3
DA:58,3
DA:65,3
DA:66,0
DA:69,3
DA:70,0
DA:72,0
DA:73,0
DA:76,0
DA:80,0
DA:81,0
DA:82,0
DA:83,0
DA:86,0
DA:89,0
DA:91,0
DA:92,0
DA:94,0
DA:95,0
DA:96,0
DA:100,0
DA:101,0
DA:102,0
DA:106,0
DA:107,0
DA:108,0
DA:111,0
DA:112,0
DA:113,0
DA:114,0
DA:115,0
DA:118,0
DA:121,0
DA:122,0
DA:125,0
DA:126,0
DA:131,0
DA:134,0
DA:135,0
DA:136,0
DA:140,0
DA:142,0
DA:147,0
DA:155,0
DA:156,0
DA:158,0
DA:159,0
DA:162,0
DA:165,0
DA:166,0
DA:169,0
DA:172,0
DA:173,0
DA:179,0
DA:183,0
DA:191,0
DA:192,0
DA:197,3
DA:199,3
LF:71
LH:16
BRDA:30,0,0,3
BRDA:30,0,1,3
BRDA:34,1,0,0
BRDA:34,1,1,0
BRDA:37,2,0,0
BRDA:37,2,1,0
BRDA:55,3,0,3
BRDA:65,4,0,0
BRDA:65,5,0,3
BRDA:65,5,1,3
BRDA:72,6,0,0
BRDA:73,7,0,0
BRDA:73,7,1,0
BRDA:73,8,0,0
BRDA:73,8,1,0
BRDA:80,9,0,0
BRDA:83,10,0,0
BRDA:83,10,1,0
BRDA:83,11,0,0
BRDA:83,11,1,0
BRDA:92,12,0,0
BRDA:92,12,1,0
BRDA:96,13,0,0
BRDA:96,13,1,0
BRDA:96,14,0,0
BRDA:96,14,1,0
BRDA:101,15,0,0
BRDA:115,16,0,0
BRDA:115,16,1,0
BRDA:115,17,0,0
BRDA:115,17,1,0
BRDA:125,18,0,0
BRDA:125,18,1,0
BRDA:125,19,0,0
BRDA:125,19,1,0
BRDA:142,20,0,0
BRDA:142,20,1,0
BRDA:142,21,0,0
BRDA:142,21,1,0
BRDA:158,22,0,0
BRDA:159,23,0,0
BRDA:159,23,1,0
BRDA:159,24,0,0
BRDA:159,24,1,0
BRDA:165,25,0,0
BRDA:165,26,0,0
BRDA:165,26,1,0
BRDA:165,26,2,0
BRDA:166,27,0,0
BRDA:166,27,1,0
BRDA:166,28,0,0
BRDA:166,28,1,0
BRDA:179,29,0,0
BRDA:179,29,1,0
BRDA:179,30,0,0
BRDA:179,30,1,0
BRDA:197,31,0,3
BRF:57
BRH:6
end_of_record
TN:
SF:client/common.ts
FN:65,processTokensInternal
FN:201,(anonymous_9)
FN:219,(anonymous_10)
FN:223,(anonymous_11)
FN:233,(anonymous_12)
FN:266,processTokens
FN:298,(anonymous_15)
FN:298,(anonymous_16)
FN:320,(anonymous_17)
FN:339,(anonymous_18)
FN:339,(anonymous_19)
FN:347,(anonymous_20)
FN:347,(anonymous_21)
FN:428,(anonymous_22)
FN:428,(anonymous_23)
FN:443,(anonymous_24)
FNF:16
FNH:10
FNDA:2,processTokensInternal
FNDA:0,(anonymous_9)
FNDA:1,(anonymous_10)
FNDA:0,(anonymous_11)
FNDA:0,(anonymous_12)
FNDA:2,processTokens
FNDA:2,(anonymous_15)
FNDA:2,(anonymous_16)
FNDA:2,(anonymous_17)
FNDA:2,(anonymous_18)
FNDA:2,(anonymous_19)
FNDA:1,(anonymous_20)
FNDA:1,(anonymous_21)
FNDA:0,(anonymous_22)
FNDA:0,(anonymous_23)
FNDA:0,(anonymous_24)
DA:15,3
DA:16,3
DA:17,3
DA:23,3
DA:30,3
DA:31,3
DA:32,3
DA:33,3
DA:37,3
DA:40,3
DA:44,3
DA:69,2
DA:71,2
DA:74,2
DA:83,2
DA:96,2
DA:100,0
DA:106,0
DA:113,0
DA:117,0
DA:120,0
DA:124,0
DA:128,0
DA:134,0
DA:138,0
DA:143,2
DA:144,0
DA:145,0
DA:146,0
DA:150,2
DA:156,2
DA:159,2
DA:160,2
DA:171,2
DA:173,2
DA:176,2
DA:179,2
DA:183,1
DA:186,1
DA:190,1
DA:191,0
DA:192,0
DA:195,1
DA:198,1
DA:199,0
DA:202,0
DA:204,0
DA:205,0
DA:213,1
DA:219,1
DA:220,1
DA:221,1
DA:225,0
DA:226,0
DA:228,0
DA:231,0
DA:234,0
DA:236,0
DA:237,0
DA:242,1
DA:244,1
DA:247,0
DA:250,0
DA:253,0
DA:258,1
DA:259,1
DA:266,3
DA:270,2
DA:273,2
DA:274,2
DA:276,0
DA:277,0
DA:280,0
DA:282,0
DA:287,2
DA:288,0
DA:291,2
DA:293,2
DA:295,2
DA:296,2
DA:298,2
DA:303,0
DA:304,0
DA:307,0
DA:311,0
DA:320,3
DA:326,2
DA:327,2
DA:328,2
DA:329,0
DA:333,2
DA:334,2
DA:336,2
DA:339,2
DA:341,2
DA:342,2
DA:343,2
DA:347,2
DA:348,1
DA:349,1
DA:352,1
DA:353,0
DA:354,0
DA:355,0
DA:356,0
DA:357,0
DA:361,1
DA:362,1
DA:363,0
DA:364,0
DA:365,0
DA:367,1
DA:368,1
DA:369,1
DA:370,1
DA:371,1
DA:373,0
DA:374,0
DA:375,0
DA:394,0
DA:396,0
DA:401,0
DA:402,0
DA:403,0
DA:407,0
DA:409,0
DA:416,0
DA:418,0
DA:419,0
DA:420,0
DA:421,0
DA:424,2
DA:425,1
DA:426,1
DA:428,0
DA:429,0
DA:430,0
DA:435,0
DA:436,0
DA:438,1
DA:439,1
DA:441,2
DA:443,0
LF:143
LH:76
BRDA:71,0,0,0
BRDA:71,0,1,2
BRDA:71,1,0,2
BRDA:71,1,1,2
BRDA:77,2,0,2
BRDA:77,2,1,0
BRDA:83,3,0,0
BRDA:83,3,1,2
BRDA:83,4,0,2
BRDA:83,4,1,2
BRDA:90,5,0,2
BRDA:90,5,1,0
BRDA:96,6,0,0
BRDA:96,6,1,2
BRDA:97,7,0,2
BRDA:97,7,1,0
BRDA:98,8,0,0
BRDA:98,8,1,0
BRDA:98,9,0,0
BRDA:98,9,1,0
BRDA:100,10,0,0
BRDA:100,10,1,0
BRDA:100,11,0,0
BRDA:100,11,1,0
BRDA:106,12,0,0
BRDA:106,12,1,0
BRDA:107,13,0,0
BRDA:107,13,1,0
BRDA:113,14,0,0
BRDA:113,14,1,0
BRDA:113,15,0,0
BRDA:113,15,1,0
BRDA:124,16,0,0
BRDA:124,16,1,0
BRDA:124,17,0,0
BRDA:124,17,1,0
BRDA:128,18,0,0
BRDA:128,18,1,0
BRDA:128,19,0,0
BRDA:128,19,1,0
BRDA:134,20,0,0
BRDA:134,20,1,0
BRDA:134,21,0,0
BRDA:134,21,1,0
BRDA:143,22,0,0
BRDA:143,22,1,2
BRDA:145,23,0,0
BRDA:145,23,1,0
BRDA:145,24,0,0
BRDA:145,24,1,0
BRDA:145,25,0,0
BRDA:145,25,1,0
BRDA:145,26,0,0
BRDA:145,26,1,0
BRDA:146,27,0,0
BRDA:146,27,1,0
BRDA:146,28,0,0
BRDA:146,28,1,0
BRDA:150,29,0,0
BRDA:150,29,1,2
BRDA:150,30,0,2
BRDA:150,30,1,2
BRDA:156,31,0,0
BRDA:156,31,1,2
BRDA:156,32,0,2
BRDA:156,32,1,2
BRDA:160,33,0,0
BRDA:160,33,1,2
BRDA:160,34,0,2
BRDA:160,34,1,2
BRDA:165,35,0,0
BRDA:165,35,1,2
BRDA:165,36,0,2
BRDA:165,36,1,2
BRDA:171,37,0,2
BRDA:171,37,1,0
BRDA:171,38,0,2
BRDA:171,38,1,2
BRDA:179,39,0,1
BRDA:180,40,0,2
BRDA:180,40,1,1
BRDA:183,41,0,0
BRDA:183,41,1,1
BRDA:183,42,0,1
BRDA:183,42,1,1
BRDA:190,43,0,0
BRDA:190,44,0,1
BRDA:190,44,1,0
BRDA:190,45,0,1
BRDA:190,45,1,1
BRDA:198,46,0,0
BRDA:204,47,0,0
BRDA:220,48,0,0
BRDA:220,48,1,1
BRDA:220,49,0,1
BRDA:220,49,1,1
BRDA:225,50,0,0
BRDA:228,51,0,0
BRDA:234,52,0,0
BRDA:234,52,1,0
BRDA:234,53,0,0
BRDA:234,53,1,0
BRDA:236,54,0,0
BRDA:242,55,0,1
BRDA:242,55,1,0
BRDA:247,56,0,0
BRDA:247,56,1,0
BRDA:247,57,0,0
BRDA:247,57,1,0
BRDA:253,58,0,0
BRDA:253,58,1,0
BRDA:253,59,0,0
BRDA:253,59,1,0
BRDA:258,60,0,0
BRDA:258,60,1,1
BRDA:258,61,0,1
BRDA:258,61,1,1
BRDA:274,62,0,0
BRDA:282,63,0,0
BRDA:282,63,1,0
BRDA:282,64,0,0
BRDA:282,64,1,0
BRDA:287,65,0,0
BRDA:293,66,0,0
BRDA:293,66,1,2
BRDA:293,67,0,2
BRDA:293,67,1,2
BRDA:303,68,0,0
BRDA:304,69,0,0
BRDA:304,69,1,0
BRDA:304,70,0,0
BRDA:304,70,1,0
BRDA:327,71,0,0
BRDA:327,71,1,2
BRDA:327,72,0,2
BRDA:327,72,1,2
BRDA:328,73,0,0
BRDA:328,74,0,2
BRDA:328,74,1,0
BRDA:329,75,0,0
BRDA:329,75,1,0
BRDA:329,76,0,0
BRDA:329,76,1,0
BRDA:333,77,0,2
BRDA:333,77,1,0
BRDA:333,78,0,2
BRDA:333,78,1,2
BRDA:342,79,0,1
BRDA:342,79,1,1
BRDA:342,80,0,2
BRDA:342,80,1,2
BRDA:343,81,0,1
BRDA:343,81,1,1
BRDA:349,82,0,1
BRDA:349,82,1,0
BRDA:349,83,0,1
BRDA:349,83,1,1
BRDA:352,84,0,0
BRDA:354,85,0,0
BRDA:355,86,0,0
BRDA:355,86,1,0
BRDA:355,87,0,0
BRDA:355,87,1,0
BRDA:362,88,0,0
BRDA:363,89,0,0
BRDA:363,89,1,0
BRDA:363,90,0,0
BRDA:363,90,1,0
BRDA:364,91,0,0
BRDA:364,91,1,0
BRDA:364,92,0,0
BRDA:364,92,1,0
BRDA:364,93,0,0
BRDA:364,93,1,0
BRDA:367,94,0,1
BRDA:368,95,0,1
BRDA:368,95,1,0
BRDA:368,96,0,1
BRDA:368,96,1,1
BRDA:369,97,0,1
BRDA:369,97,1,0
BRDA:369,98,0,1
BRDA:369,98,1,1
BRDA:369,99,0,1
BRDA:369,99,1,0
BRDA:369,100,0,1
BRDA:369,100,1,1
BRDA:370,101,0,1
BRDA:370,101,1,0
BRDA:370,102,0,1
BRDA:370,102,1,1
BRDA:394,103,0,0
BRDA:394,103,1,0
BRDA:394,104,0,0
BRDA:394,104,1,0
BRDA:394,105,0,0
BRDA:394,105,1,0
BRDA:394,106,0,0
BRDA:394,106,1,0
BRDA:396,107,0,0
BRDA:397,108,0,0
BRDA:397,108,1,0
BRDA:397,108,2,0
BRDA:407,109,0,0
BRDA:407,109,1,0
BRDA:407,110,0,0
BRDA:407,110,1,0
BRDA:409,111,0,0
BRDA:409,111,1,0
BRDA:409,112,0,0
BRDA:409,112,1,0
BRDA:416,113,0,0
BRDA:416,113,1,0
BRDA:416,114,0,0
BRDA:416,114,1,0
BRDA:418,115,0,0
BRDA:419,116,0,0
BRDA:419,116,1,0
BRDA:419,117,0,0
BRDA:419,117,1,0
BRDA:420,118,0,0
BRDA:420,118,1,0
BRDA:420,119,0,0
BRDA:420,119,1,0
BRDA:420,120,0,0
BRDA:420,120,1,0
BRDA:424,121,0,1
BRDA:425,122,0,1
BRDA:425,122,1,0
BRDA:425,123,0,1
BRDA:425,123,1,1
BRDA:429,124,0,0
BRDA:429,124,1,0
BRDA:429,125,0,0
BRDA:429,125,1,0
BRDA:435,126,0,0
BRDA:435,126,1,0
BRDA:435,127,0,0
BRDA:435,127,1,0
BRDA:438,128,0,1
BRDA:438,128,1,0
BRDA:438,129,0,1
BRDA:438,129,1,1
BRF:243
BRH:81
end_of_record
TN:
SF:client/config.ts
FN:160,configure
FN:204,(anonymous_1)
FN:230,normalizeEndpoint
FN:238,getAuthorizeEndpoint
FN:248,getTokenEndpoint
FN:258,getCognitoIdpEndpointWithProtocol
FN:272,configureFromAmplify
FN:301,(anonymous_7)
FN:324,isAmplifyConfig
FN:330,(anonymous_9)
FN:333,(anonymous_10)
FN:336,(anonymous_11)
FN:339,(anonymous_12)
FN:347,(anonymous_13)
FN:349,(anonymous_14)
FN:350,(anonymous_15)
FN:353,(anonymous_16)
FN:358,(anonymous_17)
FN:363,(anonymous_18)
FN:367,(anonymous_19)
FN:371,(anonymous_20)
FN:375,(anonymous_21)
FNF:22
FNH:8
FNDA:215,configure
FNDA:0,(anonymous_1)
FNDA:2,normalizeEndpoint
FNDA:0,getAuthorizeEndpoint
FNDA:2,getTokenEndpoint
FNDA:0,getCognitoIdpEndpointWithProtocol
FNDA:0,configureFromAmplify
FNDA:0,(anonymous_7)
FNDA:0,isAmplifyConfig
FNDA:0,(anonymous_9)
FNDA:0,(anonymous_10)
FNDA:0,(anonymous_11)
FNDA:0,(anonymous_12)
FNDA:0,(anonymous_13)
FNDA:0,(anonymous_14)
FNDA:0,(anonymous_15)
FNDA:0,(anonymous_16)
FNDA:8,(anonymous_17)
FNDA:9,(anonymous_18)
FNDA:8,(anonymous_19)
FNDA:9,(anonymous_20)
FNDA:9,(anonymous_21)
DA:16,4
DA:159,4
DA:160,4
DA:161,215
DA:163,9
DA:164,9
DA:165,0
DA:171,9
DA:172,9
DA:176,0
DA:180,9
DA:182,9
DA:205,0
DA:210,9
DA:211,0
DA:217,0
DA:221,9
DA:223,206
DA:224,3
DA:227,212
DA:232,2
DA:235,2
DA:238,4
DA:239,0
DA:240,0
DA:241,0
DA:242,0
DA:248,4
DA:249,2
DA:250,2
DA:251,2
DA:252,2
DA:258,4
DA:259,0
DA:260,0
DA:261,0
DA:272,4
DA:275,0
DA:280,0
DA:281,0
DA:285,0
DA:286,0
DA:290,0
DA:291,0
DA:295,0
DA:300,0
DA:304,0
DA:325,0
DA:331,0
DA:334,0
DA:337,0
DA:340,0
DA:344,4
DA:348,0
DA:349,0
DA:351,0
DA:354,0
DA:359,8
DA:364,9
DA:365,0
DA:368,8
DA:369,0
DA:372,9
DA:373,0
DA:376,9
DA:377,0
LF:66
LH:31
BRDA:161,0,0,9
BRDA:161,0,1,206
BRDA:163,1,0,9
BRDA:163,1,1,0
BRDA:163,2,0,0
BRDA:163,2,1,0
BRDA:163,3,0,0
BRDA:163,3,1,0
BRDA:164,4,0,0
BRDA:172,5,0,0
BRDA:173,6,0,9
BRDA:173,6,1,9
BRDA:180,7,0,1
BRDA:180,7,1,8
BRDA:180,8,0,9
BRDA:180,8,1,9
BRDA:185,9,0,0
BRDA:185,9,1,9
BRDA:185,10,0,9
BRDA:185,10,1,9
BRDA:186,11,0,1
BRDA:186,11,1,8
BRDA:186,12,0,9
BRDA:186,12,1,9
BRDA:188,13,0,0
BRDA:188,13,1,9
BRDA:188,14,0,9
BRDA:188,14,1,9
BRDA:189,15,0,0
BRDA:189,15,1,9
BRDA:189,16,0,9
BRDA:189,16,1,9
BRDA:190,17,0,0
BRDA:190,17,1,9
BRDA:190,18,0,9
BRDA:190,18,1,9
BRDA:195,19,0,0
BRDA:195,19,1,9
BRDA:195,20,0,9
BRDA:195,20,1,9
BRDA:195,21,0,9
BRDA:195,21,1,0
BRDA:195,22,0,9
BRDA:195,22,1,9
BRDA:196,23,0,0
BRDA:196,23,1,9
BRDA:196,24,0,9
BRDA:196,24,1,9
BRDA:196,25,0,9
BRDA:196,25,1,0
BRDA:196,26,0,9
BRDA:196,26,1,9
BRDA:200,27,0,1
BRDA:200,27,1,8
BRDA:202,28,0,8
BRDA:202,28,1,0
BRDA:210,29,0,0
BRDA:213,30,0,0
BRDA:213,30,1,0
BRDA:213,31,0,0
BRDA:213,31,1,0
BRDA:214,32,0,0
BRDA:214,32,1,0
BRDA:214,33,0,0
BRDA:214,33,1,0
BRDA:215,34,0,0
BRDA:215,34,1,0
BRDA:217,35,0,0
BRDA:217,35,1,0
BRDA:217,36,0,0
BRDA:217,36,1,0
BRDA:221,37,0,8
BRDA:221,37,1,1
BRDA:221,38,0,9
BRDA:221,38,1,9
BRDA:223,39,0,3
BRDA:232,40,0,0
BRDA:232,40,1,2
BRDA:240,41,0,0
BRDA:240,41,1,0
BRDA:240,42,0,0
BRDA:240,42,1,0
BRDA:240,43,0,0
BRDA:240,43,1,0
BRDA:240,44,0,0
BRDA:240,44,1,0
BRDA:250,45,0,0
BRDA:250,45,1,2
BRDA:250,46,0,2
BRDA:250,46,1,2
BRDA:250,47,0,2
BRDA:250,47,1,0
BRDA:250,48,0,2
BRDA:250,48,1,2
BRDA:261,49,0,0
BRDA:261,49,1,0
BRDA:275,50,0,0
BRDA:275,50,1,0
BRDA:280,51,0,0
BRDA:285,52,0,0
BRDA:290,53,0,0
BRDA:325,54,0,0
BRDA:325,54,1,0
BRDA:325,54,2,0
BRDA:359,55,0,8
BRDA:359,55,1,0
BRDA:364,56,0,9
BRDA:368,57,0,8
BRDA:372,58,0,9
BRDA:376,59,0,9
BRF:110
BRH:57
end_of_record
TN:
SF:client/device.ts
FN:38,getDeviceName
FN:68,generateDevicePassword
FN:80,calculateDeviceVerifier
FN:142,createDeviceSrpAuthHandler
FN:183,(anonymous_14)
FN:183,(anonymous_15)
FN:191,(anonymous_16)
FN:191,(anonymous_17)
FN:232,handleDeviceConfirmation
FNF:9
FNH:0
FNDA:0,getDeviceName
FNDA:0,generateDevicePassword
FNDA:0,calculateDeviceVerifier
FNDA:0,createDeviceSrpAuthHandler
FNDA:0,(anonymous_14)
FNDA:0,(anonymous_15)
FNDA:0,(anonymous_16)
FNDA:0,(anonymous_17)
FNDA:0,handleDeviceConfirmation
DA:15,3
DA:17,3
DA:18,3
DA:30,3
DA:35,3
DA:39,0
DA:40,0
DA:43,0
DA:46,0
DA:47,0
DA:48,0
DA:49,0
DA:50,0
DA:51,0
DA:52,0
DA:55,0
DA:56,0
DA:57,0
DA:58,0
DA:59,0
DA:61,0
DA:69,0
DA:71,0
DA:72,0
DA:73,0
DA:89,0
DA:92,0
DA:93,0
DA:95,0
DA:96,0
DA:99,0
DA:100,0
DA:106,0
DA:107,0
DA:112,0
DA:115,0
DA:118,0
DA:119,0
DA:122,0
DA:123,0
DA:125,0
DA:142,3
DA:165,0
DA:167,0
DA:168,0
DA:169,0
DA:172,0
DA:175,0
DA:178,0
DA:181,0
DA:183,0
DA:184,0
DA:186,0
DA:187,0
DA:188,0
DA:189,0
DA:191,0
DA:192,0
DA:195,0
DA:196,0
DA:199,0
DA:201,0
DA:202,0
DA:203,0
DA:205,0
DA:206,0
DA:207,0
DA:217,0
DA:218,0
DA:232,3
DA:236,0
DA:238,0
DA:241,0
DA:242,0
DA:245,0
DA:248,0
DA:249,0
DA:250,0
DA:259,0
DA:260,0
DA:265,0
DA:266,0
DA:270,0
DA:271,0
DA:278,0
DA:279,0
DA:280,0
DA:281,0
DA:284,0
DA:285,0
DA:288,0
DA:291,0
DA:292,0
DA:295,0
DA:299,0
DA:300,0
DA:302,0
DA:303,0
DA:304,0
DA:306,0
DA:307,0
DA:314,0
DA:317,0
DA:322,0
DA:325,0
DA:328,0
DA:337,0
DA:344,0
DA:350,0
DA:351,0
DA:355,0
DA:361,0
DA:363,0
DA:367,0
DA:375,0
DA:377,0
DA:380,0
DA:385,0
DA:389,0
DA:390,0
DA:394,0
DA:395,0
LF:122
LH:7
BRDA:39,0,0,0
BRDA:47,1,0,0
BRDA:47,1,1,0
BRDA:48,2,0,0
BRDA:48,2,1,0
BRDA:49,3,0,0
BRDA:49,3,1,0
BRDA:50,4,0,0
BRDA:50,4,1,0
BRDA:51,5,0,0
BRDA:51,5,1,0
BRDA:52,6,0,0
BRDA:56,7,0,0
BRDA:56,7,1,0
BRDA:56,8,0,0
BRDA:56,8,1,0
BRDA:57,9,0,0
BRDA:57,9,1,0
BRDA:58,10,0,0
BRDA:58,10,1,0
BRDA:58,11,0,0
BRDA:58,11,1,0
BRDA:59,12,0,0
BRDA:61,13,0,0
BRDA:61,13,1,0
BRDA:168,14,0,0
BRDA:168,15,0,0
BRDA:168,15,1,0
BRDA:169,16,0,0
BRDA:169,16,1,0
BRDA:169,17,0,0
BRDA:169,17,1,0
BRDA:184,18,0,0
BRDA:184,18,1,0
BRDA:184,19,0,0
BRDA:184,19,1,0
BRDA:187,20,0,0
BRDA:187,20,1,0
BRDA:187,21,0,0
BRDA:187,21,1,0
BRDA:188,22,0,0
BRDA:188,22,1,0
BRDA:188,23,0,0
BRDA:188,23,1,0
BRDA:192,24,0,0
BRDA:192,24,1,0
BRDA:192,25,0,0
BRDA:192,25,1,0
BRDA:195,26,0,0
BRDA:196,27,0,0
BRDA:196,27,1,0
BRDA:196,28,0,0
BRDA:196,28,1,0
BRDA:201,29,0,0
BRDA:202,30,0,0
BRDA:202,30,1,0
BRDA:202,31,0,0
BRDA:202,31,1,0
BRDA:205,32,0,0
BRDA:205,32,1,0
BRDA:205,33,0,0
BRDA:205,33,1,0
BRDA:206,34,0,0
BRDA:206,34,1,0
BRDA:206,35,0,0
BRDA:206,35,1,0
BRDA:217,36,0,0
BRDA:217,36,1,0
BRDA:217,37,0,0
BRDA:217,37,1,0
BRDA:238,38,0,0
BRDA:238,38,1,0
BRDA:238,39,0,0
BRDA:238,39,1,0
BRDA:241,40,0,0
BRDA:241,41,0,0
BRDA:241,41,1,0
BRDA:241,42,0,0
BRDA:241,42,1,0
BRDA:242,43,0,0
BRDA:242,43,1,0
BRDA:242,44,0,0
BRDA:242,44,1,0
BRDA:250,45,0,0
BRDA:250,45,1,0
BRDA:250,46,0,0
BRDA:250,46,1,0
BRDA:259,47,0,0
BRDA:260,48,0,0
BRDA:260,48,1,0
BRDA:260,49,0,0
BRDA:260,49,1,0
BRDA:271,50,0,0
BRDA:271,50,1,0
BRDA:271,51,0,0
BRDA:271,51,1,0
BRDA:278,52,0,0
BRDA:278,53,0,0
BRDA:278,53,1,0
BRDA:279,54,0,0
BRDA:279,54,1,0
BRDA:279,55,0,0
BRDA:279,55,1,0
BRDA:284,56,0,0
BRDA:285,57,0,0
BRDA:285,57,1,0
BRDA:285,58,0,0
BRDA:285,58,1,0
BRDA:291,59,0,0
BRDA:292,60,0,0
BRDA:292,60,1,0
BRDA:292,61,0,0
BRDA:292,61,1,0
BRDA:299,62,0,0
BRDA:299,62,1,0
BRDA:300,63,0,0
BRDA:300,63,1,0
BRDA:300,64,0,0
BRDA:300,64,1,0
BRDA:303,65,0,0
BRDA:303,65,1,0
BRDA:303,66,0,0
BRDA:303,66,1,0
BRDA:306,67,0,0
BRDA:306,67,1,0
BRDA:306,68,0,0
BRDA:306,68,1,0
BRDA:314,69,0,0
BRDA:314,69,1,0
BRDA:314,70,0,0
BRDA:314,70,1,0
BRDA:317,71,0,0
BRDA:317,71,1,0
BRDA:317,72,0,0
BRDA:317,72,1,0
BRDA:322,73,0,0
BRDA:322,73,1,0
BRDA:322,74,0,0
BRDA:322,74,1,0
BRDA:325,75,0,0
BRDA:325,75,1,0
BRDA:325,76,0,0
BRDA:325,76,1,0
BRDA:328,77,0,0
BRDA:328,77,1,0
BRDA:328,78,0,0
BRDA:328,78,1,0
BRDA:344,79,0,0
BRDA:344,79,1,0
BRDA:344,80,0,0
BRDA:344,80,1,0
BRDA:350,81,0,0
BRDA:350,81,1,0
BRDA:351,82,0,0
BRDA:351,82,1,0
BRDA:351,83,0,0
BRDA:351,83,1,0
BRDA:355,84,0,0
BRDA:355,84,1,0
BRDA:355,85,0,0
BRDA:355,85,1,0
BRDA:363,86,0,0
BRDA:363,86,1,0
BRDA:363,87,0,0
BRDA:363,87,1,0
BRDA:377,88,0,0
BRDA:377,88,1,0
BRDA:377,89,0,0
BRDA:377,89,1,0
BRDA:385,90,0,0
BRDA:385,90,1,0
BRDA:385,91,0,0
BRDA:385,91,1,0
BRDA:389,92,0,0
BRDA:389,92,1,0
BRDA:390,93,0,0
BRDA:390,93,1,0
BRDA:390,94,0,0
BRDA:390,94,1,0
BRF:179
BRH:0
end_of_record
TN:
SF:client/lock.ts
FN:21,(anonymous_7)
FN:31,sleep
FN:32,(anonymous_9)
FN:43,generateLockId
FN:56,parseLockData
FN:82,isLockStale
FN:90,withStorageLock
FN:91,(anonymous_14)
FN:109,(anonymous_15)
FN:120,(anonymous_16)
FNF:10
FNH:8
FNDA:1,(anonymous_7)
FNDA:66,sleep
FNDA:66,(anonymous_9)
FNDA:116,generateLockId
FNDA:407,parseLockData
FNDA:64,isLockStale
FNDA:116,withStorageLock
FNDA:116,(anonymous_14)
FNDA:0,(anonymous_15)
FNDA:0,(anonymous_16)
DA:15,4
DA:20,4
DA:22,1
DA:23,1
DA:27,4
DA:28,4
DA:29,4
DA:32,66
DA:44,116
DA:48,116
DA:50,0
DA:57,407
DA:58,292
DA:59,292
DA:60,292
DA:68,292
DA:72,0
DA:73,0
DA:76,0
DA:83,64
DA:84,64
DA:90,4
DA:91,116
DA:96,116
DA:97,116
DA:100,116
DA:101,0
DA:104,116
DA:105,116
DA:107,116
DA:109,116
DA:112,116
DA:113,116
DA:119,116
DA:120,116
DA:121,0
DA:125,0
DA:126,0
DA:129,116
DA:132,116
DA:134,116
DA:135,116
DA:136,116
DA:138,116
DA:140,178
DA:141,0
DA:144,178
DA:145,178
DA:148,178
DA:149,114
DA:150,0
DA:154,114
DA:158,64
DA:159,1
DA:162,1
DA:166,63
DA:167,63
DA:168,56
DA:171,63
DA:174,115
DA:175,115
DA:180,114
DA:181,114
DA:183,114
DA:184,116
DA:185,116
DA:188,116
DA:189,116
DA:191,116
DA:192,113
DA:193,113
DA:198,113
DA:200,3
DA:207,3
DA:208,3
DA:212,0
DA:218,0
DA:219,0
DA:226,113
DA:227,0
DA:232,113
DA:233,113
DA:235,113
DA:236,113
DA:238,113
DA:239,113
DA:241,113
DA:242,112
DA:244,1
DA:251,0
LF:90
LH:75
BRDA:44,0,0,116
BRDA:45,1,0,116
BRDA:45,1,1,116
BRDA:57,2,0,115
BRDA:60,3,0,292
BRDA:61,4,0,292
BRDA:61,4,1,292
BRDA:61,4,2,292
BRDA:61,4,3,292
BRDA:61,4,4,292
BRDA:61,4,5,292
BRDA:72,5,0,0
BRDA:93,6,0,115
BRDA:97,7,0,111
BRDA:97,7,1,5
BRDA:97,8,0,116
BRDA:97,8,1,116
BRDA:100,9,0,0
BRDA:100,10,0,114
BRDA:100,10,1,2
BRDA:100,11,0,116
BRDA:100,11,1,116
BRDA:107,12,0,116
BRDA:107,12,1,116
BRDA:119,13,0,116
BRDA:121,14,0,0
BRDA:122,15,0,0
BRDA:122,15,1,0
BRDA:122,15,2,0
BRDA:125,16,0,0
BRDA:125,16,1,0
BRDA:125,17,0,0
BRDA:125,17,1,0
BRDA:140,18,0,0
BRDA:140,19,0,150
BRDA:140,19,1,28
BRDA:140,20,0,178
BRDA:140,20,1,178
BRDA:148,21,0,114
BRDA:148,22,0,178
BRDA:148,22,1,64
BRDA:149,23,0,0
BRDA:149,24,0,114
BRDA:149,24,1,0
BRDA:150,25,0,0
BRDA:150,25,1,0
BRDA:150,26,0,0
BRDA:150,26,1,0
BRDA:158,27,0,1
BRDA:159,28,0,1
BRDA:159,28,1,0
BRDA:159,29,0,1
BRDA:159,29,1,1
BRDA:167,30,0,56
BRDA:174,31,0,115
BRDA:191,32,0,113
BRDA:191,32,1,3
BRDA:191,33,0,116
BRDA:191,33,1,116
BRDA:193,34,0,108
BRDA:193,34,1,5
BRDA:193,35,0,113
BRDA:193,35,1,113
BRDA:200,36,0,2
BRDA:200,36,1,1
BRDA:200,37,0,3
BRDA:200,37,1,3
BRDA:202,38,0,0
BRDA:202,38,1,1
BRDA:202,39,0,1
BRDA:202,39,1,1
BRDA:207,40,0,3
BRDA:212,41,0,0
BRDA:212,41,1,0
BRDA:212,42,0,0
BRDA:212,42,1,0
BRDA:218,43,0,0
BRDA:226,44,0,0
BRDA:235,45,0,108
BRDA:235,45,1,5
BRDA:235,46,0,113
BRDA:235,46,1,113
BRDA:241,47,0,112
BRDA:241,47,1,1
BRDA:241,48,0,113
BRDA:241,48,1,112
BRDA:244,49,0,0
BRDA:244,49,1,1
BRDA:244,50,0,1
BRDA:244,50,1,1
BRDA:251,51,0,0
BRDA:251,51,1,0
BRDA:251,52,0,0
BRDA:251,52,1,0
BRF:94
BRH:64
end_of_record
TN:
SF:client/model.ts
FNF:0
FNH:0
DA:56,3
DA:66,3
LF:2
LH:2
BRF:0
BRH:0
end_of_record
TN:
SF:client/refresh.ts
FN:40,getRefreshState
FN:56,clearRefreshState
FN:83,shouldAttemptRefresh
FN:95,(anonymous_11)
FN:146,clearRefreshAttemptLock
FN:164,markRefreshCompleted
FN:190,(anonymous_16)
FN:200,isBrowserEnvironment
FN:208,isDocumentVisible
FN:214,handleVisibilityChange
FN:253,(anonymous_21)
FN:257,(anonymous_22)
FN:257,(anonymous_23)
FN:276,logDebug
FN:289,scheduleRefreshUnlocked
FN:289,(anonymous_26)
FN:330,(anonymous_27)
FN:408,(anonymous_28)
FN:408,(anonymous_29)
FN:441,(anonymous_30)
FN:449,(anonymous_31)
FN:464,scheduleRefresh
FN:465,(anonymous_33)
FN:481,(anonymous_34)
FN:481,(anonymous_35)
FN:518,refreshTokensViaOAuth
FN:518,(anonymous_37)
FN:558,(anonymous_38)
FN:603,refreshTokens
FN:603,(anonymous_40)
FN:627,(anonymous_41)
FN:627,(anonymous_42)
FN:745,(anonymous_43)
FN:849,(anonymous_44)
FN:849,(anonymous_45)
FN:881,(anonymous_46)
FN:947,forceRefreshTokens
FN:975,(anonymous_49)
FN:986,(anonymous_50)
FN:995,(anonymous_51)
FN:996,(anonymous_52)
FN:997,(anonymous_53)
FN:997,(anonymous_54)
FN:1009,(anonymous_55)
FN:1009,(anonymous_56)
FN:1032,cleanupRefreshSystem
FNF:46
FNH:22
FNDA:3,getRefreshState
FNDA:0,clearRefreshState
FNDA:2,shouldAttemptRefresh
FNDA:2,(anonymous_11)
FNDA:2,clearRefreshAttemptLock
FNDA:2,markRefreshCompleted
FNDA:0,(anonymous_16)
FNDA:3,isBrowserEnvironment
FNDA:0,isDocumentVisible
FNDA:0,handleVisibilityChange
FNDA:0,(anonymous_21)
FNDA:0,(anonymous_22)
FNDA:0,(anonymous_23)
FNDA:12,logDebug
FNDA:2,scheduleRefreshUnlocked
FNDA:2,(anonymous_26)
FNDA:0,(anonymous_27)
FNDA:0,(anonymous_28)
FNDA:0,(anonymous_29)
FNDA:0,(anonymous_30)
FNDA:0,(anonymous_31)
FNDA:3,scheduleRefresh
FNDA:3,(anonymous_33)
FNDA:1,(anonymous_34)
FNDA:1,(anonymous_35)
FNDA:2,refreshTokensViaOAuth
FNDA:2,(anonymous_37)
FNDA:0,(anonymous_38)
FNDA:2,refreshTokens
FNDA:2,(anonymous_40)
FNDA:2,(anonymous_41)
FNDA:2,(anonymous_42)
FNDA:0,(anonymous_43)
FNDA:2,(anonymous_44)
FNDA:2,(anonymous_45)
FNDA:0,(anonymous_46)
FNDA:0,forceRefreshTokens
FNDA:0,(anonymous_49)
FNDA:0,(anonymous_50)
FNDA:3,(anonymous_51)
FNDA:0,(anonymous_52)
FNDA:0,(anonymous_53)
FNDA:0,(anonymous_54)
FNDA:0,(anonymous_55)
FNDA:0,(anonymous_56)
FNDA:0,cleanupRefreshSystem
DA:15,3
DA:17,3
DA:18,3
DA:19,3
DA:20,3
DA:21,3
DA:23,3
DA:37,3
DA:41,3
DA:44,0
DA:47,3
DA:48,3
DA:49,1
DA:50,1
DA:52,3
DA:57,0
DA:58,0
DA:66,3
DA:67,3
DA:71,3
DA:84,2
DA:85,2
DA:86,2
DA:87,2
DA:89,2
DA:90,2
DA:91,2
DA:94,2
DA:95,2
DA:97,2
DA:100,2
DA:101,2
DA:103,0
DA:106,0
DA:107,0
DA:108,0
DA:109,0
DA:111,0
DA:115,0
DA:116,0
DA:118,0
DA:119,0
DA:122,0
DA:131,2
DA:132,2
DA:134,2
DA:135,2
DA:138,0
DA:139,0
DA:147,2
DA:148,2
DA:149,2
DA:150,2
DA:152,2
DA:153,2
DA:154,2
DA:157,0
DA:165,2
DA:168,2
DA:169,2
DA:170,2
DA:171,2
DA:172,2
DA:174,2
DA:175,2
DA:178,2
DA:180,2
DA:181,2
DA:183,0
DA:184,0
DA:188,0
DA:190,0
DA:196,0
DA:201,3
DA:209,0
DA:210,0
DA:215,0
DA:218,0
DA:220,0
DA:221,0
DA:222,0
DA:225,0
DA:226,0
DA:229,0
DA:234,0
DA:235,0
DA:236,0
DA:240,0
DA:242,0
DA:243,0
DA:244,0
DA:248,0
DA:249,0
DA:253,0
DA:254,0
DA:257,0
DA:259,0
DA:260,0
DA:264,0
DA:265,0
DA:266,0
DA:267,0
DA:277,12
DA:278,12
DA:280,11
DA:281,0
DA:282,0
DA:284,11
DA:289,2
DA:299,2
DA:300,2
DA:302,2
DA:303,1
DA:305,1
DA:308,1
DA:309,1
DA:312,1
DA:313,1
DA:314,1
DA:318,0
DA:319,0
DA:320,0
DA:321,0
DA:324,0
DA:328,0
DA:330,0
DA:331,0
DA:332,0
DA:333,0
DA:334,0
DA:337,0
DA:339,0
DA:340,0
DA:341,0
DA:344,0
DA:345,0
DA:349,0
DA:350,0
DA:359,0
DA:364,0
DA:366,0
DA:372,0
DA:373,0
DA:374,0
DA:377,0
DA:378,0
DA:379,0
DA:383,0
DA:384,0
DA:389,0
DA:392,0
DA:395,0
DA:396,0
DA:402,0
DA:403,0
DA:405,0
DA:406,0
DA:408,0
DA:409,0
DA:410,0
DA:411,0
DA:412,0
DA:414,0
DA:421,0
DA:422,0
DA:424,0
DA:425,0
DA:428,0
DA:429,0
DA:433,0
DA:437,0
DA:441,0
DA:442,0
DA:447,0
DA:450,0
DA:451,0
DA:452,0
DA:453,0
DA:459,0
DA:464,3
DA:465,3
DA:467,3
DA:468,3
DA:469,3
DA:470,3
DA:471,1
DA:472,1
DA:475,2
DA:476,2
DA:478,2
DA:479,2
DA:481,1
DA:482,1
DA:483,1
DA:488,1
DA:489,1
DA:491,1
DA:492,1
DA:496,1
DA:499,0
DA:518,2
DA:531,2
DA:532,2
DA:534,2
DA:536,2
DA:537,2
DA:539,2
DA:545,2
DA:547,2
DA:548,2
DA:555,2
DA:556,0
DA:558,0
DA:559,0
DA:560,0
DA:573,2
DA:581,2
DA:585,2
DA:592,0
DA:596,0
DA:603,3
DA:616,2
DA:617,2
DA:618,2
DA:619,0
DA:620,0
DA:622,2
DA:623,0
DA:625,2
DA:627,2
DA:629,2
DA:631,2
DA:632,0
DA:633,0
DA:637,2
DA:638,0
DA:639,0
DA:642,2
DA:643,2
DA:644,2
DA:646,2
DA:647,0
DA:650,2
DA:651,2
DA:652,2
DA:653,2
DA:654,2
DA:656,2
DA:657,0
DA:660,2
DA:661,2
DA:662,2
DA:663,2
DA:669,0
DA:677,2
DA:678,2
DA:680,2
DA:681,2
DA:684,2
DA:689,2
DA:699,0
DA:700,0
DA:704,0
DA:705,0
DA:707,0
DA:708,0
DA:709,0
DA:714,0
DA:716,0
DA:718,0
DA:722,0
DA:725,0
DA:726,0
DA:727,0
DA:728,0
DA:729,0
DA:731,0
DA:733,0
DA:741,0
DA:745,0
DA:746,0
DA:748,0
DA:750,0
DA:755,0
DA:756,0
DA:761,0
DA:762,0
DA:772,2
DA:773,2
DA:776,2
DA:778,0
DA:783,2
DA:796,2
DA:800,0
DA:801,0
DA:803,0
DA:804,0
DA:808,2
DA:809,2
DA:813,2
DA:816,2
DA:817,0
DA:821,2
DA:824,2
DA:828,0
DA:829,0
DA:830,0
DA:833,2
DA:835,2
DA:836,2
DA:840,2
DA:841,2
DA:842,0
DA:843,0
DA:845,2
DA:846,2
DA:847,2
DA:849,2
DA:850,2
DA:851,2
DA:856,2
DA:857,2
DA:859,0
DA:864,0
DA:872,0
DA:873,0
DA:878,0
DA:879,0
DA:881,0
DA:884,0
DA:887,0
DA:891,0
DA:894,0
DA:899,0
DA:913,0
DA:914,0
DA:917,0
DA:919,0
DA:927,0
DA:932,0
DA:935,0
DA:940,0
DA:947,3
DA:950,0
DA:953,0
DA:954,0
DA:955,0
DA:957,0
DA:958,0
DA:959,0
DA:962,0
DA:967,0
DA:969,0
DA:973,3
DA:975,3
DA:976,0
DA:980,3
DA:986,3
DA:987,0
DA:994,3
DA:995,3
DA:996,3
DA:997,0
DA:998,0
DA:1001,0
DA:1002,0
DA:1003,0
DA:1005,0
DA:1006,0
DA:1007,0
DA:1008,0
DA:1009,0
DA:1010,0
DA:1011,0
DA:1017,0
DA:1018,0
DA:1022,3
DA:1024,3
DA:1032,3
DA:1033,0
DA:1036,0
DA:1037,0
DA:1038,0
DA:1042,0
DA:1043,0
DA:1044,0
DA:1048,0
DA:1051,0
DA:1052,0
DA:1053,0
DA:1054,0
DA:1058,0
DA:1059,0
DA:1060,0
DA:1064,0
DA:1065,0
DA:1068,0
DA:1069,0
LF:398
LH:166
BRDA:41,0,0,0
BRDA:48,1,0,1
BRDA:57,2,0,0
BRDA:57,2,1,0
BRDA:71,3,0,3
BRDA:71,3,1,0
BRDA:71,4,0,3
BRDA:71,4,1,3
BRDA:87,5,0,0
BRDA:87,6,0,0
BRDA:87,6,1,2
BRDA:87,7,0,2
BRDA:87,7,1,2
BRDA:101,8,0,0
BRDA:107,9,0,0
BRDA:107,9,1,0
BRDA:109,10,0,0
BRDA:115,11,0,0
BRDA:115,12,0,0
BRDA:115,12,1,0
BRDA:118,13,0,0
BRDA:150,14,0,0
BRDA:150,15,0,0
BRDA:150,15,1,2
BRDA:150,16,0,2
BRDA:150,16,1,2
BRDA:172,17,0,0
BRDA:172,18,0,0
BRDA:172,18,1,2
BRDA:172,19,0,2
BRDA:172,19,1,2
BRDA:188,20,0,0
BRDA:202,21,0,3
BRDA:202,21,1,3
BRDA:209,22,0,0
BRDA:218,23,0,0
BRDA:221,24,0,0
BRDA:221,24,1,0
BRDA:221,25,0,0
BRDA:221,25,1,0
BRDA:225,26,0,0
BRDA:225,27,0,0
BRDA:225,27,1,0
BRDA:235,28,0,0
BRDA:235,28,1,0
BRDA:240,29,0,0
BRDA:242,30,0,0
BRDA:259,31,0,0
BRDA:265,32,0,0
BRDA:265,33,0,0
BRDA:265,33,1,0
BRDA:278,34,0,1
BRDA:280,35,0,0
BRDA:280,35,1,11
BRDA:281,36,0,0
BRDA:281,36,1,0
BRDA:289,37,0,0
BRDA:300,38,0,0
BRDA:300,39,0,1
BRDA:300,39,1,1
BRDA:300,40,0,2
BRDA:300,40,1,2
BRDA:302,41,0,1
BRDA:302,42,0,1
BRDA:302,42,1,1
BRDA:302,43,0,2
BRDA:302,43,1,2
BRDA:312,44,0,1
BRDA:318,45,0,0
BRDA:318,46,0,0
BRDA:318,46,1,0
BRDA:320,47,0,0
BRDA:331,48,0,0
BRDA:344,49,0,0
BRDA:373,50,0,0
BRDA:373,50,1,0
BRDA:377,51,0,0
BRDA:377,51,1,0
BRDA:377,52,0,0
BRDA:377,52,1,0
BRDA:424,53,0,0
BRDA:447,54,0,0
BRDA:447,54,1,0
BRDA:447,55,0,0
BRDA:447,55,1,0
BRDA:450,56,0,0
BRDA:465,57,0,2
BRDA:469,58,0,1
BRDA:469,58,1,2
BRDA:469,59,0,3
BRDA:469,59,1,3
BRDA:470,60,0,1
BRDA:471,61,0,1
BRDA:471,61,1,0
BRDA:471,62,0,1
BRDA:471,62,1,1
BRDA:476,63,0,1
BRDA:476,63,1,1
BRDA:476,64,0,2
BRDA:476,64,1,2
BRDA:482,65,0,0
BRDA:482,65,1,1
BRDA:482,66,0,1
BRDA:482,66,1,1
BRDA:488,67,0,0
BRDA:488,67,1,1
BRDA:488,68,0,1
BRDA:488,68,1,1
BRDA:491,69,0,1
BRDA:492,70,0,1
BRDA:492,70,1,0
BRDA:492,71,0,1
BRDA:492,71,1,1
BRDA:534,72,0,0
BRDA:534,72,1,2
BRDA:534,73,0,2
BRDA:534,73,1,2
BRDA:537,74,0,0
BRDA:537,74,1,2
BRDA:537,75,0,2
BRDA:537,75,1,2
BRDA:545,76,0,0
BRDA:545,76,1,2
BRDA:545,77,0,2
BRDA:545,77,1,2
BRDA:555,78,0,0
BRDA:559,79,0,0
BRDA:559,79,1,0
BRDA:559,80,0,0
BRDA:559,80,1,0
BRDA:562,81,0,0
BRDA:562,81,1,0
BRDA:562,82,0,0
BRDA:562,82,1,0
BRDA:563,83,0,0
BRDA:563,83,1,0
BRDA:565,84,0,0
BRDA:565,84,1,0
BRDA:581,85,0,0
BRDA:581,85,1,2
BRDA:581,86,0,2
BRDA:581,86,1,2
BRDA:582,87,0,2
BRDA:582,87,1,0
BRDA:582,88,0,2
BRDA:582,88,1,0
BRDA:582,89,0,2
BRDA:582,89,1,0
BRDA:592,90,0,0
BRDA:592,90,1,0
BRDA:592,91,0,0
BRDA:592,91,1,0
BRDA:594,92,0,0
BRDA:594,92,1,0
BRDA:603,93,0,0
BRDA:608,94,0,2
BRDA:617,95,0,0
BRDA:617,95,1,2
BRDA:617,96,0,2
BRDA:617,96,1,2
BRDA:618,97,0,0
BRDA:620,98,0,0
BRDA:620,98,1,0
BRDA:620,99,0,0
BRDA:620,99,1,0
BRDA:622,100,0,0
BRDA:631,101,0,0
BRDA:631,102,0,2
BRDA:631,102,1,0
BRDA:637,103,0,0
BRDA:637,104,0,2
BRDA:637,104,1,2
BRDA:644,105,0,2
BRDA:644,105,1,0
BRDA:644,106,0,2
BRDA:644,106,1,2
BRDA:646,107,0,0
BRDA:650,108,0,0
BRDA:650,108,1,2
BRDA:650,109,0,2
BRDA:650,109,1,2
BRDA:651,110,0,0
BRDA:651,110,1,2
BRDA:651,111,0,2
BRDA:651,111,1,2
BRDA:652,112,0,0
BRDA:652,112,1,2
BRDA:652,113,0,2
BRDA:652,113,1,2
BRDA:653,114,0,0
BRDA:653,114,1,2
BRDA:653,115,0,2
BRDA:653,115,1,2
BRDA:654,116,0,0
BRDA:654,116,1,2
BRDA:654,117,0,2
BRDA:654,117,1,2
BRDA:656,118,0,0
BRDA:656,119,0,2
BRDA:656,119,1,2
BRDA:660,120,0,2
BRDA:662,121,0,2
BRDA:662,121,1,0
BRDA:664,122,0,0
BRDA:664,122,1,2
BRDA:680,123,0,2
BRDA:680,123,1,0
BRDA:681,124,0,0
BRDA:681,124,1,2
BRDA:681,125,0,2
BRDA:681,125,1,2
BRDA:699,126,0,0
BRDA:699,126,1,0
BRDA:700,127,0,0
BRDA:700,127,1,0
BRDA:700,128,0,0
BRDA:700,128,1,0
BRDA:701,129,0,0
BRDA:701,129,1,0
BRDA:718,130,0,0
BRDA:718,130,1,0
BRDA:719,131,0,0
BRDA:719,131,1,0
BRDA:722,132,0,0
BRDA:722,132,1,0
BRDA:722,133,0,0
BRDA:722,133,1,0
BRDA:726,134,0,0
BRDA:726,134,1,0
BRDA:726,135,0,0
BRDA:726,135,1,0
BRDA:727,136,0,0
BRDA:727,136,1,0
BRDA:727,137,0,0
BRDA:727,137,1,0
BRDA:733,138,0,0
BRDA:733,138,1,0
BRDA:734,139,0,0
BRDA:734,139,1,0
BRDA:734,139,2,0
BRDA:734,139,3,0
BRDA:734,139,4,0
BRDA:734,139,5,0
BRDA:741,140,0,0
BRDA:741,140,1,0
BRDA:741,141,0,0
BRDA:741,141,1,0
BRDA:755,142,0,0
BRDA:757,143,0,0
BRDA:757,143,1,0
BRDA:761,144,0,0
BRDA:761,144,1,0
BRDA:761,145,0,0
BRDA:761,145,1,0
BRDA:785,146,0,2
BRDA:785,146,1,2
BRDA:791,147,0,2
BRDA:791,147,1,0
BRDA:791,148,0,2
BRDA:791,148,1,2
BRDA:792,149,0,2
BRDA:792,149,1,0
BRDA:793,150,0,2
BRDA:793,150,1,2
BRDA:797,151,0,2
BRDA:797,151,1,0
BRDA:816,152,0,0
BRDA:836,153,0,2
BRDA:836,153,1,0
BRDA:836,154,0,2
BRDA:836,154,1,2
BRDA:841,155,0,0
BRDA:842,156,0,0
BRDA:842,156,1,0
BRDA:842,157,0,0
BRDA:842,157,1,0
BRDA:845,158,0,0
BRDA:845,158,1,2
BRDA:845,159,0,2
BRDA:845,159,1,2
BRDA:850,160,0,0
BRDA:850,160,1,2
BRDA:850,161,0,2
BRDA:850,161,1,2
BRDA:856,162,0,0
BRDA:856,162,1,2
BRDA:856,163,0,2
BRDA:856,163,1,2
BRDA:859,164,0,0
BRDA:860,165,0,0
BRDA:860,165,1,0
BRDA:860,165,2,0
BRDA:864,166,0,0
BRDA:864,166,1,0
BRDA:864,167,0,0
BRDA:864,167,1,0
BRDA:865,168,0,0
BRDA:865,168,1,0
BRDA:873,169,0,0
BRDA:873,169,1,0
BRDA:873,170,0,0
BRDA:873,170,1,0
BRDA:879,171,0,0
BRDA:879,171,1,0
BRDA:879,172,0,0
BRDA:879,172,1,0
BRDA:887,173,0,0
BRDA:887,173,1,0
BRDA:888,174,0,0
BRDA:888,174,1,0
BRDA:888,175,0,0
BRDA:888,175,1,0
BRDA:888,176,0,0
BRDA:888,176,1,0
BRDA:891,177,0,0
BRDA:891,177,1,0
BRDA:891,178,0,0
BRDA:891,178,1,0
BRDA:894,179,0,0
BRDA:894,179,1,0
BRDA:895,180,0,0
BRDA:895,180,1,0
BRDA:895,180,2,0
BRDA:901,181,0,0
BRDA:901,181,1,0
BRDA:905,182,0,0
BRDA:905,182,1,0
BRDA:908,183,0,0
BRDA:908,183,1,0
BRDA:913,184,0,0
BRDA:919,185,0,0
BRDA:919,185,1,0
BRDA:919,186,0,0
BRDA:919,186,1,0
BRDA:932,187,0,0
BRDA:932,187,1,0
BRDA:932,188,0,0
BRDA:932,188,1,0
BRDA:954,189,0,0
BRDA:954,189,1,0
BRDA:954,190,0,0
BRDA:954,190,1,0
BRDA:957,191,0,0
BRDA:963,192,0,0
BRDA:963,192,1,0
BRDA:963,193,0,0
BRDA:963,193,1,0
BRDA:973,194,0,3
BRDA:1002,195,0,0
BRDA:1002,195,1,0
BRDA:1002,196,0,0
BRDA:1002,196,1,0
BRDA:1005,197,0,0
BRDA:1005,198,0,0
BRDA:1005,198,1,0
BRDA:1006,199,0,0
BRDA:1006,199,1,0
BRDA:1007,200,0,0
BRDA:1010,201,0,0
BRDA:1017,202,0,0
BRDA:1036,203,0,0
BRDA:1042,204,0,0
BRDA:1051,205,0,0
BRDA:1058,206,0,0
BRDA:1068,207,0,0
BRF:365
BRH:121
end_of_record
TN:
SF:client/retry.ts
FN:26,createFetchWithRetry
FN:38,(anonymous_8)
FN:46,(anonymous_9)
FN:48,(anonymous_10)
FN:52,(anonymous_11)
FN:56,(anonymous_12)
FNF:6
FNH:3
FNDA:9,createFetchWithRetry
FNDA:2,(anonymous_8)
FNDA:2,(anonymous_9)
FNDA:0,(anonymous_10)
FNDA:0,(anonymous_11)
FNDA:0,(anonymous_12)
DA:26,4
DA:32,9
DA:38,9
DA:46,2
DA:48,2
DA:49,0
DA:50,0
DA:52,0
DA:53,0
DA:54,0
DA:57,0
DA:58,0
DA:65,2
DA:67,2
DA:68,0
DA:71,2
DA:72,2
DA:73,2
DA:74,2
DA:76,0
DA:78,0
DA:79,0
DA:81,0
DA:82,0
DA:83,0
DA:84,0
DA:85,0
DA:86,0
DA:89,0
DA:96,0
DA:97,0
DA:99,0
DA:102,0
DA:105,0
DA:108,0
DA:109,0
DA:110,0
DA:112,0
DA:115,0
DA:117,0
DA:119,0
DA:123,0
DA:125,0
DA:126,0
DA:128,0
DA:133,0
DA:134,0
DA:135,0
DA:139,0
LF:49
LH:11
BRDA:29,0,0,9
BRDA:30,1,0,9
BRDA:49,2,0,0
BRDA:49,3,0,0
BRDA:49,3,1,0
BRDA:49,4,0,0
BRDA:49,4,1,0
BRDA:49,5,0,0
BRDA:49,5,1,0
BRDA:49,6,0,0
BRDA:49,6,1,0
BRDA:54,7,0,0
BRDA:54,7,1,0
BRDA:54,8,0,0
BRDA:54,8,1,0
BRDA:54,9,0,0
BRDA:54,9,1,0
BRDA:54,10,0,0
BRDA:54,10,1,0
BRDA:67,11,0,0
BRDA:67,12,0,2
BRDA:67,12,1,0
BRDA:67,13,0,2
BRDA:67,13,1,2
BRDA:67,14,0,0
BRDA:67,14,1,2
BRDA:67,15,0,2
BRDA:67,15,1,2
BRDA:73,16,0,2
BRDA:76,17,0,0
BRDA:79,18,0,0
BRDA:85,19,0,0
BRDA:85,20,0,0
BRDA:85,20,1,0
BRDA:89,21,0,0
BRDA:89,21,1,0
BRDA:89,22,0,0
BRDA:89,22,1,0
BRDA:96,23,0,0
BRDA:97,24,0,0
BRDA:109,25,0,0
BRDA:109,26,0,0
BRDA:109,26,1,0
BRDA:109,26,2,0
BRDA:110,27,0,0
BRDA:119,28,0,0
BRDA:120,29,0,0
BRDA:120,29,1,0
BRDA:120,29,2,0
BRDA:120,30,0,0
BRDA:120,30,1,0
BRDA:120,31,0,0
BRDA:120,31,1,0
BRDA:120,32,0,0
BRDA:120,32,1,0
BRDA:120,33,0,0
BRDA:120,33,1,0
BRDA:125,34,0,0
BRDA:128,35,0,0
BRDA:128,35,1,0
BRDA:128,36,0,0
BRDA:128,36,1,0
BRDA:134,37,0,0
BRDA:134,37,1,0
BRDA:134,38,0,0
BRDA:134,38,1,0
BRF:66
BRH:9
end_of_record
TN:
SF:client/srp.ts
FN:30,getConstants
FN:71,modulo
FN:75,modPow
FN:89,padHex
FN:95,generateSmallA
FN:102,calculateLargeAHex
FN:121,calculateSrpSignature
FN:121,(anonymous_16)
FN:191,(anonymous_17)
FN:232,(anonymous_18)
FN:233,(anonymous_19)
FN:235,(anonymous_20)
FN:258,hexToArrayBuffer
FN:262,(anonymous_22)
FN:266,arrayBufferToHex
FN:268,(anonymous_24)
FN:272,arrayBufferToBigInt
FN:276,formatDate
FN:289,(anonymous_27)
FN:289,(anonymous_28)
FN:300,authenticateWithSRP
FN:335,(anonymous_30)
FN:335,(anonymous_31)
FN:464,(anonymous_32)
FN:468,verifyDeviceSrp
FN:468,(anonymous_34)
FNF:26
FNH:0
FNDA:0,getConstants
FNDA:0,modulo
FNDA:0,modPow
FNDA:0,padHex
FNDA:0,generateSmallA
FNDA:0,calculateLargeAHex
FNDA:0,calculateSrpSignature
FNDA:0,(anonymous_16)
FNDA:0,(anonymous_17)
FNDA:0,(anonymous_18)
FNDA:0,(anonymous_19)
FNDA:0,(anonymous_20)
FNDA:0,hexToArrayBuffer
FNDA:0,(anonymous_22)
FNDA:0,arrayBufferToHex
FNDA:0,(anonymous_24)
FNDA:0,arrayBufferToBigInt
FNDA:0,formatDate
FNDA:0,(anonymous_27)
FNDA:0,(anonymous_28)
FNDA:0,authenticateWithSRP
FNDA:0,(anonymous_30)
FNDA:0,(anonymous_31)
FNDA:0,(anonymous_32)
FNDA:0,verifyDeviceSrp
FNDA:0,(anonymous_34)
DA:15,3
DA:17,3
DA:24,3
DA:25,3
DA:26,3
DA:27,3
DA:31,0
DA:32,0
DA:33,0
DA:52,0
DA:53,0
DA:59,0
DA:65,0
DA:72,0
DA:77,0
DA:78,0
DA:79,0
DA:80,0
DA:81,0
DA:83,0
DA:84,0
DA:86,0
DA:90,0
DA:91,0
DA:92,0
DA:96,0
DA:97,0
DA:98,0
DA:99,0
DA:103,0
DA:104,0
DA:121,0
DA:136,0
DA:139,0
DA:140,0
DA:150,0
DA:151,0
DA:152,0
DA:153,0
DA:154,0
DA:155,0
DA:160,0
DA:161,0
DA:162,0
DA:163,0
DA:171,0
DA:177,0
DA:178,0
DA:179,0
DA:180,0
DA:187,0
DA:188,0
DA:190,0
DA:191,0
DA:195,0
DA:206,0
DA:212,0
DA:223,0
DA:229,0
DA:231,0
DA:232,0
DA:233,0
DA:235,0
DA:238,0
DA:240,0
DA:251,0
DA:252,0
DA:259,0
DA:260,0
DA:262,0
DA:263,0
DA:267,0
DA:268,0
DA:273,0
DA:277,0
DA:289,0
DA:290,0
DA:300,3
DA:330,0
DA:331,0
DA:332,0
DA:334,0
DA:335,0
DA:336,0
DA:337,0
DA:339,0
DA:340,0
DA:341,0
DA:343,0
DA:353,0
DA:354,0
DA:360,0
DA:363,0
DA:370,0
DA:373,0
DA:377,0
DA:391,0
DA:394,0
DA:403,0
DA:404,0
DA:405,0
DA:408,0
DA:415,0
DA:419,0
DA:432,0
DA:436,0
DA:442,0
DA:451,0
DA:452,0
DA:455,0
DA:456,0
DA:458,0
DA:459,0
DA:462,0
DA:464,0
DA:468,0
DA:487,0
DA:500,0
DA:509,3
DA:510,3
DA:511,3
DA:512,3
DA:513,3
DA:514,3
DA:515,3
DA:516,3
DA:517,3
DA:518,3
DA:519,3
LF:129
LH:18
BRDA:31,0,0,0
BRDA:80,1,0,0
BRDA:90,2,0,0
BRDA:90,2,1,0
BRDA:91,3,0,0
BRDA:91,3,1,0
BRDA:150,4,0,0
BRDA:150,4,1,0
BRDA:259,5,0,0
BRDA:289,6,0,0
BRDA:289,6,1,0
BRDA:289,7,0,0
BRDA:289,7,1,0
BRDA:331,8,0,0
BRDA:337,9,0,0
BRDA:337,9,1,0
BRDA:337,10,0,0
BRDA:337,10,1,0
BRDA:341,11,0,0
BRDA:341,11,1,0
BRDA:341,12,0,0
BRDA:341,12,1,0
BRDA:353,13,0,0
BRDA:353,13,1,0
BRDA:353,14,0,0
BRDA:353,14,1,0
BRDA:363,15,0,0
BRDA:363,15,1,0
BRDA:363,16,0,0
BRDA:363,16,1,0
BRDA:370,17,0,0
BRDA:370,17,1,0
BRDA:370,18,0,0
BRDA:370,18,1,0
BRDA:373,19,0,0
BRDA:373,19,1,0
BRDA:391,20,0,0
BRDA:391,20,1,0
BRDA:391,21,0,0
BRDA:391,21,1,0
BRDA:403,22,0,0
BRDA:404,23,0,0
BRDA:404,23,1,0
BRDA:404,24,0,0
BRDA:404,24,1,0
BRDA:415,25,0,0
BRDA:415,25,1,0
BRDA:415,26,0,0
BRDA:415,26,1,0
BRDA:432,27,0,0
BRDA:433,28,0,0
BRDA:433,28,1,0
BRDA:436,29,0,0
BRDA:436,29,1,0
BRDA:436,30,0,0
BRDA:436,30,1,0
BRDA:451,31,0,0
BRDA:455,32,0,0
BRDA:455,32,1,0
BRDA:455,33,0,0
BRDA:455,33,1,0
BRDA:458,34,0,0
BRDA:458,34,1,0
BRDA:458,35,0,0
BRDA:458,35,1,0
BRF:65
BRH:0
end_of_record
TN:
SF:client/storage.ts
FN:59,storeAuthMethod
FN:74,retrieveAuthMethod
FN:94,storeTokens
FN:221,retrieveTokens
FN:281,buildDeviceStorageKey
FN:288,setRememberedDevice
FN:301,getRememberedDevice
FN:323,clearRememberedDevice
FN:334,storeDeviceKey
FN:359,retrieveDeviceKey
FNF:10
FNH:7
FNDA:2,storeAuthMethod
FNDA:10,retrieveAuthMethod
FNDA:2,storeTokens
FNDA:14,retrieveTokens
FNDA:10,buildDeviceStorageKey
FNDA:0,setRememberedDevice
FNDA:10,getRememberedDevice
FNDA:0,clearRememberedDevice
FNDA:0,storeDeviceKey
FNDA:10,retrieveDeviceKey
DA:15,3
DA:16,3
DA:59,3
DA:63,2
DA:64,2
DA:65,2
DA:66,2
DA:67,2
DA:74,3
DA:77,10
DA:78,10
DA:79,10
DA:80,10
DA:82,10
DA:88,6
DA:91,4
DA:94,3
DA:95,2
DA:96,2
DA:99,2
DA:105,2
DA:106,0
DA:109,0
DA:113,0
DA:114,0
DA:115,0
DA:118,0
DA:119,0
DA:124,2
DA:128,2
DA:131,2
DA:133,2
DA:136,2
DA:137,2
DA:143,2
DA:151,2
DA:152,2
DA:155,2
DA:164,2
DA:165,2
DA:168,2
DA:172,2
DA:173,0
DA:180,2
DA:181,2
DA:182,2
DA:183,2
DA:186,0
DA:189,2
DA:192,2
DA:193,2
DA:196,2
DA:206,2
DA:214,2
DA:216,2
DA:221,3
DA:222,14
DA:223,14
DA:224,14
DA:225,14
DA:226,4
DA:228,10
DA:236,10
DA:238,10
DA:239,10
DA:240,10
DA:241,10
DA:242,10
DA:245,0
DA:250,10
DA:251,0
DA:254,0
DA:258,10
DA:261,10
DA:263,10
DA:282,10
DA:288,3
DA:292,0
DA:293,0
DA:294,0
DA:295,0
DA:301,3
DA:304,10
DA:305,10
DA:306,10
DA:307,10
DA:308,0
DA:309,0
DA:312,0
DA:313,0
DA:317,10
DA:323,3
DA:324,0
DA:325,0
DA:326,0
DA:327,0
DA:334,3
DA:335,0
DA:336,0
DA:337,0
DA:340,0
DA:342,0
DA:344,0
DA:348,0
DA:359,3
DA:362,10
DA:363,10
DA:364,10
LF:108
LH:77
BRDA:63,0,0,0
BRDA:66,1,0,0
BRDA:66,1,1,2
BRDA:66,2,0,2
BRDA:66,2,1,2
BRDA:77,3,0,0
BRDA:82,4,0,6
BRDA:83,5,0,10
BRDA:83,5,1,10
BRDA:83,5,2,10
BRDA:83,5,3,10
BRDA:96,6,0,0
BRDA:96,6,1,2
BRDA:96,7,0,2
BRDA:96,7,1,2
BRDA:105,8,0,0
BRDA:113,9,0,0
BRDA:113,10,0,0
BRDA:113,10,1,0
BRDA:118,11,0,0
BRDA:136,12,0,2
BRDA:151,13,0,2
BRDA:152,14,0,0
BRDA:152,14,1,2
BRDA:152,15,0,2
BRDA:152,15,1,2
BRDA:164,16,0,2
BRDA:165,17,0,0
BRDA:165,17,1,2
BRDA:165,18,0,2
BRDA:165,18,1,2
BRDA:172,19,0,0
BRDA:180,20,0,2
BRDA:180,20,1,0
BRDA:192,21,0,2
BRDA:216,22,0,0
BRDA:216,22,1,2
BRDA:216,23,0,2
BRDA:216,23,1,2
BRDA:217,24,0,2
BRDA:217,24,1,0
BRDA:225,25,0,4
BRDA:238,26,0,10
BRDA:241,27,0,10
BRDA:241,28,0,10
BRDA:241,28,1,10
BRDA:245,29,0,0
BRDA:245,29,1,0
BRDA:245,30,0,0
BRDA:245,30,1,0
BRDA:250,31,0,0
BRDA:250,32,0,10
BRDA:250,32,1,10
BRDA:251,33,0,0
BRDA:251,33,1,0
BRDA:251,34,0,0
BRDA:251,34,1,0
BRDA:264,35,0,8
BRDA:264,35,1,2
BRDA:264,36,0,10
BRDA:264,36,1,8
BRDA:265,37,0,10
BRDA:265,37,1,0
BRDA:265,38,0,10
BRDA:265,38,1,10
BRDA:266,39,0,9
BRDA:266,39,1,1
BRDA:266,40,0,10
BRDA:266,40,1,9
BRDA:294,41,0,0
BRDA:294,41,1,0
BRDA:294,42,0,0
BRDA:294,42,1,0
BRDA:307,43,0,0
BRDA:326,44,0,0
BRDA:326,44,1,0
BRDA:326,45,0,0
BRDA:326,45,1,0
BRDA:335,46,0,0
BRDA:335,47,0,0
BRDA:335,47,1,0
BRDA:337,48,0,0
BRDA:337,48,1,0
BRDA:337,49,0,0
BRDA:337,49,1,0
BRDA:342,50,0,0
BRDA:342,51,0,0
BRDA:342,51,1,0
BRDA:342,52,0,0
BRDA:342,52,1,0
BRDA:350,53,0,0
BRDA:350,53,1,0
BRDA:350,54,0,0
BRDA:350,54,1,0
BRDA:350,55,0,0
BRDA:350,55,1,0
BRDA:351,56,0,0
BRDA:351,56,1,0
BRDA:351,57,0,0
BRDA:351,57,1,0
BRDA:351,58,0,0
BRDA:351,58,1,0
BRDA:352,59,0,0
BRDA:352,59,1,0
BRDA:352,60,0,0
BRDA:352,60,1,0
BRDA:352,61,0,0
BRDA:352,61,1,0
BRDA:362,62,0,0
BRDA:364,63,0,10
BRDA:364,63,1,0
BRDA:364,64,0,10
BRDA:364,64,1,10
BRF:113
BRH:47
end_of_record
TN:
SF:client/util.ts
FN:21,throwIfNot2xx
FN:45,parseJwtPayload
FN:64,setTimeoutWallClock
FN:69,(anonymous_11)
FN:80,(anonymous_12)
FN:92,(anonymous_13)
FN:99,(anonymous_14)
FN:103,(anonymous_15)
FN:119,currentBrowserLocationWithoutFragmentIdentifier
FN:126,removeFragmentIdentifierFromBrowserLocation
FN:131,timeAgo
FN:145,(anonymous_19)
FN:162,(anonymous_20)
FN:166,(anonymous_21)
FN:169,(anonymous_22)
FN:176,(anonymous_23)
FN:199,(anonymous_24)
FN:203,(anonymous_25)
FN:206,(anonymous_26)
FN:230,chunks
FNF:20
FNH:8
FNDA:0,throwIfNot2xx
FNDA:16,parseJwtPayload
FNDA:3,setTimeoutWallClock
FNDA:0,(anonymous_11)
FNDA:0,(anonymous_12)
FNDA:0,(anonymous_13)
FNDA:0,(anonymous_14)
FNDA:0,(anonymous_15)
FNDA:0,currentBrowserLocationWithoutFragmentIdentifier
FNDA:0,removeFragmentIdentifierFromBrowserLocation
FNDA:0,timeAgo
FNDA:0,(anonymous_19)
FNDA:6,(anonymous_20)
FNDA:384,(anonymous_21)
FNDA:16,(anonymous_22)
FNDA:452,(anonymous_23)
FNDA:6,(anonymous_24)
FNDA:384,(anonymous_25)
FNDA:0,(anonymous_26)
FNDA:0,chunks
DA:19,3
DA:21,3
DA:22,0
DA:23,0
DA:26,0
DA:27,0
DA:28,0
DA:29,0
DA:30,0
DA:31,0
DA:36,0
DA:37,0
DA:40,0
DA:41,0
DA:42,0
DA:45,3
DA:48,16
DA:49,16
DA:50,16
DA:51,0
DA:53,16
DA:64,3
DA:65,3
DA:68,3
DA:69,0
DA:70,0
DA:71,0
DA:72,0
DA:78,0
DA:80,0
DA:86,3
DA:90,3
DA:92,3
DA:93,0
DA:94,0
DA:95,0
DA:99,3
DA:100,0
DA:103,0
DA:104,0
DA:105,0
DA:106,0
DA:107,0
DA:111,0
DA:114,3
DA:116,3
DA:119,3
DA:120,0
DA:121,0
DA:122,0
DA:123,0
DA:126,3
DA:127,0
DA:128,0
DA:131,3
DA:132,0
DA:133,0
DA:141,0
DA:145,0
DA:146,0
DA:148,0
DA:149,0
DA:162,3
DA:163,6
DA:166,384
DA:169,6
DA:170,16
DA:175,16
DA:177,452
DA:178,452
DA:179,452
DA:180,452
DA:181,452
DA:182,452
DA:183,452
DA:184,452
DA:191,3
DA:195,3
DA:199,3
DA:200,6
DA:203,384
DA:206,6
DA:207,0
DA:208,0
DA:209,0
DA:210,0
DA:211,0
DA:216,0
DA:218,0
DA:222,3
DA:226,3
DA:231,0
DA:232,0
LF:93
LH:41
BRDA:22,0,0,0
BRDA:28,1,0,0
BRDA:30,2,0,0
BRDA:36,3,0,0
BRDA:50,4,0,0
BRDA:68,5,0,0
BRDA:70,6,0,0
BRDA:78,7,0,0
BRDA:94,8,0,0
BRDA:95,9,0,0
BRDA:100,10,0,0
BRDA:104,11,0,0
BRDA:105,12,0,0
BRDA:111,13,0,0
BRDA:114,14,0,0
BRDA:132,15,0,0
BRDA:145,16,0,0
BRDA:145,16,1,0
BRDA:145,17,0,0
BRDA:145,17,1,0
BRDA:149,18,0,0
BRDA:149,18,1,0
BRDA:149,19,0,0
BRDA:149,19,1,0
BRDA:162,20,0,3
BRDA:170,21,0,0
BRDA:170,21,1,16
BRDA:199,22,0,3
BRDA:212,23,0,0
BRDA:212,23,1,0
BRDA:216,24,0,0
BRDA:216,24,1,0
BRF:32
BRH:3
end_of_record
